[0.698s] Invoking command in '/home/shashank/ROS2_Projects/Rigbetellabs/build/tortoisebot_gazebo': CMAKE_PREFIX_PATH=${CMAKE_PREFIX_PATH}:/home/shashank/ROS2_Projects/Rigbetellabs/install/tortoisebot_control:/home/shashank/ROS2_Projects/Rigbetellabs/install/scan_merger:/home/shashank/ROS2_Projects/Rigbetellabs/install/cartographer_multi_robot:/opt/ros/humble /usr/bin/cmake /home/shashank/ROS2_Projects/Rigbetellabs/src/tortoisebot/tortoisebot_gazebo -DAMENT_CMAKE_SYMLINK_INSTALL=1 -DCMAKE_INSTALL_PREFIX=/home/shashank/ROS2_Projects/Rigbetellabs/install/tortoisebot_gazebo
[0.773s] -- The C compiler identification is GNU 11.4.0
[0.866s] -- The CXX compiler identification is GNU 11.4.0
[0.874s] -- Detecting C compiler ABI info
[0.974s] -- Detecting C compiler ABI info - done
[0.987s] -- Check for working C compiler: /usr/bin/cc - skipped
[0.987s] -- Detecting C compile features
[0.987s] -- Detecting C compile features - done
[0.991s] -- Detecting CXX compiler ABI info
[1.123s] -- Detecting CXX compiler ABI info - done
[1.135s] -- Check for working CXX compiler: /usr/bin/c++ - skipped
[1.136s] -- Detecting CXX compile features
[1.137s] -- Detecting CXX compile features - done
[1.142s] -- Found ament_cmake: 1.3.11 (/opt/ros/humble/share/ament_cmake/cmake)
[1.417s] -- Found Python3: /usr/bin/python3 (found version "3.10.12") found components: Interpreter 
[1.524s] -- Override CMake install command with custom implementation using symlinks instead of copying resources
[1.574s] -- Found ament_lint_auto: 0.12.12 (/opt/ros/humble/share/ament_lint_auto/cmake)
[1.716s] -- Added test 'copyright' to check source files copyright and LICENSE
[1.719s] -- Added test 'flake8' to check Python code syntax and style conventions
[1.722s] -- Added test 'lint_cmake' to check CMake code style
[1.722s] -- Added test 'pep257' to check Python code against some of the docstring style conventions in PEP 257
[1.725s] -- Added test 'xmllint' to check XML markup files
[1.728s] -- Configuring done
[1.735s] -- Generating done
[1.738s] -- Build files have been written to: /home/shashank/ROS2_Projects/Rigbetellabs/build/tortoisebot_gazebo
[1.762s] Invoked command in '/home/shashank/ROS2_Projects/Rigbetellabs/build/tortoisebot_gazebo' returned '0': CMAKE_PREFIX_PATH=${CMAKE_PREFIX_PATH}:/home/shashank/ROS2_Projects/Rigbetellabs/install/tortoisebot_control:/home/shashank/ROS2_Projects/Rigbetellabs/install/scan_merger:/home/shashank/ROS2_Projects/Rigbetellabs/install/cartographer_multi_robot:/opt/ros/humble /usr/bin/cmake /home/shashank/ROS2_Projects/Rigbetellabs/src/tortoisebot/tortoisebot_gazebo -DAMENT_CMAKE_SYMLINK_INSTALL=1 -DCMAKE_INSTALL_PREFIX=/home/shashank/ROS2_Projects/Rigbetellabs/install/tortoisebot_gazebo
[1.763s] Invoking command in '/home/shashank/ROS2_Projects/Rigbetellabs/build/tortoisebot_gazebo': CMAKE_PREFIX_PATH=${CMAKE_PREFIX_PATH}:/home/shashank/ROS2_Projects/Rigbetellabs/install/tortoisebot_control:/home/shashank/ROS2_Projects/Rigbetellabs/install/scan_merger:/home/shashank/ROS2_Projects/Rigbetellabs/install/cartographer_multi_robot:/opt/ros/humble /usr/bin/cmake --build /home/shashank/ROS2_Projects/Rigbetellabs/build/tortoisebot_gazebo -- -j16 -l16
[1.916s] Invoked command in '/home/shashank/ROS2_Projects/Rigbetellabs/build/tortoisebot_gazebo' returned '0': CMAKE_PREFIX_PATH=${CMAKE_PREFIX_PATH}:/home/shashank/ROS2_Projects/Rigbetellabs/install/tortoisebot_control:/home/shashank/ROS2_Projects/Rigbetellabs/install/scan_merger:/home/shashank/ROS2_Projects/Rigbetellabs/install/cartographer_multi_robot:/opt/ros/humble /usr/bin/cmake --build /home/shashank/ROS2_Projects/Rigbetellabs/build/tortoisebot_gazebo -- -j16 -l16
[1.917s] Invoking command in '/home/shashank/ROS2_Projects/Rigbetellabs/build/tortoisebot_gazebo': CMAKE_PREFIX_PATH=${CMAKE_PREFIX_PATH}:/home/shashank/ROS2_Projects/Rigbetellabs/install/tortoisebot_control:/home/shashank/ROS2_Projects/Rigbetellabs/install/scan_merger:/home/shashank/ROS2_Projects/Rigbetellabs/install/cartographer_multi_robot:/opt/ros/humble /usr/bin/cmake --install /home/shashank/ROS2_Projects/Rigbetellabs/build/tortoisebot_gazebo
[2.400s] -- Install configuration: ""
[2.400s] -- Execute custom install script
[2.400s] -- Symlinking: /home/shashank/ROS2_Projects/Rigbetellabs/install/tortoisebot_gazebo/share/tortoisebot_gazebo/gazebo/tortoisebot_materials.gazebo
[2.400s] -- Symlinking: /home/shashank/ROS2_Projects/Rigbetellabs/install/tortoisebot_gazebo/share/tortoisebot_gazebo/gazebo/tortoisebot_physics.gazebo
[2.400s] -- Symlinking: /home/shashank/ROS2_Projects/Rigbetellabs/install/tortoisebot_gazebo/share/tortoisebot_gazebo/gazebo/tortoisebot_plugins.gazebo
[2.400s] -- Symlinking: /home/shashank/ROS2_Projects/Rigbetellabs/install/tortoisebot_gazebo/share/tortoisebot_gazebo/launch/gazebo.launch.py
[2.400s] -- Symlinking: /home/shashank/ROS2_Projects/Rigbetellabs/install/tortoisebot_gazebo/share/tortoisebot_gazebo/worlds/room2.sdf
[2.401s] -- Symlinking: /home/shashank/ROS2_Projects/Rigbetellabs/install/tortoisebot_gazebo/share/ament_index/resource_index/package_run_dependencies/tortoisebot_gazebo
[2.401s] -- Symlinking: /home/shashank/ROS2_Projects/Rigbetellabs/install/tortoisebot_gazebo/share/ament_index/resource_index/parent_prefix_path/tortoisebot_gazebo
[2.401s] -- Symlinking: /home/shashank/ROS2_Projects/Rigbetellabs/install/tortoisebot_gazebo/share/tortoisebot_gazebo/environment/ament_prefix_path.sh
[2.401s] -- Symlinking: /home/shashank/ROS2_Projects/Rigbetellabs/install/tortoisebot_gazebo/share/tortoisebot_gazebo/environment/ament_prefix_path.dsv
[2.401s] -- Symlinking: /home/shashank/ROS2_Projects/Rigbetellabs/install/tortoisebot_gazebo/share/tortoisebot_gazebo/environment/path.sh
[2.401s] -- Symlinking: /home/shashank/ROS2_Projects/Rigbetellabs/install/tortoisebot_gazebo/share/tortoisebot_gazebo/environment/path.dsv
[2.401s] -- Symlinking: /home/shashank/ROS2_Projects/Rigbetellabs/install/tortoisebot_gazebo/share/tortoisebot_gazebo/local_setup.bash
[2.401s] -- Symlinking: /home/shashank/ROS2_Projects/Rigbetellabs/install/tortoisebot_gazebo/share/tortoisebot_gazebo/local_setup.sh
[2.401s] -- Symlinking: /home/shashank/ROS2_Projects/Rigbetellabs/install/tortoisebot_gazebo/share/tortoisebot_gazebo/local_setup.zsh
[2.401s] -- Symlinking: /home/shashank/ROS2_Projects/Rigbetellabs/install/tortoisebot_gazebo/share/tortoisebot_gazebo/local_setup.dsv
[2.423s] -- Symlinking: /home/shashank/ROS2_Projects/Rigbetellabs/install/tortoisebot_gazebo/share/tortoisebot_gazebo/package.dsv
[2.437s] -- Symlinking: /home/shashank/ROS2_Projects/Rigbetellabs/install/tortoisebot_gazebo/share/ament_index/resource_index/packages/tortoisebot_gazebo
[2.469s] -- Symlinking: /home/shashank/ROS2_Projects/Rigbetellabs/install/tortoisebot_gazebo/share/tortoisebot_gazebo/cmake/tortoisebot_gazeboConfig.cmake
[2.501s] -- Symlinking: /home/shashank/ROS2_Projects/Rigbetellabs/install/tortoisebot_gazebo/share/tortoisebot_gazebo/cmake/tortoisebot_gazeboConfig-version.cmake
[2.528s] -- Symlinking: /home/shashank/ROS2_Projects/Rigbetellabs/install/tortoisebot_gazebo/share/tortoisebot_gazebo/package.xml
[2.581s] Invoked command in '/home/shashank/ROS2_Projects/Rigbetellabs/build/tortoisebot_gazebo' returned '0': CMAKE_PREFIX_PATH=${CMAKE_PREFIX_PATH}:/home/shashank/ROS2_Projects/Rigbetellabs/install/tortoisebot_control:/home/shashank/ROS2_Projects/Rigbetellabs/install/scan_merger:/home/shashank/ROS2_Projects/Rigbetellabs/install/cartographer_multi_robot:/opt/ros/humble /usr/bin/cmake --install /home/shashank/ROS2_Projects/Rigbetellabs/build/tortoisebot_gazebo
