[0.651s] Invoking command in '/home/shashank/ROS2_Projects/Tortoisebot_Warehouse_SLAM/build/v4l2_camera': CMAKE_PREFIX_PATH=${CMAKE_PREFIX_PATH}:/home/shashank/ROS2_Projects/Tortoisebot_Warehouse_SLAM/install/tortoisebot_control:/home/shashank/ROS2_Projects/Tortoisebot_Warehouse_SLAM/install/scan_merger:/home/shashank/ROS2_Projects/Tortoisebot_Warehouse_SLAM/install/cartographer_multi_robot:/opt/ros/humble /usr/bin/cmake /home/shashank/ROS2_Projects/Tortoisebot_Warehouse_SLAM/src/tortoisebot/v4l2_camera -DAMENT_CMAKE_SYMLINK_INSTALL=1 -DCMAKE_INSTALL_PREFIX=/home/shashank/ROS2_Projects/Tortoisebot_Warehouse_SLAM/install/v4l2_camera
[0.727s] -- The C compiler identification is GNU 11.4.0
[0.813s] -- The CXX compiler identification is GNU 11.4.0
[0.822s] -- Detecting C compiler ABI info
[0.915s] -- Detecting C compiler ABI info - done
[0.922s] -- Check for working C compiler: /usr/bin/cc - skipped
[0.922s] -- Detecting C compile features
[0.922s] -- Detecting C compile features - done
[0.925s] -- Detecting CXX compiler ABI info
[1.043s] -- Detecting CXX compiler ABI info - done
[1.055s] -- Check for working CXX compiler: /usr/bin/c++ - skipped
[1.056s] -- Detecting CXX compile features
[1.056s] -- Detecting CXX compile features - done
[1.061s] -- Found ament_cmake: 1.3.11 (/opt/ros/humble/share/ament_cmake/cmake)
[1.312s] -- Found Python3: /usr/bin/python3 (found version "3.10.12") found components: Interpreter 
[1.418s] -- Override CMake install command with custom implementation using symlinks instead of copying resources
[1.466s] -- Found ament_cmake_ros: 0.10.0 (/opt/ros/humble/share/ament_cmake_ros/cmake)
[1.481s] -- Found rclcpp: 16.0.12 (/opt/ros/humble/share/rclcpp/cmake)
[1.547s] -- Found rosidl_generator_c: 3.1.6 (/opt/ros/humble/share/rosidl_generator_c/cmake)
[1.553s] -- Found rosidl_adapter: 3.1.6 (/opt/ros/humble/share/rosidl_adapter/cmake)
[1.564s] -- Found rosidl_generator_cpp: 3.1.6 (/opt/ros/humble/share/rosidl_generator_cpp/cmake)
[1.578s] -- Using all available rosidl_typesupport_c: rosidl_typesupport_fastrtps_c;rosidl_typesupport_introspection_c
[1.600s] -- Using all available rosidl_typesupport_cpp: rosidl_typesupport_fastrtps_cpp;rosidl_typesupport_introspection_cpp
[1.686s] -- Found rmw_implementation_cmake: 6.1.2 (/opt/ros/humble/share/rmw_implementation_cmake/cmake)
[1.691s] -- Found rmw_fastrtps_cpp: 6.2.7 (/opt/ros/humble/share/rmw_fastrtps_cpp/cmake)
[2.037s] -- Found OpenSSL: /usr/lib/x86_64-linux-gnu/libcrypto.so (found version "3.0.2")  
[2.158s] -- Found FastRTPS: /opt/ros/humble/include  
[2.314s] -- Using RMW implementation 'rmw_fastrtps_cpp' as default
[2.358s] -- Looking for pthread.h
[2.544s] -- Looking for pthread.h - found
[2.544s] -- Performing Test CMAKE_HAVE_LIBC_PTHREAD
[2.675s] -- Performing Test CMAKE_HAVE_LIBC_PTHREAD - Success
[2.677s] -- Found Threads: TRUE  
[2.770s] -- Found rclcpp_components: 16.0.12 (/opt/ros/humble/share/rclcpp_components/cmake)
[2.812s] -- Found camera_info_manager: 3.1.11 (/opt/ros/humble/share/camera_info_manager/cmake)
[2.867s] -- Found cv_bridge: 3.2.1 (/opt/ros/humble/share/cv_bridge/cmake)
[2.882s] -- Found image_transport: 3.1.11 (/opt/ros/humble/share/image_transport/cmake)
[2.924s] -- Found ament_lint_auto: 0.12.12 (/opt/ros/humble/share/ament_lint_auto/cmake)
[3.027s] -- Added test 'cppcheck' to perform static code analysis on C / C++ code
[3.027s] -- Configured cppcheck include dirs: $<BUILD_INTERFACE:/home/shashank/ROS2_Projects/Tortoisebot_Warehouse_SLAM/src/tortoisebot/v4l2_camera/include>
[3.027s] -- Configured cppcheck exclude dirs and/or files: 
[3.029s] -- Added test 'cpplint' to check C / C++ code against the Google style
[3.029s] -- Configured cpplint exclude dirs and/or files: 
[3.030s] -- Added test 'lint_cmake' to check CMake code style
[3.032s] -- Added test 'uncrustify' to check C / C++ code style
[3.032s] -- Configured uncrustify additional arguments: 
[3.033s] -- Added test 'xmllint' to check XML markup files
[3.037s] -- Configuring done
[3.061s] -- Generating done
[3.072s] -- Build files have been written to: /home/shashank/ROS2_Projects/Tortoisebot_Warehouse_SLAM/build/v4l2_camera
[3.090s] Invoked command in '/home/shashank/ROS2_Projects/Tortoisebot_Warehouse_SLAM/build/v4l2_camera' returned '0': CMAKE_PREFIX_PATH=${CMAKE_PREFIX_PATH}:/home/shashank/ROS2_Projects/Tortoisebot_Warehouse_SLAM/install/tortoisebot_control:/home/shashank/ROS2_Projects/Tortoisebot_Warehouse_SLAM/install/scan_merger:/home/shashank/ROS2_Projects/Tortoisebot_Warehouse_SLAM/install/cartographer_multi_robot:/opt/ros/humble /usr/bin/cmake /home/shashank/ROS2_Projects/Tortoisebot_Warehouse_SLAM/src/tortoisebot/v4l2_camera -DAMENT_CMAKE_SYMLINK_INSTALL=1 -DCMAKE_INSTALL_PREFIX=/home/shashank/ROS2_Projects/Tortoisebot_Warehouse_SLAM/install/v4l2_camera
[3.093s] Invoking command in '/home/shashank/ROS2_Projects/Tortoisebot_Warehouse_SLAM/build/v4l2_camera': CMAKE_PREFIX_PATH=${CMAKE_PREFIX_PATH}:/home/shashank/ROS2_Projects/Tortoisebot_Warehouse_SLAM/install/tortoisebot_control:/home/shashank/ROS2_Projects/Tortoisebot_Warehouse_SLAM/install/scan_merger:/home/shashank/ROS2_Projects/Tortoisebot_Warehouse_SLAM/install/cartographer_multi_robot:/opt/ros/humble /usr/bin/cmake --build /home/shashank/ROS2_Projects/Tortoisebot_Warehouse_SLAM/build/v4l2_camera -- -j16 -l16
[3.152s] [ 12%] [32mBuilding CXX object CMakeFiles/v4l2_camera.dir/src/v4l2_camera.cpp.o[0m
[3.152s] [ 25%] [32mBuilding CXX object CMakeFiles/v4l2_camera.dir/src/parameters.cpp.o[0m
[3.153s] [ 37%] [32mBuilding CXX object CMakeFiles/v4l2_camera.dir/src/v4l2_camera_device.cpp.o[0m
[11.253s] [ 50%] [32m[1mLinking CXX shared library libv4l2_camera.so[0m
[11.667s] [ 50%] Built target v4l2_camera
[11.684s] [ 62%] [32mBuilding CXX object CMakeFiles/v4l2_camera_compose_test.dir/src/v4l2_camera_compose_test.cpp.o[0m
[11.684s] [ 75%] [32mBuilding CXX object CMakeFiles/v4l2_camera_node.dir/src/v4l2_camera_node.cpp.o[0m
[14.331s] [ 87%] [32m[1mLinking CXX executable v4l2_camera_node[0m
[14.706s] [ 87%] Built target v4l2_camera_node
[18.326s] [100%] [32m[1mLinking CXX executable v4l2_camera_compose_test[0m
[18.847s] [100%] Built target v4l2_camera_compose_test
[18.860s] Invoked command in '/home/shashank/ROS2_Projects/Tortoisebot_Warehouse_SLAM/build/v4l2_camera' returned '0': CMAKE_PREFIX_PATH=${CMAKE_PREFIX_PATH}:/home/shashank/ROS2_Projects/Tortoisebot_Warehouse_SLAM/install/tortoisebot_control:/home/shashank/ROS2_Projects/Tortoisebot_Warehouse_SLAM/install/scan_merger:/home/shashank/ROS2_Projects/Tortoisebot_Warehouse_SLAM/install/cartographer_multi_robot:/opt/ros/humble /usr/bin/cmake --build /home/shashank/ROS2_Projects/Tortoisebot_Warehouse_SLAM/build/v4l2_camera -- -j16 -l16
[18.862s] Invoking command in '/home/shashank/ROS2_Projects/Tortoisebot_Warehouse_SLAM/build/v4l2_camera': CMAKE_PREFIX_PATH=${CMAKE_PREFIX_PATH}:/home/shashank/ROS2_Projects/Tortoisebot_Warehouse_SLAM/install/tortoisebot_control:/home/shashank/ROS2_Projects/Tortoisebot_Warehouse_SLAM/install/scan_merger:/home/shashank/ROS2_Projects/Tortoisebot_Warehouse_SLAM/install/cartographer_multi_robot:/opt/ros/humble /usr/bin/cmake --install /home/shashank/ROS2_Projects/Tortoisebot_Warehouse_SLAM/build/v4l2_camera
[18.868s] -- Install configuration: ""
[18.868s] -- Execute custom install script
[18.869s] -- Symlinking: /home/shashank/ROS2_Projects/Tortoisebot_Warehouse_SLAM/install/v4l2_camera/include/v4l2_camera/control.hpp
[18.877s] -- Symlinking: /home/shashank/ROS2_Projects/Tortoisebot_Warehouse_SLAM/install/v4l2_camera/include/v4l2_camera/fourcc.hpp
[18.885s] -- Symlinking: /home/shashank/ROS2_Projects/Tortoisebot_Warehouse_SLAM/install/v4l2_camera/include/v4l2_camera/image_format.hpp
[18.892s] -- Symlinking: /home/shashank/ROS2_Projects/Tortoisebot_Warehouse_SLAM/install/v4l2_camera/include/v4l2_camera/parameters.hpp
[18.900s] -- Symlinking: /home/shashank/ROS2_Projects/Tortoisebot_Warehouse_SLAM/install/v4l2_camera/include/v4l2_camera/pixel_format.hpp
[18.908s] -- Symlinking: /home/shashank/ROS2_Projects/Tortoisebot_Warehouse_SLAM/install/v4l2_camera/include/v4l2_camera/v4l2_camera.hpp
[18.916s] -- Symlinking: /home/shashank/ROS2_Projects/Tortoisebot_Warehouse_SLAM/install/v4l2_camera/include/v4l2_camera/v4l2_camera_device.hpp
[18.924s] -- Symlinking: /home/shashank/ROS2_Projects/Tortoisebot_Warehouse_SLAM/install/v4l2_camera/include/v4l2_camera/visibility_control.h
[18.931s] -- Symlinking: /home/shashank/ROS2_Projects/Tortoisebot_Warehouse_SLAM/install/v4l2_camera/share/v4l2_camera/environment/library_path.sh
[18.940s] -- Symlinking: /home/shashank/ROS2_Projects/Tortoisebot_Warehouse_SLAM/install/v4l2_camera/share/v4l2_camera/environment/library_path.dsv
[18.949s] -- Symlinking: /home/shashank/ROS2_Projects/Tortoisebot_Warehouse_SLAM/install/v4l2_camera/share/ament_index/resource_index/package_run_dependencies/v4l2_camera
[18.957s] -- Symlinking: /home/shashank/ROS2_Projects/Tortoisebot_Warehouse_SLAM/install/v4l2_camera/share/ament_index/resource_index/parent_prefix_path/v4l2_camera
[18.965s] -- Symlinking: /home/shashank/ROS2_Projects/Tortoisebot_Warehouse_SLAM/install/v4l2_camera/share/v4l2_camera/environment/ament_prefix_path.sh
[18.972s] -- Symlinking: /home/shashank/ROS2_Projects/Tortoisebot_Warehouse_SLAM/install/v4l2_camera/share/v4l2_camera/environment/ament_prefix_path.dsv
[18.979s] -- Symlinking: /home/shashank/ROS2_Projects/Tortoisebot_Warehouse_SLAM/install/v4l2_camera/share/v4l2_camera/environment/path.sh
[18.987s] -- Symlinking: /home/shashank/ROS2_Projects/Tortoisebot_Warehouse_SLAM/install/v4l2_camera/share/v4l2_camera/environment/path.dsv
[18.995s] -- Symlinking: /home/shashank/ROS2_Projects/Tortoisebot_Warehouse_SLAM/install/v4l2_camera/share/v4l2_camera/local_setup.bash
[19.003s] -- Symlinking: /home/shashank/ROS2_Projects/Tortoisebot_Warehouse_SLAM/install/v4l2_camera/share/v4l2_camera/local_setup.sh
[19.010s] -- Symlinking: /home/shashank/ROS2_Projects/Tortoisebot_Warehouse_SLAM/install/v4l2_camera/share/v4l2_camera/local_setup.zsh
[19.018s] -- Symlinking: /home/shashank/ROS2_Projects/Tortoisebot_Warehouse_SLAM/install/v4l2_camera/share/v4l2_camera/local_setup.dsv
[19.025s] -- Symlinking: /home/shashank/ROS2_Projects/Tortoisebot_Warehouse_SLAM/install/v4l2_camera/share/v4l2_camera/package.dsv
[19.032s] -- Symlinking: /home/shashank/ROS2_Projects/Tortoisebot_Warehouse_SLAM/install/v4l2_camera/share/ament_index/resource_index/packages/v4l2_camera
[19.040s] -- Symlinking: /home/shashank/ROS2_Projects/Tortoisebot_Warehouse_SLAM/install/v4l2_camera/share/ament_index/resource_index/rclcpp_components/v4l2_camera
[19.047s] -- Symlinking: /home/shashank/ROS2_Projects/Tortoisebot_Warehouse_SLAM/install/v4l2_camera/share/v4l2_camera/cmake/ament_cmake_export_include_directories-extras.cmake
[19.055s] -- Symlinking: /home/shashank/ROS2_Projects/Tortoisebot_Warehouse_SLAM/install/v4l2_camera/share/v4l2_camera/cmake/ament_cmake_export_targets-extras.cmake
[19.062s] -- Symlinking: /home/shashank/ROS2_Projects/Tortoisebot_Warehouse_SLAM/install/v4l2_camera/share/v4l2_camera/cmake/ament_cmake_export_libraries-extras.cmake
[19.069s] -- Symlinking: /home/shashank/ROS2_Projects/Tortoisebot_Warehouse_SLAM/install/v4l2_camera/share/v4l2_camera/cmake/ament_cmake_export_dependencies-extras.cmake
[19.077s] -- Symlinking: /home/shashank/ROS2_Projects/Tortoisebot_Warehouse_SLAM/install/v4l2_camera/share/v4l2_camera/cmake/v4l2_cameraConfig.cmake
[19.084s] -- Symlinking: /home/shashank/ROS2_Projects/Tortoisebot_Warehouse_SLAM/install/v4l2_camera/share/v4l2_camera/cmake/v4l2_cameraConfig-version.cmake
[19.091s] -- Symlinking: /home/shashank/ROS2_Projects/Tortoisebot_Warehouse_SLAM/install/v4l2_camera/share/v4l2_camera/package.xml
[19.099s] -- Installing: /home/shashank/ROS2_Projects/Tortoisebot_Warehouse_SLAM/install/v4l2_camera/lib/libv4l2_camera.so
[19.106s] -- Set runtime path of "/home/shashank/ROS2_Projects/Tortoisebot_Warehouse_SLAM/install/v4l2_camera/lib/libv4l2_camera.so" to ""
[19.106s] -- Installing: /home/shashank/ROS2_Projects/Tortoisebot_Warehouse_SLAM/install/v4l2_camera/lib/v4l2_camera/v4l2_camera_node
[19.107s] -- Set runtime path of "/home/shashank/ROS2_Projects/Tortoisebot_Warehouse_SLAM/install/v4l2_camera/lib/v4l2_camera/v4l2_camera_node" to ""
[19.107s] -- Installing: /home/shashank/ROS2_Projects/Tortoisebot_Warehouse_SLAM/install/v4l2_camera/lib/v4l2_camera/v4l2_camera_compose_test
[19.111s] -- Set runtime path of "/home/shashank/ROS2_Projects/Tortoisebot_Warehouse_SLAM/install/v4l2_camera/lib/v4l2_camera/v4l2_camera_compose_test" to ""
[19.111s] -- Installing: /home/shashank/ROS2_Projects/Tortoisebot_Warehouse_SLAM/install/v4l2_camera/share/v4l2_camera/cmake/export_v4l2_cameraExport.cmake
[19.111s] -- Installing: /home/shashank/ROS2_Projects/Tortoisebot_Warehouse_SLAM/install/v4l2_camera/share/v4l2_camera/cmake/export_v4l2_cameraExport-noconfig.cmake
[19.113s] Invoked command in '/home/shashank/ROS2_Projects/Tortoisebot_Warehouse_SLAM/build/v4l2_camera' returned '0': CMAKE_PREFIX_PATH=${CMAKE_PREFIX_PATH}:/home/shashank/ROS2_Projects/Tortoisebot_Warehouse_SLAM/install/tortoisebot_control:/home/shashank/ROS2_Projects/Tortoisebot_Warehouse_SLAM/install/scan_merger:/home/shashank/ROS2_Projects/Tortoisebot_Warehouse_SLAM/install/cartographer_multi_robot:/opt/ros/humble /usr/bin/cmake --install /home/shashank/ROS2_Projects/Tortoisebot_Warehouse_SLAM/build/v4l2_camera
