[0.658s] Invoking command in '/home/shashank/ROS2_Projects/Tortoisebot_Warehouse_SLAM/build/tortoisebot_description': CMAKE_PREFIX_PATH=${CMAKE_PREFIX_PATH}:/home/shashank/ROS2_Projects/Tortoisebot_Warehouse_SLAM/install/tortoisebot_control:/home/shashank/ROS2_Projects/Tortoisebot_Warehouse_SLAM/install/scan_merger:/home/shashank/ROS2_Projects/Tortoisebot_Warehouse_SLAM/install/cartographer_multi_robot:/opt/ros/humble /usr/bin/cmake /home/shashank/ROS2_Projects/Tortoisebot_Warehouse_SLAM/src/tortoisebot/tortoisebot_description -DAMENT_CMAKE_SYMLINK_INSTALL=1 -DCMAKE_INSTALL_PREFIX=/home/shashank/ROS2_Projects/Tortoisebot_Warehouse_SLAM/install/tortoisebot_description
[0.720s] -- The C compiler identification is GNU 11.4.0
[0.804s] -- The CXX compiler identification is GNU 11.4.0
[0.814s] -- Detecting C compiler ABI info
[0.920s] -- Detecting C compiler ABI info - done
[0.931s] -- Check for working C compiler: /usr/bin/cc - skipped
[0.931s] -- Detecting C compile features
[0.931s] -- Detecting C compile features - done
[0.935s] -- Detecting CXX compiler ABI info
[1.047s] -- Detecting CXX compiler ABI info - done
[1.054s] -- Check for working CXX compiler: /usr/bin/c++ - skipped
[1.055s] -- Detecting CXX compile features
[1.055s] -- Detecting CXX compile features - done
[1.059s] -- Found ament_cmake: 1.3.11 (/opt/ros/humble/share/ament_cmake/cmake)
[1.297s] -- Found Python3: /usr/bin/python3 (found version "3.10.12") found components: Interpreter 
[1.407s] -- Override CMake install command with custom implementation using symlinks instead of copying resources
[1.458s] -- Found ament_lint_auto: 0.12.12 (/opt/ros/humble/share/ament_lint_auto/cmake)
[1.580s] -- Added test 'flake8' to check Python code syntax and style conventions
[1.581s] -- Added test 'lint_cmake' to check CMake code style
[1.582s] -- Added test 'pep257' to check Python code against some of the docstring style conventions in PEP 257
[1.587s] -- Added test 'xmllint' to check XML markup files
[1.587s] -- Configuring done
[1.590s] -- Generating done
[1.592s] -- Build files have been written to: /home/shashank/ROS2_Projects/Tortoisebot_Warehouse_SLAM/build/tortoisebot_description
[1.611s] Invoked command in '/home/shashank/ROS2_Projects/Tortoisebot_Warehouse_SLAM/build/tortoisebot_description' returned '0': CMAKE_PREFIX_PATH=${CMAKE_PREFIX_PATH}:/home/shashank/ROS2_Projects/Tortoisebot_Warehouse_SLAM/install/tortoisebot_control:/home/shashank/ROS2_Projects/Tortoisebot_Warehouse_SLAM/install/scan_merger:/home/shashank/ROS2_Projects/Tortoisebot_Warehouse_SLAM/install/cartographer_multi_robot:/opt/ros/humble /usr/bin/cmake /home/shashank/ROS2_Projects/Tortoisebot_Warehouse_SLAM/src/tortoisebot/tortoisebot_description -DAMENT_CMAKE_SYMLINK_INSTALL=1 -DCMAKE_INSTALL_PREFIX=/home/shashank/ROS2_Projects/Tortoisebot_Warehouse_SLAM/install/tortoisebot_description
[1.615s] Invoking command in '/home/shashank/ROS2_Projects/Tortoisebot_Warehouse_SLAM/build/tortoisebot_description': CMAKE_PREFIX_PATH=${CMAKE_PREFIX_PATH}:/home/shashank/ROS2_Projects/Tortoisebot_Warehouse_SLAM/install/tortoisebot_control:/home/shashank/ROS2_Projects/Tortoisebot_Warehouse_SLAM/install/scan_merger:/home/shashank/ROS2_Projects/Tortoisebot_Warehouse_SLAM/install/cartographer_multi_robot:/opt/ros/humble /usr/bin/cmake --build /home/shashank/ROS2_Projects/Tortoisebot_Warehouse_SLAM/build/tortoisebot_description -- -j16 -l16
[1.674s] Invoked command in '/home/shashank/ROS2_Projects/Tortoisebot_Warehouse_SLAM/build/tortoisebot_description' returned '0': CMAKE_PREFIX_PATH=${CMAKE_PREFIX_PATH}:/home/shashank/ROS2_Projects/Tortoisebot_Warehouse_SLAM/install/tortoisebot_control:/home/shashank/ROS2_Projects/Tortoisebot_Warehouse_SLAM/install/scan_merger:/home/shashank/ROS2_Projects/Tortoisebot_Warehouse_SLAM/install/cartographer_multi_robot:/opt/ros/humble /usr/bin/cmake --build /home/shashank/ROS2_Projects/Tortoisebot_Warehouse_SLAM/build/tortoisebot_description -- -j16 -l16
[1.675s] Invoking command in '/home/shashank/ROS2_Projects/Tortoisebot_Warehouse_SLAM/build/tortoisebot_description': CMAKE_PREFIX_PATH=${CMAKE_PREFIX_PATH}:/home/shashank/ROS2_Projects/Tortoisebot_Warehouse_SLAM/install/tortoisebot_control:/home/shashank/ROS2_Projects/Tortoisebot_Warehouse_SLAM/install/scan_merger:/home/shashank/ROS2_Projects/Tortoisebot_Warehouse_SLAM/install/cartographer_multi_robot:/opt/ros/humble /usr/bin/cmake --install /home/shashank/ROS2_Projects/Tortoisebot_Warehouse_SLAM/build/tortoisebot_description
[2.042s] -- Install configuration: ""
[2.042s] -- Execute custom install script
[2.042s] -- Symlinking: /home/shashank/ROS2_Projects/Tortoisebot_Warehouse_SLAM/install/tortoisebot_description/share/tortoisebot_description/launch/display.launch.py
[2.042s] -- Symlinking: /home/shashank/ROS2_Projects/Tortoisebot_Warehouse_SLAM/install/tortoisebot_description/share/tortoisebot_description/launch/state_publisher.launch.py
[2.042s] -- Symlinking: /home/shashank/ROS2_Projects/Tortoisebot_Warehouse_SLAM/install/tortoisebot_description/share/tortoisebot_description/models/.DS_Store
[2.042s] -- Symlinking: /home/shashank/ROS2_Projects/Tortoisebot_Warehouse_SLAM/install/tortoisebot_description/share/tortoisebot_description/models/meshes/base_link.dae
[2.043s] -- Symlinking: /home/shashank/ROS2_Projects/Tortoisebot_Warehouse_SLAM/install/tortoisebot_description/share/tortoisebot_description/models/meshes/camera_holder.dae
[2.043s] -- Symlinking: /home/shashank/ROS2_Projects/Tortoisebot_Warehouse_SLAM/install/tortoisebot_description/share/tortoisebot_description/models/meshes/camera_link.dae
[2.043s] -- Symlinking: /home/shashank/ROS2_Projects/Tortoisebot_Warehouse_SLAM/install/tortoisebot_description/share/tortoisebot_description/models/meshes/castor_wheel.dae
[2.043s] -- Symlinking: /home/shashank/ROS2_Projects/Tortoisebot_Warehouse_SLAM/install/tortoisebot_description/share/tortoisebot_description/models/meshes/lidar.dae
[2.043s] -- Symlinking: /home/shashank/ROS2_Projects/Tortoisebot_Warehouse_SLAM/install/tortoisebot_description/share/tortoisebot_description/models/meshes/wheel_left.dae
[2.043s] -- Symlinking: /home/shashank/ROS2_Projects/Tortoisebot_Warehouse_SLAM/install/tortoisebot_description/share/tortoisebot_description/models/meshes/wheel_right.dae
[2.043s] -- Symlinking: /home/shashank/ROS2_Projects/Tortoisebot_Warehouse_SLAM/install/tortoisebot_description/share/tortoisebot_description/models/urdf/tortoisebot_simple.gazebo
[2.043s] -- Symlinking: /home/shashank/ROS2_Projects/Tortoisebot_Warehouse_SLAM/install/tortoisebot_description/share/tortoisebot_description/models/urdf/tortoisebot_simple.xacro
[2.043s] -- Symlinking: /home/shashank/ROS2_Projects/Tortoisebot_Warehouse_SLAM/install/tortoisebot_description/share/tortoisebot_description/rviz/tortoisebot_sensor_display.rviz
[2.067s] -- Symlinking: /home/shashank/ROS2_Projects/Tortoisebot_Warehouse_SLAM/install/tortoisebot_description/share/tortoisebot_description/worlds/big_env.sdf
[2.090s] -- Symlinking: /home/shashank/ROS2_Projects/Tortoisebot_Warehouse_SLAM/install/tortoisebot_description/share/ament_index/resource_index/package_run_dependencies/tortoisebot_description
[2.117s] -- Symlinking: /home/shashank/ROS2_Projects/Tortoisebot_Warehouse_SLAM/install/tortoisebot_description/share/ament_index/resource_index/parent_prefix_path/tortoisebot_description
[2.149s] -- Symlinking: /home/shashank/ROS2_Projects/Tortoisebot_Warehouse_SLAM/install/tortoisebot_description/share/tortoisebot_description/environment/ament_prefix_path.sh
[2.192s] -- Symlinking: /home/shashank/ROS2_Projects/Tortoisebot_Warehouse_SLAM/install/tortoisebot_description/share/tortoisebot_description/environment/ament_prefix_path.dsv
[2.219s] -- Symlinking: /home/shashank/ROS2_Projects/Tortoisebot_Warehouse_SLAM/install/tortoisebot_description/share/tortoisebot_description/environment/path.sh
[2.248s] -- Symlinking: /home/shashank/ROS2_Projects/Tortoisebot_Warehouse_SLAM/install/tortoisebot_description/share/tortoisebot_description/environment/path.dsv
[2.282s] -- Symlinking: /home/shashank/ROS2_Projects/Tortoisebot_Warehouse_SLAM/install/tortoisebot_description/share/tortoisebot_description/local_setup.bash
[2.314s] -- Symlinking: /home/shashank/ROS2_Projects/Tortoisebot_Warehouse_SLAM/install/tortoisebot_description/share/tortoisebot_description/local_setup.sh
[2.336s] -- Symlinking: /home/shashank/ROS2_Projects/Tortoisebot_Warehouse_SLAM/install/tortoisebot_description/share/tortoisebot_description/local_setup.zsh
[2.369s] -- Symlinking: /home/shashank/ROS2_Projects/Tortoisebot_Warehouse_SLAM/install/tortoisebot_description/share/tortoisebot_description/local_setup.dsv
[2.395s] -- Symlinking: /home/shashank/ROS2_Projects/Tortoisebot_Warehouse_SLAM/install/tortoisebot_description/share/tortoisebot_description/package.dsv
[2.397s] -- Symlinking: /home/shashank/ROS2_Projects/Tortoisebot_Warehouse_SLAM/install/tortoisebot_description/share/ament_index/resource_index/packages/tortoisebot_description
[2.431s] -- Symlinking: /home/shashank/ROS2_Projects/Tortoisebot_Warehouse_SLAM/install/tortoisebot_description/share/tortoisebot_description/cmake/tortoisebot_descriptionConfig.cmake
[2.460s] -- Symlinking: /home/shashank/ROS2_Projects/Tortoisebot_Warehouse_SLAM/install/tortoisebot_description/share/tortoisebot_description/cmake/tortoisebot_descriptionConfig-version.cmake
[2.495s] -- Symlinking: /home/shashank/ROS2_Projects/Tortoisebot_Warehouse_SLAM/install/tortoisebot_description/share/tortoisebot_description/package.xml
[2.518s] Invoked command in '/home/shashank/ROS2_Projects/Tortoisebot_Warehouse_SLAM/build/tortoisebot_description' returned '0': CMAKE_PREFIX_PATH=${CMAKE_PREFIX_PATH}:/home/shashank/ROS2_Projects/Tortoisebot_Warehouse_SLAM/install/tortoisebot_control:/home/shashank/ROS2_Projects/Tortoisebot_Warehouse_SLAM/install/scan_merger:/home/shashank/ROS2_Projects/Tortoisebot_Warehouse_SLAM/install/cartographer_multi_robot:/opt/ros/humble /usr/bin/cmake --install /home/shashank/ROS2_Projects/Tortoisebot_Warehouse_SLAM/build/tortoisebot_description
