[0.696s] Invoking command in '/home/shashank/ROS2_Projects/Rigbetellabs/build/tortoisebot_navigation': CMAKE_PREFIX_PATH=${CMAKE_PREFIX_PATH}:/home/shashank/ROS2_Projects/Rigbetellabs/install/tortoisebot_control:/home/shashank/ROS2_Projects/Rigbetellabs/install/scan_merger:/home/shashank/ROS2_Projects/Rigbetellabs/install/cartographer_multi_robot:/opt/ros/humble /usr/bin/cmake /home/shashank/ROS2_Projects/Rigbetellabs/src/tortoisebot/tortoisebot_navigation -DAMENT_CMAKE_SYMLINK_INSTALL=1 -DCMAKE_INSTALL_PREFIX=/home/shashank/ROS2_Projects/Rigbetellabs/install/tortoisebot_navigation
[0.774s] -- The C compiler identification is GNU 11.4.0
[0.865s] -- The CXX compiler identification is GNU 11.4.0
[0.878s] -- Detecting C compiler ABI info
[0.990s] -- Detecting C compiler ABI info - done
[1.001s] -- Check for working C compiler: /usr/bin/cc - skipped
[1.002s] -- Detecting C compile features
[1.002s] -- Detecting C compile features - done
[1.009s] -- Detecting CXX compiler ABI info
[1.145s] -- Detecting CXX compiler ABI info - done
[1.156s] -- Check for working CXX compiler: /usr/bin/c++ - skipped
[1.157s] -- Detecting CXX compile features
[1.157s] -- Detecting CXX compile features - done
[1.163s] -- Found ament_cmake: 1.3.11 (/opt/ros/humble/share/ament_cmake/cmake)
[1.414s] -- Found Python3: /usr/bin/python3 (found version "3.10.12") found components: Interpreter 
[1.527s] -- Override CMake install command with custom implementation using symlinks instead of copying resources
[1.570s] -- Found ament_lint_auto: 0.12.12 (/opt/ros/humble/share/ament_lint_auto/cmake)
[1.672s] -- Added test 'copyright' to check source files copyright and LICENSE
[1.679s] -- Added test 'flake8' to check Python code syntax and style conventions
[1.679s] -- Added test 'lint_cmake' to check CMake code style
[1.680s] -- Added test 'pep257' to check Python code against some of the docstring style conventions in PEP 257
[1.680s] -- Added test 'xmllint' to check XML markup files
[1.683s] -- Configuring done
[1.687s] -- Generating done
[1.690s] -- Build files have been written to: /home/shashank/ROS2_Projects/Rigbetellabs/build/tortoisebot_navigation
[1.698s] Invoked command in '/home/shashank/ROS2_Projects/Rigbetellabs/build/tortoisebot_navigation' returned '0': CMAKE_PREFIX_PATH=${CMAKE_PREFIX_PATH}:/home/shashank/ROS2_Projects/Rigbetellabs/install/tortoisebot_control:/home/shashank/ROS2_Projects/Rigbetellabs/install/scan_merger:/home/shashank/ROS2_Projects/Rigbetellabs/install/cartographer_multi_robot:/opt/ros/humble /usr/bin/cmake /home/shashank/ROS2_Projects/Rigbetellabs/src/tortoisebot/tortoisebot_navigation -DAMENT_CMAKE_SYMLINK_INSTALL=1 -DCMAKE_INSTALL_PREFIX=/home/shashank/ROS2_Projects/Rigbetellabs/install/tortoisebot_navigation
[1.700s] Invoking command in '/home/shashank/ROS2_Projects/Rigbetellabs/build/tortoisebot_navigation': CMAKE_PREFIX_PATH=${CMAKE_PREFIX_PATH}:/home/shashank/ROS2_Projects/Rigbetellabs/install/tortoisebot_control:/home/shashank/ROS2_Projects/Rigbetellabs/install/scan_merger:/home/shashank/ROS2_Projects/Rigbetellabs/install/cartographer_multi_robot:/opt/ros/humble /usr/bin/cmake --build /home/shashank/ROS2_Projects/Rigbetellabs/build/tortoisebot_navigation -- -j16 -l16
[1.817s] Invoked command in '/home/shashank/ROS2_Projects/Rigbetellabs/build/tortoisebot_navigation' returned '0': CMAKE_PREFIX_PATH=${CMAKE_PREFIX_PATH}:/home/shashank/ROS2_Projects/Rigbetellabs/install/tortoisebot_control:/home/shashank/ROS2_Projects/Rigbetellabs/install/scan_merger:/home/shashank/ROS2_Projects/Rigbetellabs/install/cartographer_multi_robot:/opt/ros/humble /usr/bin/cmake --build /home/shashank/ROS2_Projects/Rigbetellabs/build/tortoisebot_navigation -- -j16 -l16
[1.818s] Invoking command in '/home/shashank/ROS2_Projects/Rigbetellabs/build/tortoisebot_navigation': CMAKE_PREFIX_PATH=${CMAKE_PREFIX_PATH}:/home/shashank/ROS2_Projects/Rigbetellabs/install/tortoisebot_control:/home/shashank/ROS2_Projects/Rigbetellabs/install/scan_merger:/home/shashank/ROS2_Projects/Rigbetellabs/install/cartographer_multi_robot:/opt/ros/humble /usr/bin/cmake --install /home/shashank/ROS2_Projects/Rigbetellabs/build/tortoisebot_navigation
[2.300s] -- Install configuration: ""
[2.300s] -- Execute custom install script
[2.300s] -- Symlinking: /home/shashank/ROS2_Projects/Rigbetellabs/install/tortoisebot_navigation/share/tortoisebot_navigation/launch/navigation.launch.py
[2.300s] -- Symlinking: /home/shashank/ROS2_Projects/Rigbetellabs/install/tortoisebot_navigation/share/tortoisebot_navigation/launch/navigation_bot1.launch.py
[2.300s] -- Symlinking: /home/shashank/ROS2_Projects/Rigbetellabs/install/tortoisebot_navigation/share/tortoisebot_navigation/launch/navigation_bot2.launch.py
[2.300s] -- Symlinking: /home/shashank/ROS2_Projects/Rigbetellabs/install/tortoisebot_navigation/share/tortoisebot_navigation/config/nav2_params_robot.yaml
[2.300s] -- Symlinking: /home/shashank/ROS2_Projects/Rigbetellabs/install/tortoisebot_navigation/share/tortoisebot_navigation/config/nav2_params_robot_bot1.yaml
[2.301s] -- Symlinking: /home/shashank/ROS2_Projects/Rigbetellabs/install/tortoisebot_navigation/share/tortoisebot_navigation/config/nav2_params_robot_bot2.yaml
[2.301s] -- Symlinking: /home/shashank/ROS2_Projects/Rigbetellabs/install/tortoisebot_navigation/share/tortoisebot_navigation/config/nav2_params_simulation.yaml
[2.301s] -- Symlinking: /home/shashank/ROS2_Projects/Rigbetellabs/install/tortoisebot_navigation/share/ament_index/resource_index/package_run_dependencies/tortoisebot_navigation
[2.301s] -- Symlinking: /home/shashank/ROS2_Projects/Rigbetellabs/install/tortoisebot_navigation/share/ament_index/resource_index/parent_prefix_path/tortoisebot_navigation
[2.301s] -- Symlinking: /home/shashank/ROS2_Projects/Rigbetellabs/install/tortoisebot_navigation/share/tortoisebot_navigation/environment/ament_prefix_path.sh
[2.301s] -- Symlinking: /home/shashank/ROS2_Projects/Rigbetellabs/install/tortoisebot_navigation/share/tortoisebot_navigation/environment/ament_prefix_path.dsv
[2.301s] -- Symlinking: /home/shashank/ROS2_Projects/Rigbetellabs/install/tortoisebot_navigation/share/tortoisebot_navigation/environment/path.sh
[2.314s] -- Symlinking: /home/shashank/ROS2_Projects/Rigbetellabs/install/tortoisebot_navigation/share/tortoisebot_navigation/environment/path.dsv
[2.366s] -- Symlinking: /home/shashank/ROS2_Projects/Rigbetellabs/install/tortoisebot_navigation/share/tortoisebot_navigation/local_setup.bash
[2.396s] -- Symlinking: /home/shashank/ROS2_Projects/Rigbetellabs/install/tortoisebot_navigation/share/tortoisebot_navigation/local_setup.sh
[2.417s] -- Symlinking: /home/shashank/ROS2_Projects/Rigbetellabs/install/tortoisebot_navigation/share/tortoisebot_navigation/local_setup.zsh
[2.448s] -- Symlinking: /home/shashank/ROS2_Projects/Rigbetellabs/install/tortoisebot_navigation/share/tortoisebot_navigation/local_setup.dsv
[2.496s] -- Symlinking: /home/shashank/ROS2_Projects/Rigbetellabs/install/tortoisebot_navigation/share/tortoisebot_navigation/package.dsv
[2.541s] -- Symlinking: /home/shashank/ROS2_Projects/Rigbetellabs/install/tortoisebot_navigation/share/ament_index/resource_index/packages/tortoisebot_navigation
[2.576s] -- Symlinking: /home/shashank/ROS2_Projects/Rigbetellabs/install/tortoisebot_navigation/share/tortoisebot_navigation/cmake/tortoisebot_navigationConfig.cmake
[2.616s] -- Symlinking: /home/shashank/ROS2_Projects/Rigbetellabs/install/tortoisebot_navigation/share/tortoisebot_navigation/cmake/tortoisebot_navigationConfig-version.cmake
[2.660s] -- Symlinking: /home/shashank/ROS2_Projects/Rigbetellabs/install/tortoisebot_navigation/share/tortoisebot_navigation/package.xml
[2.777s] Invoked command in '/home/shashank/ROS2_Projects/Rigbetellabs/build/tortoisebot_navigation' returned '0': CMAKE_PREFIX_PATH=${CMAKE_PREFIX_PATH}:/home/shashank/ROS2_Projects/Rigbetellabs/install/tortoisebot_control:/home/shashank/ROS2_Projects/Rigbetellabs/install/scan_merger:/home/shashank/ROS2_Projects/Rigbetellabs/install/cartographer_multi_robot:/opt/ros/humble /usr/bin/cmake --install /home/shashank/ROS2_Projects/Rigbetellabs/build/tortoisebot_navigation
