[1.338s] Invoking command in '/home/shashank/ROS2_Projects/Tortoisebot_Warehouse_SLAM/build/tortoisebot_firmware': CMAKE_PREFIX_PATH=/opt/ros/humble /usr/bin/cmake /home/shashank/ROS2_Projects/Tortoisebot_Warehouse_SLAM/src/tortoisebot_swarmrobot/tortoisebot_firmware -DAMENT_CMAKE_SYMLINK_INSTALL=1 -DCMAKE_INSTALL_PREFIX=/home/shashank/ROS2_Projects/Tortoisebot_Warehouse_SLAM/install/tortoisebot_firmware
[1.439s] -- The C compiler identification is GNU 11.4.0
[1.559s] -- The CXX compiler identification is GNU 11.4.0
[1.570s] -- Detecting C compiler ABI info
[1.723s] -- Detecting C compiler ABI info - done
[1.746s] -- Check for working C compiler: /usr/bin/cc - skipped
[1.746s] -- Detecting C compile features
[1.746s] -- Detecting C compile features - done
[1.754s] -- Detecting CXX compiler ABI info
[1.925s] -- Detecting CXX compiler ABI info - done
[1.944s] -- Check for working CXX compiler: /usr/bin/c++ - skipped
[1.944s] -- Detecting CXX compile features
[1.946s] -- Detecting CXX compile features - done
[1.952s] -- Found ament_cmake: 1.3.11 (/opt/ros/humble/share/ament_cmake/cmake)
[2.285s] -- Found Python3: /usr/bin/python3 (found version "3.10.12") found components: Interpreter 
[2.431s] -- Override CMake install command with custom implementation using symlinks instead of copying resources
[2.484s] -- Found rclcpp: 16.0.12 (/opt/ros/humble/share/rclcpp/cmake)
[2.582s] -- Found rosidl_generator_c: 3.1.6 (/opt/ros/humble/share/rosidl_generator_c/cmake)
[2.598s] -- Found rosidl_adapter: 3.1.6 (/opt/ros/humble/share/rosidl_adapter/cmake)
[2.626s] -- Found rosidl_generator_cpp: 3.1.6 (/opt/ros/humble/share/rosidl_generator_cpp/cmake)
[2.651s] -- Using all available rosidl_typesupport_c: rosidl_typesupport_fastrtps_c;rosidl_typesupport_introspection_c
[2.688s] -- Using all available rosidl_typesupport_cpp: rosidl_typesupport_fastrtps_cpp;rosidl_typesupport_introspection_cpp
[2.796s] -- Found rmw_implementation_cmake: 6.1.2 (/opt/ros/humble/share/rmw_implementation_cmake/cmake)
[2.805s] -- Found rmw_fastrtps_cpp: 6.2.7 (/opt/ros/humble/share/rmw_fastrtps_cpp/cmake)
[3.259s] -- Found OpenSSL: /usr/lib/x86_64-linux-gnu/libcrypto.so (found version "3.0.2")  
[3.433s] -- Found FastRTPS: /opt/ros/humble/include  
[3.680s] -- Using RMW implementation 'rmw_fastrtps_cpp' as default
[3.712s] -- Looking for pthread.h
[3.889s] -- Looking for pthread.h - found
[3.889s] -- Performing Test CMAKE_HAVE_LIBC_PTHREAD
[4.113s] -- Performing Test CMAKE_HAVE_LIBC_PTHREAD - Success
[4.120s] -- Found Threads: TRUE  
[4.231s] -- Found rclpy: 3.3.16 (/opt/ros/humble/share/rclpy/cmake)
[4.235s] -- Found ament_lint_auto: 0.12.12 (/opt/ros/humble/share/ament_lint_auto/cmake)
[4.431s] -- Added test 'copyright' to check source files copyright and LICENSE
[4.434s] -- Added test 'flake8' to check Python code syntax and style conventions
[4.435s] -- Added test 'lint_cmake' to check CMake code style
[4.436s] -- Added test 'pep257' to check Python code against some of the docstring style conventions in PEP 257
[4.437s] -- Added test 'xmllint' to check XML markup files
[4.440s] -- Configuring done
[4.449s] -- Generating done
[4.452s] -- Build files have been written to: /home/shashank/ROS2_Projects/Tortoisebot_Warehouse_SLAM/build/tortoisebot_firmware
[4.477s] Invoked command in '/home/shashank/ROS2_Projects/Tortoisebot_Warehouse_SLAM/build/tortoisebot_firmware' returned '0': CMAKE_PREFIX_PATH=/opt/ros/humble /usr/bin/cmake /home/shashank/ROS2_Projects/Tortoisebot_Warehouse_SLAM/src/tortoisebot_swarmrobot/tortoisebot_firmware -DAMENT_CMAKE_SYMLINK_INSTALL=1 -DCMAKE_INSTALL_PREFIX=/home/shashank/ROS2_Projects/Tortoisebot_Warehouse_SLAM/install/tortoisebot_firmware
[4.480s] Invoking command in '/home/shashank/ROS2_Projects/Tortoisebot_Warehouse_SLAM/build/tortoisebot_firmware': CMAKE_PREFIX_PATH=/opt/ros/humble /usr/bin/cmake --build /home/shashank/ROS2_Projects/Tortoisebot_Warehouse_SLAM/build/tortoisebot_firmware -- -j16 -l16
[4.569s] Built target ament_cmake_python_symlink_tortoisebot_firmware
[4.879s] running egg_info
[4.880s] creating tortoisebot_firmware.egg-info
[4.880s] writing tortoisebot_firmware.egg-info/PKG-INFO
[4.880s] writing dependency_links to tortoisebot_firmware.egg-info/dependency_links.txt
[4.880s] writing top-level names to tortoisebot_firmware.egg-info/top_level.txt
[4.880s] writing manifest file 'tortoisebot_firmware.egg-info/SOURCES.txt'
[4.882s] reading manifest file 'tortoisebot_firmware.egg-info/SOURCES.txt'
[4.883s] writing manifest file 'tortoisebot_firmware.egg-info/SOURCES.txt'
[4.923s] Built target ament_cmake_python_build_tortoisebot_firmware_egg
[4.937s] Invoked command in '/home/shashank/ROS2_Projects/Tortoisebot_Warehouse_SLAM/build/tortoisebot_firmware' returned '0': CMAKE_PREFIX_PATH=/opt/ros/humble /usr/bin/cmake --build /home/shashank/ROS2_Projects/Tortoisebot_Warehouse_SLAM/build/tortoisebot_firmware -- -j16 -l16
[4.940s] Invoking command in '/home/shashank/ROS2_Projects/Tortoisebot_Warehouse_SLAM/build/tortoisebot_firmware': CMAKE_PREFIX_PATH=/opt/ros/humble /usr/bin/cmake --install /home/shashank/ROS2_Projects/Tortoisebot_Warehouse_SLAM/build/tortoisebot_firmware
[4.949s] -- Install configuration: ""
[4.949s] -- Execute custom install script
[4.950s] -- Symlinking: /home/shashank/ROS2_Projects/Tortoisebot_Warehouse_SLAM/install/tortoisebot_firmware/share/tortoisebot_firmware/environment/pythonpath.sh
[4.961s] -- Symlinking: /home/shashank/ROS2_Projects/Tortoisebot_Warehouse_SLAM/install/tortoisebot_firmware/share/tortoisebot_firmware/environment/pythonpath.dsv
[4.973s] -- Symlinking: /home/shashank/ROS2_Projects/Tortoisebot_Warehouse_SLAM/install/tortoisebot_firmware/local/lib/python3.10/dist-packages/tortoisebot_firmware-0.0.0-py3.10.egg-info/PKG-INFO
[4.985s] -- Symlinking: /home/shashank/ROS2_Projects/Tortoisebot_Warehouse_SLAM/install/tortoisebot_firmware/local/lib/python3.10/dist-packages/tortoisebot_firmware-0.0.0-py3.10.egg-info/SOURCES.txt
[4.997s] -- Symlinking: /home/shashank/ROS2_Projects/Tortoisebot_Warehouse_SLAM/install/tortoisebot_firmware/local/lib/python3.10/dist-packages/tortoisebot_firmware-0.0.0-py3.10.egg-info/dependency_links.txt
[5.009s] -- Symlinking: /home/shashank/ROS2_Projects/Tortoisebot_Warehouse_SLAM/install/tortoisebot_firmware/local/lib/python3.10/dist-packages/tortoisebot_firmware-0.0.0-py3.10.egg-info/top_level.txt
[5.022s] -- Symlinking: /home/shashank/ROS2_Projects/Tortoisebot_Warehouse_SLAM/install/tortoisebot_firmware/local/lib/python3.10/dist-packages/tortoisebot_firmware/__init__.py
[5.034s] -- Symlinking: /home/shashank/ROS2_Projects/Tortoisebot_Warehouse_SLAM/install/tortoisebot_firmware/lib/tortoisebot_firmware/differential.py
[5.045s] -- Symlinking: /home/shashank/ROS2_Projects/Tortoisebot_Warehouse_SLAM/install/tortoisebot_firmware/share/ament_index/resource_index/package_run_dependencies/tortoisebot_firmware
[5.063s] -- Symlinking: /home/shashank/ROS2_Projects/Tortoisebot_Warehouse_SLAM/install/tortoisebot_firmware/share/ament_index/resource_index/parent_prefix_path/tortoisebot_firmware
[5.085s] -- Symlinking: /home/shashank/ROS2_Projects/Tortoisebot_Warehouse_SLAM/install/tortoisebot_firmware/share/tortoisebot_firmware/environment/ament_prefix_path.sh
[5.107s] -- Symlinking: /home/shashank/ROS2_Projects/Tortoisebot_Warehouse_SLAM/install/tortoisebot_firmware/share/tortoisebot_firmware/environment/ament_prefix_path.dsv
[5.135s] -- Symlinking: /home/shashank/ROS2_Projects/Tortoisebot_Warehouse_SLAM/install/tortoisebot_firmware/share/tortoisebot_firmware/environment/path.sh
[5.187s] -- Symlinking: /home/shashank/ROS2_Projects/Tortoisebot_Warehouse_SLAM/install/tortoisebot_firmware/share/tortoisebot_firmware/environment/path.dsv
[5.230s] -- Symlinking: /home/shashank/ROS2_Projects/Tortoisebot_Warehouse_SLAM/install/tortoisebot_firmware/share/tortoisebot_firmware/local_setup.bash
[5.269s] -- Symlinking: /home/shashank/ROS2_Projects/Tortoisebot_Warehouse_SLAM/install/tortoisebot_firmware/share/tortoisebot_firmware/local_setup.sh
[5.304s] -- Symlinking: /home/shashank/ROS2_Projects/Tortoisebot_Warehouse_SLAM/install/tortoisebot_firmware/share/tortoisebot_firmware/local_setup.zsh
[5.346s] -- Symlinking: /home/shashank/ROS2_Projects/Tortoisebot_Warehouse_SLAM/install/tortoisebot_firmware/share/tortoisebot_firmware/local_setup.dsv
[5.387s] -- Symlinking: /home/shashank/ROS2_Projects/Tortoisebot_Warehouse_SLAM/install/tortoisebot_firmware/share/tortoisebot_firmware/package.dsv
[5.429s] -- Symlinking: /home/shashank/ROS2_Projects/Tortoisebot_Warehouse_SLAM/install/tortoisebot_firmware/share/ament_index/resource_index/packages/tortoisebot_firmware
[5.467s] -- Symlinking: /home/shashank/ROS2_Projects/Tortoisebot_Warehouse_SLAM/install/tortoisebot_firmware/share/tortoisebot_firmware/cmake/tortoisebot_firmwareConfig.cmake
[5.506s] -- Symlinking: /home/shashank/ROS2_Projects/Tortoisebot_Warehouse_SLAM/install/tortoisebot_firmware/share/tortoisebot_firmware/cmake/tortoisebot_firmwareConfig-version.cmake
[5.553s] -- Symlinking: /home/shashank/ROS2_Projects/Tortoisebot_Warehouse_SLAM/install/tortoisebot_firmware/share/tortoisebot_firmware/package.xml
[5.720s] Listing '/home/shashank/ROS2_Projects/Tortoisebot_Warehouse_SLAM/install/tortoisebot_firmware/local/lib/python3.10/dist-packages/tortoisebot_firmware'...
[5.720s] Compiling '/home/shashank/ROS2_Projects/Tortoisebot_Warehouse_SLAM/install/tortoisebot_firmware/local/lib/python3.10/dist-packages/tortoisebot_firmware/__init__.py'...
[5.742s] Invoked command in '/home/shashank/ROS2_Projects/Tortoisebot_Warehouse_SLAM/build/tortoisebot_firmware' returned '0': CMAKE_PREFIX_PATH=/opt/ros/humble /usr/bin/cmake --install /home/shashank/ROS2_Projects/Tortoisebot_Warehouse_SLAM/build/tortoisebot_firmware
