[1.340s] Invoking command in '/home/shashank/ROS2_Projects/Tortoisebot_Warehouse_SLAM/build/tortoisebot_description': CMAKE_PREFIX_PATH=/opt/ros/humble /usr/bin/cmake /home/shashank/ROS2_Projects/Tortoisebot_Warehouse_SLAM/src/tortoisebot_swarmrobot/tortoisebot_description -DAMENT_CMAKE_SYMLINK_INSTALL=1 -DCMAKE_INSTALL_PREFIX=/home/shashank/ROS2_Projects/Tortoisebot_Warehouse_SLAM/install/tortoisebot_description
[1.442s] -- The C compiler identification is GNU 11.4.0
[1.564s] -- The CXX compiler identification is GNU 11.4.0
[1.579s] -- Detecting C compiler ABI info
[1.741s] -- Detecting C compiler ABI info - done
[1.754s] -- Check for working C compiler: /usr/bin/cc - skipped
[1.754s] -- Detecting C compile features
[1.755s] -- Detecting C compile features - done
[1.761s] -- Detecting CXX compiler ABI info
[1.965s] -- Detecting CXX compiler ABI info - done
[1.984s] -- Check for working CXX compiler: /usr/bin/c++ - skipped
[1.984s] -- Detecting CXX compile features
[1.985s] -- Detecting CXX compile features - done
[1.990s] -- Found ament_cmake: 1.3.11 (/opt/ros/humble/share/ament_cmake/cmake)
[2.255s] -- Found Python3: /usr/bin/python3 (found version "3.10.12") found components: Interpreter 
[2.382s] -- Override CMake install command with custom implementation using symlinks instead of copying resources
[2.430s] -- Found ament_lint_auto: 0.12.12 (/opt/ros/humble/share/ament_lint_auto/cmake)
[2.576s] -- Added test 'flake8' to check Python code syntax and style conventions
[2.576s] -- Added test 'lint_cmake' to check CMake code style
[2.576s] -- Added test 'pep257' to check Python code against some of the docstring style conventions in PEP 257
[2.579s] -- Added test 'xmllint' to check XML markup files
[2.581s] -- Configuring done
[2.587s] -- Generating done
[2.591s] -- Build files have been written to: /home/shashank/ROS2_Projects/Tortoisebot_Warehouse_SLAM/build/tortoisebot_description
[2.603s] Invoked command in '/home/shashank/ROS2_Projects/Tortoisebot_Warehouse_SLAM/build/tortoisebot_description' returned '0': CMAKE_PREFIX_PATH=/opt/ros/humble /usr/bin/cmake /home/shashank/ROS2_Projects/Tortoisebot_Warehouse_SLAM/src/tortoisebot_swarmrobot/tortoisebot_description -DAMENT_CMAKE_SYMLINK_INSTALL=1 -DCMAKE_INSTALL_PREFIX=/home/shashank/ROS2_Projects/Tortoisebot_Warehouse_SLAM/install/tortoisebot_description
[2.623s] Invoking command in '/home/shashank/ROS2_Projects/Tortoisebot_Warehouse_SLAM/build/tortoisebot_description': CMAKE_PREFIX_PATH=/opt/ros/humble /usr/bin/cmake --build /home/shashank/ROS2_Projects/Tortoisebot_Warehouse_SLAM/build/tortoisebot_description -- -j16 -l16
[2.692s] Invoked command in '/home/shashank/ROS2_Projects/Tortoisebot_Warehouse_SLAM/build/tortoisebot_description' returned '0': CMAKE_PREFIX_PATH=/opt/ros/humble /usr/bin/cmake --build /home/shashank/ROS2_Projects/Tortoisebot_Warehouse_SLAM/build/tortoisebot_description -- -j16 -l16
[2.692s] Invoking command in '/home/shashank/ROS2_Projects/Tortoisebot_Warehouse_SLAM/build/tortoisebot_description': CMAKE_PREFIX_PATH=/opt/ros/humble /usr/bin/cmake --install /home/shashank/ROS2_Projects/Tortoisebot_Warehouse_SLAM/build/tortoisebot_description
[3.096s] -- Install configuration: ""
[3.096s] -- Execute custom install script
[3.096s] -- Symlinking: /home/shashank/ROS2_Projects/Tortoisebot_Warehouse_SLAM/install/tortoisebot_description/share/tortoisebot_description/launch/display.launch.py
[3.096s] -- Symlinking: /home/shashank/ROS2_Projects/Tortoisebot_Warehouse_SLAM/install/tortoisebot_description/share/tortoisebot_description/launch/state_publisher.launch.py
[3.096s] -- Symlinking: /home/shashank/ROS2_Projects/Tortoisebot_Warehouse_SLAM/install/tortoisebot_description/share/tortoisebot_description/models/.DS_Store
[3.096s] -- Symlinking: /home/shashank/ROS2_Projects/Tortoisebot_Warehouse_SLAM/install/tortoisebot_description/share/tortoisebot_description/models/meshes/base_link.dae
[3.097s] -- Symlinking: /home/shashank/ROS2_Projects/Tortoisebot_Warehouse_SLAM/install/tortoisebot_description/share/tortoisebot_description/models/meshes/camera_holder.dae
[3.097s] -- Symlinking: /home/shashank/ROS2_Projects/Tortoisebot_Warehouse_SLAM/install/tortoisebot_description/share/tortoisebot_description/models/meshes/camera_link.dae
[3.097s] -- Symlinking: /home/shashank/ROS2_Projects/Tortoisebot_Warehouse_SLAM/install/tortoisebot_description/share/tortoisebot_description/models/meshes/castor_wheel.dae
[3.097s] -- Symlinking: /home/shashank/ROS2_Projects/Tortoisebot_Warehouse_SLAM/install/tortoisebot_description/share/tortoisebot_description/models/meshes/lidar.dae
[3.097s] -- Symlinking: /home/shashank/ROS2_Projects/Tortoisebot_Warehouse_SLAM/install/tortoisebot_description/share/tortoisebot_description/models/meshes/wheel_left.dae
[3.097s] -- Symlinking: /home/shashank/ROS2_Projects/Tortoisebot_Warehouse_SLAM/install/tortoisebot_description/share/tortoisebot_description/models/meshes/wheel_right.dae
[3.097s] -- Symlinking: /home/shashank/ROS2_Projects/Tortoisebot_Warehouse_SLAM/install/tortoisebot_description/share/tortoisebot_description/models/urdf/tortoisebot_simple.gazebo
[3.097s] -- Symlinking: /home/shashank/ROS2_Projects/Tortoisebot_Warehouse_SLAM/install/tortoisebot_description/share/tortoisebot_description/models/urdf/tortoisebot_simple.xacro
[3.098s] -- Symlinking: /home/shashank/ROS2_Projects/Tortoisebot_Warehouse_SLAM/install/tortoisebot_description/share/tortoisebot_description/rviz/tortoisebot_sensor_display.rviz
[3.098s] -- Symlinking: /home/shashank/ROS2_Projects/Tortoisebot_Warehouse_SLAM/install/tortoisebot_description/share/tortoisebot_description/worlds/big_env.sdf
[3.098s] -- Symlinking: /home/shashank/ROS2_Projects/Tortoisebot_Warehouse_SLAM/install/tortoisebot_description/share/ament_index/resource_index/package_run_dependencies/tortoisebot_description
[3.098s] -- Symlinking: /home/shashank/ROS2_Projects/Tortoisebot_Warehouse_SLAM/install/tortoisebot_description/share/ament_index/resource_index/parent_prefix_path/tortoisebot_description
[3.098s] -- Symlinking: /home/shashank/ROS2_Projects/Tortoisebot_Warehouse_SLAM/install/tortoisebot_description/share/tortoisebot_description/environment/ament_prefix_path.sh
[3.122s] -- Symlinking: /home/shashank/ROS2_Projects/Tortoisebot_Warehouse_SLAM/install/tortoisebot_description/share/tortoisebot_description/environment/ament_prefix_path.dsv
[3.141s] -- Symlinking: /home/shashank/ROS2_Projects/Tortoisebot_Warehouse_SLAM/install/tortoisebot_description/share/tortoisebot_description/environment/path.sh
[3.188s] -- Symlinking: /home/shashank/ROS2_Projects/Tortoisebot_Warehouse_SLAM/install/tortoisebot_description/share/tortoisebot_description/environment/path.dsv
[3.237s] -- Symlinking: /home/shashank/ROS2_Projects/Tortoisebot_Warehouse_SLAM/install/tortoisebot_description/share/tortoisebot_description/local_setup.bash
[3.264s] -- Symlinking: /home/shashank/ROS2_Projects/Tortoisebot_Warehouse_SLAM/install/tortoisebot_description/share/tortoisebot_description/local_setup.sh
[3.285s] -- Symlinking: /home/shashank/ROS2_Projects/Tortoisebot_Warehouse_SLAM/install/tortoisebot_description/share/tortoisebot_description/local_setup.zsh
[3.320s] -- Symlinking: /home/shashank/ROS2_Projects/Tortoisebot_Warehouse_SLAM/install/tortoisebot_description/share/tortoisebot_description/local_setup.dsv
[3.356s] -- Symlinking: /home/shashank/ROS2_Projects/Tortoisebot_Warehouse_SLAM/install/tortoisebot_description/share/tortoisebot_description/package.dsv
[3.416s] -- Symlinking: /home/shashank/ROS2_Projects/Tortoisebot_Warehouse_SLAM/install/tortoisebot_description/share/ament_index/resource_index/packages/tortoisebot_description
[3.436s] -- Symlinking: /home/shashank/ROS2_Projects/Tortoisebot_Warehouse_SLAM/install/tortoisebot_description/share/tortoisebot_description/cmake/tortoisebot_descriptionConfig.cmake
[3.459s] -- Symlinking: /home/shashank/ROS2_Projects/Tortoisebot_Warehouse_SLAM/install/tortoisebot_description/share/tortoisebot_description/cmake/tortoisebot_descriptionConfig-version.cmake
[3.486s] -- Symlinking: /home/shashank/ROS2_Projects/Tortoisebot_Warehouse_SLAM/install/tortoisebot_description/share/tortoisebot_description/package.xml
[3.716s] Invoked command in '/home/shashank/ROS2_Projects/Tortoisebot_Warehouse_SLAM/build/tortoisebot_description' returned '0': CMAKE_PREFIX_PATH=/opt/ros/humble /usr/bin/cmake --install /home/shashank/ROS2_Projects/Tortoisebot_Warehouse_SLAM/build/tortoisebot_description
