[0.697s] Invoking command in '/home/shashank/ROS2_Projects/Rigbetellabs/build/tortoisebot_imu': CMAKE_PREFIX_PATH=${CMAKE_PREFIX_PATH}:/home/shashank/ROS2_Projects/Rigbetellabs/install/tortoisebot_control:/home/shashank/ROS2_Projects/Rigbetellabs/install/scan_merger:/home/shashank/ROS2_Projects/Rigbetellabs/install/cartographer_multi_robot:/opt/ros/humble /usr/bin/cmake /home/shashank/ROS2_Projects/Rigbetellabs/src/tortoisebot/tortoisebot_imu -DAMENT_CMAKE_SYMLINK_INSTALL=1 -DCMAKE_INSTALL_PREFIX=/home/shashank/ROS2_Projects/Rigbetellabs/install/tortoisebot_imu
[0.780s] -- The C compiler identification is GNU 11.4.0
[0.869s] -- The CXX compiler identification is GNU 11.4.0
[0.883s] -- Detecting C compiler ABI info
[0.988s] -- Detecting C compiler ABI info - done
[1.001s] -- Check for working C compiler: /usr/bin/cc - skipped
[1.002s] -- Detecting C compile features
[1.009s] -- Detecting C compile features - done
[1.009s] -- Detecting CXX compiler ABI info
[1.131s] -- Detecting CXX compiler ABI info - done
[1.144s] -- Check for working CXX compiler: /usr/bin/c++ - skipped
[1.144s] -- Detecting CXX compile features
[1.145s] -- Detecting CXX compile features - done
[1.150s] -- Found ament_cmake: 1.3.11 (/opt/ros/humble/share/ament_cmake/cmake)
[1.389s] -- Found Python3: /usr/bin/python3 (found version "3.10.12") found components: Interpreter 
[1.496s] -- Override CMake install command with custom implementation using symlinks instead of copying resources
[1.544s] -- Found rclpy: 3.3.16 (/opt/ros/humble/share/rclpy/cmake)
[1.546s] -- Found ament_lint_auto: 0.12.12 (/opt/ros/humble/share/ament_lint_auto/cmake)
[1.654s] -- Added test 'flake8' to check Python code syntax and style conventions
[1.655s] -- Added test 'lint_cmake' to check CMake code style
[1.656s] -- Added test 'pep257' to check Python code against some of the docstring style conventions in PEP 257
[1.658s] -- Added test 'xmllint' to check XML markup files
[1.662s] -- Configuring done
[1.665s] -- Generating done
[1.668s] -- Build files have been written to: /home/shashank/ROS2_Projects/Rigbetellabs/build/tortoisebot_imu
[1.677s] Invoked command in '/home/shashank/ROS2_Projects/Rigbetellabs/build/tortoisebot_imu' returned '0': CMAKE_PREFIX_PATH=${CMAKE_PREFIX_PATH}:/home/shashank/ROS2_Projects/Rigbetellabs/install/tortoisebot_control:/home/shashank/ROS2_Projects/Rigbetellabs/install/scan_merger:/home/shashank/ROS2_Projects/Rigbetellabs/install/cartographer_multi_robot:/opt/ros/humble /usr/bin/cmake /home/shashank/ROS2_Projects/Rigbetellabs/src/tortoisebot/tortoisebot_imu -DAMENT_CMAKE_SYMLINK_INSTALL=1 -DCMAKE_INSTALL_PREFIX=/home/shashank/ROS2_Projects/Rigbetellabs/install/tortoisebot_imu
[1.680s] Invoking command in '/home/shashank/ROS2_Projects/Rigbetellabs/build/tortoisebot_imu': CMAKE_PREFIX_PATH=${CMAKE_PREFIX_PATH}:/home/shashank/ROS2_Projects/Rigbetellabs/install/tortoisebot_control:/home/shashank/ROS2_Projects/Rigbetellabs/install/scan_merger:/home/shashank/ROS2_Projects/Rigbetellabs/install/cartographer_multi_robot:/opt/ros/humble /usr/bin/cmake --build /home/shashank/ROS2_Projects/Rigbetellabs/build/tortoisebot_imu -- -j16 -l16
[1.769s] Invoked command in '/home/shashank/ROS2_Projects/Rigbetellabs/build/tortoisebot_imu' returned '0': CMAKE_PREFIX_PATH=${CMAKE_PREFIX_PATH}:/home/shashank/ROS2_Projects/Rigbetellabs/install/tortoisebot_control:/home/shashank/ROS2_Projects/Rigbetellabs/install/scan_merger:/home/shashank/ROS2_Projects/Rigbetellabs/install/cartographer_multi_robot:/opt/ros/humble /usr/bin/cmake --build /home/shashank/ROS2_Projects/Rigbetellabs/build/tortoisebot_imu -- -j16 -l16
[1.770s] Invoking command in '/home/shashank/ROS2_Projects/Rigbetellabs/build/tortoisebot_imu': CMAKE_PREFIX_PATH=${CMAKE_PREFIX_PATH}:/home/shashank/ROS2_Projects/Rigbetellabs/install/tortoisebot_control:/home/shashank/ROS2_Projects/Rigbetellabs/install/scan_merger:/home/shashank/ROS2_Projects/Rigbetellabs/install/cartographer_multi_robot:/opt/ros/humble /usr/bin/cmake --install /home/shashank/ROS2_Projects/Rigbetellabs/build/tortoisebot_imu
[1.852s] -- Install configuration: ""
[1.852s] -- Execute custom install script
[1.852s] -- Symlinking: /home/shashank/ROS2_Projects/Rigbetellabs/install/tortoisebot_imu/lib/tortoisebot_imu/imu_node.py
[1.852s] -- Symlinking: /home/shashank/ROS2_Projects/Rigbetellabs/install/tortoisebot_imu/share/ament_index/resource_index/package_run_dependencies/tortoisebot_imu
[1.866s] -- Symlinking: /home/shashank/ROS2_Projects/Rigbetellabs/install/tortoisebot_imu/share/ament_index/resource_index/parent_prefix_path/tortoisebot_imu
[1.899s] -- Symlinking: /home/shashank/ROS2_Projects/Rigbetellabs/install/tortoisebot_imu/share/tortoisebot_imu/environment/ament_prefix_path.sh
[1.935s] -- Symlinking: /home/shashank/ROS2_Projects/Rigbetellabs/install/tortoisebot_imu/share/tortoisebot_imu/environment/ament_prefix_path.dsv
[1.968s] -- Symlinking: /home/shashank/ROS2_Projects/Rigbetellabs/install/tortoisebot_imu/share/tortoisebot_imu/environment/path.sh
[2.014s] -- Symlinking: /home/shashank/ROS2_Projects/Rigbetellabs/install/tortoisebot_imu/share/tortoisebot_imu/environment/path.dsv
[2.049s] -- Symlinking: /home/shashank/ROS2_Projects/Rigbetellabs/install/tortoisebot_imu/share/tortoisebot_imu/local_setup.bash
[2.087s] -- Symlinking: /home/shashank/ROS2_Projects/Rigbetellabs/install/tortoisebot_imu/share/tortoisebot_imu/local_setup.sh
[2.125s] -- Symlinking: /home/shashank/ROS2_Projects/Rigbetellabs/install/tortoisebot_imu/share/tortoisebot_imu/local_setup.zsh
[2.158s] -- Symlinking: /home/shashank/ROS2_Projects/Rigbetellabs/install/tortoisebot_imu/share/tortoisebot_imu/local_setup.dsv
[2.200s] -- Symlinking: /home/shashank/ROS2_Projects/Rigbetellabs/install/tortoisebot_imu/share/tortoisebot_imu/package.dsv
[2.242s] -- Symlinking: /home/shashank/ROS2_Projects/Rigbetellabs/install/tortoisebot_imu/share/ament_index/resource_index/packages/tortoisebot_imu
[2.272s] -- Symlinking: /home/shashank/ROS2_Projects/Rigbetellabs/install/tortoisebot_imu/share/tortoisebot_imu/cmake/tortoisebot_imuConfig.cmake
[2.317s] -- Symlinking: /home/shashank/ROS2_Projects/Rigbetellabs/install/tortoisebot_imu/share/tortoisebot_imu/cmake/tortoisebot_imuConfig-version.cmake
[2.345s] -- Symlinking: /home/shashank/ROS2_Projects/Rigbetellabs/install/tortoisebot_imu/share/tortoisebot_imu/package.xml
[2.399s] Invoked command in '/home/shashank/ROS2_Projects/Rigbetellabs/build/tortoisebot_imu' returned '0': CMAKE_PREFIX_PATH=${CMAKE_PREFIX_PATH}:/home/shashank/ROS2_Projects/Rigbetellabs/install/tortoisebot_control:/home/shashank/ROS2_Projects/Rigbetellabs/install/scan_merger:/home/shashank/ROS2_Projects/Rigbetellabs/install/cartographer_multi_robot:/opt/ros/humble /usr/bin/cmake --install /home/shashank/ROS2_Projects/Rigbetellabs/build/tortoisebot_imu
