[0.701s] Invoking command in '/home/shashank/ROS2_Projects/Rigbetellabs/build/tortoisebot_description': CMAKE_PREFIX_PATH=${CMAKE_PREFIX_PATH}:/home/shashank/ROS2_Projects/Rigbetellabs/install/tortoisebot_control:/home/shashank/ROS2_Projects/Rigbetellabs/install/scan_merger:/home/shashank/ROS2_Projects/Rigbetellabs/install/cartographer_multi_robot:/opt/ros/humble /usr/bin/cmake /home/shashank/ROS2_Projects/Rigbetellabs/src/tortoisebot/tortoisebot_description -DAMENT_CMAKE_SYMLINK_INSTALL=1 -DCMAKE_INSTALL_PREFIX=/home/shashank/ROS2_Projects/Rigbetellabs/install/tortoisebot_description
[0.773s] -- The C compiler identification is GNU 11.4.0
[0.878s] -- The CXX compiler identification is GNU 11.4.0
[0.888s] -- Detecting C compiler ABI info
[0.993s] -- Detecting C compiler ABI info - done
[1.004s] -- Check for working C compiler: /usr/bin/cc - skipped
[1.004s] -- Detecting C compile features
[1.004s] -- Detecting C compile features - done
[1.009s] -- Detecting CXX compiler ABI info
[1.137s] -- Detecting CXX compiler ABI info - done
[1.146s] -- Check for working CXX compiler: /usr/bin/c++ - skipped
[1.146s] -- Detecting CXX compile features
[1.146s] -- Detecting CXX compile features - done
[1.153s] -- Found ament_cmake: 1.3.11 (/opt/ros/humble/share/ament_cmake/cmake)
[1.411s] -- Found Python3: /usr/bin/python3 (found version "3.10.12") found components: Interpreter 
[1.532s] -- Override CMake install command with custom implementation using symlinks instead of copying resources
[1.593s] -- Found ament_lint_auto: 0.12.12 (/opt/ros/humble/share/ament_lint_auto/cmake)
[1.720s] -- Added test 'flake8' to check Python code syntax and style conventions
[1.720s] -- Added test 'lint_cmake' to check CMake code style
[1.721s] -- Added test 'pep257' to check Python code against some of the docstring style conventions in PEP 257
[1.723s] -- Added test 'xmllint' to check XML markup files
[1.727s] -- Configuring done
[1.731s] -- Generating done
[1.737s] -- Build files have been written to: /home/shashank/ROS2_Projects/Rigbetellabs/build/tortoisebot_description
[1.754s] Invoked command in '/home/shashank/ROS2_Projects/Rigbetellabs/build/tortoisebot_description' returned '0': CMAKE_PREFIX_PATH=${CMAKE_PREFIX_PATH}:/home/shashank/ROS2_Projects/Rigbetellabs/install/tortoisebot_control:/home/shashank/ROS2_Projects/Rigbetellabs/install/scan_merger:/home/shashank/ROS2_Projects/Rigbetellabs/install/cartographer_multi_robot:/opt/ros/humble /usr/bin/cmake /home/shashank/ROS2_Projects/Rigbetellabs/src/tortoisebot/tortoisebot_description -DAMENT_CMAKE_SYMLINK_INSTALL=1 -DCMAKE_INSTALL_PREFIX=/home/shashank/ROS2_Projects/Rigbetellabs/install/tortoisebot_description
[1.759s] Invoking command in '/home/shashank/ROS2_Projects/Rigbetellabs/build/tortoisebot_description': CMAKE_PREFIX_PATH=${CMAKE_PREFIX_PATH}:/home/shashank/ROS2_Projects/Rigbetellabs/install/tortoisebot_control:/home/shashank/ROS2_Projects/Rigbetellabs/install/scan_merger:/home/shashank/ROS2_Projects/Rigbetellabs/install/cartographer_multi_robot:/opt/ros/humble /usr/bin/cmake --build /home/shashank/ROS2_Projects/Rigbetellabs/build/tortoisebot_description -- -j16 -l16
[1.863s] Invoked command in '/home/shashank/ROS2_Projects/Rigbetellabs/build/tortoisebot_description' returned '0': CMAKE_PREFIX_PATH=${CMAKE_PREFIX_PATH}:/home/shashank/ROS2_Projects/Rigbetellabs/install/tortoisebot_control:/home/shashank/ROS2_Projects/Rigbetellabs/install/scan_merger:/home/shashank/ROS2_Projects/Rigbetellabs/install/cartographer_multi_robot:/opt/ros/humble /usr/bin/cmake --build /home/shashank/ROS2_Projects/Rigbetellabs/build/tortoisebot_description -- -j16 -l16
[1.871s] Invoking command in '/home/shashank/ROS2_Projects/Rigbetellabs/build/tortoisebot_description': CMAKE_PREFIX_PATH=${CMAKE_PREFIX_PATH}:/home/shashank/ROS2_Projects/Rigbetellabs/install/tortoisebot_control:/home/shashank/ROS2_Projects/Rigbetellabs/install/scan_merger:/home/shashank/ROS2_Projects/Rigbetellabs/install/cartographer_multi_robot:/opt/ros/humble /usr/bin/cmake --install /home/shashank/ROS2_Projects/Rigbetellabs/build/tortoisebot_description
[2.398s] -- Install configuration: ""
[2.398s] -- Execute custom install script
[2.399s] -- Symlinking: /home/shashank/ROS2_Projects/Rigbetellabs/install/tortoisebot_description/share/tortoisebot_description/launch/display.launch.py
[2.399s] -- Symlinking: /home/shashank/ROS2_Projects/Rigbetellabs/install/tortoisebot_description/share/tortoisebot_description/launch/state_publisher.launch.py
[2.399s] -- Symlinking: /home/shashank/ROS2_Projects/Rigbetellabs/install/tortoisebot_description/share/tortoisebot_description/models/.DS_Store
[2.399s] -- Symlinking: /home/shashank/ROS2_Projects/Rigbetellabs/install/tortoisebot_description/share/tortoisebot_description/models/meshes/base_link.dae
[2.399s] -- Symlinking: /home/shashank/ROS2_Projects/Rigbetellabs/install/tortoisebot_description/share/tortoisebot_description/models/meshes/camera_holder.dae
[2.399s] -- Symlinking: /home/shashank/ROS2_Projects/Rigbetellabs/install/tortoisebot_description/share/tortoisebot_description/models/meshes/camera_link.dae
[2.399s] -- Symlinking: /home/shashank/ROS2_Projects/Rigbetellabs/install/tortoisebot_description/share/tortoisebot_description/models/meshes/castor_wheel.dae
[2.399s] -- Symlinking: /home/shashank/ROS2_Projects/Rigbetellabs/install/tortoisebot_description/share/tortoisebot_description/models/meshes/lidar.dae
[2.399s] -- Symlinking: /home/shashank/ROS2_Projects/Rigbetellabs/install/tortoisebot_description/share/tortoisebot_description/models/meshes/wheel_left.dae
[2.399s] -- Symlinking: /home/shashank/ROS2_Projects/Rigbetellabs/install/tortoisebot_description/share/tortoisebot_description/models/meshes/wheel_right.dae
[2.399s] -- Symlinking: /home/shashank/ROS2_Projects/Rigbetellabs/install/tortoisebot_description/share/tortoisebot_description/models/urdf/tortoisebot_simple.gazebo
[2.400s] -- Symlinking: /home/shashank/ROS2_Projects/Rigbetellabs/install/tortoisebot_description/share/tortoisebot_description/models/urdf/tortoisebot_simple.xacro
[2.400s] -- Symlinking: /home/shashank/ROS2_Projects/Rigbetellabs/install/tortoisebot_description/share/tortoisebot_description/rviz/tortoisebot_sensor_display.rviz
[2.400s] -- Symlinking: /home/shashank/ROS2_Projects/Rigbetellabs/install/tortoisebot_description/share/tortoisebot_description/worlds/big_env.sdf
[2.443s] -- Symlinking: /home/shashank/ROS2_Projects/Rigbetellabs/install/tortoisebot_description/share/ament_index/resource_index/package_run_dependencies/tortoisebot_description
[2.480s] -- Symlinking: /home/shashank/ROS2_Projects/Rigbetellabs/install/tortoisebot_description/share/ament_index/resource_index/parent_prefix_path/tortoisebot_description
[2.532s] -- Symlinking: /home/shashank/ROS2_Projects/Rigbetellabs/install/tortoisebot_description/share/tortoisebot_description/environment/ament_prefix_path.sh
[2.568s] -- Symlinking: /home/shashank/ROS2_Projects/Rigbetellabs/install/tortoisebot_description/share/tortoisebot_description/environment/ament_prefix_path.dsv
[2.605s] -- Symlinking: /home/shashank/ROS2_Projects/Rigbetellabs/install/tortoisebot_description/share/tortoisebot_description/environment/path.sh
[2.622s] -- Symlinking: /home/shashank/ROS2_Projects/Rigbetellabs/install/tortoisebot_description/share/tortoisebot_description/environment/path.dsv
[2.646s] -- Symlinking: /home/shashank/ROS2_Projects/Rigbetellabs/install/tortoisebot_description/share/tortoisebot_description/local_setup.bash
[2.667s] -- Symlinking: /home/shashank/ROS2_Projects/Rigbetellabs/install/tortoisebot_description/share/tortoisebot_description/local_setup.sh
[2.690s] -- Symlinking: /home/shashank/ROS2_Projects/Rigbetellabs/install/tortoisebot_description/share/tortoisebot_description/local_setup.zsh
[2.727s] -- Symlinking: /home/shashank/ROS2_Projects/Rigbetellabs/install/tortoisebot_description/share/tortoisebot_description/local_setup.dsv
[2.758s] -- Symlinking: /home/shashank/ROS2_Projects/Rigbetellabs/install/tortoisebot_description/share/tortoisebot_description/package.dsv
[2.781s] -- Symlinking: /home/shashank/ROS2_Projects/Rigbetellabs/install/tortoisebot_description/share/ament_index/resource_index/packages/tortoisebot_description
[2.807s] -- Symlinking: /home/shashank/ROS2_Projects/Rigbetellabs/install/tortoisebot_description/share/tortoisebot_description/cmake/tortoisebot_descriptionConfig.cmake
[2.826s] -- Symlinking: /home/shashank/ROS2_Projects/Rigbetellabs/install/tortoisebot_description/share/tortoisebot_description/cmake/tortoisebot_descriptionConfig-version.cmake
[2.826s] -- Symlinking: /home/shashank/ROS2_Projects/Rigbetellabs/install/tortoisebot_description/share/tortoisebot_description/package.xml
[2.857s] Invoked command in '/home/shashank/ROS2_Projects/Rigbetellabs/build/tortoisebot_description' returned '0': CMAKE_PREFIX_PATH=${CMAKE_PREFIX_PATH}:/home/shashank/ROS2_Projects/Rigbetellabs/install/tortoisebot_control:/home/shashank/ROS2_Projects/Rigbetellabs/install/scan_merger:/home/shashank/ROS2_Projects/Rigbetellabs/install/cartographer_multi_robot:/opt/ros/humble /usr/bin/cmake --install /home/shashank/ROS2_Projects/Rigbetellabs/build/tortoisebot_description
