[1.335s] Invoking command in '/home/shashank/ROS2_Projects/Tortoisebot_Warehouse_SLAM/build/tortoisebot_slam': CMAKE_PREFIX_PATH=/opt/ros/humble /usr/bin/cmake /home/shashank/ROS2_Projects/Tortoisebot_Warehouse_SLAM/src/tortoisebot_swarmrobot/tortoisebot_slam -DAMENT_CMAKE_SYMLINK_INSTALL=1 -DCMAKE_INSTALL_PREFIX=/home/shashank/ROS2_Projects/Tortoisebot_Warehouse_SLAM/install/tortoisebot_slam
[1.436s] -- The C compiler identification is GNU 11.4.0
[1.550s] -- The CXX compiler identification is GNU 11.4.0
[1.564s] -- Detecting C compiler ABI info
[1.702s] -- Detecting C compiler ABI info - done
[1.725s] -- Check for working C compiler: /usr/bin/cc - skipped
[1.725s] -- Detecting C compile features
[1.725s] -- Detecting C compile features - done
[1.725s] -- Detecting CXX compiler ABI info
[1.901s] -- Detecting CXX compiler ABI info - done
[1.919s] -- Check for working CXX compiler: /usr/bin/c++ - skipped
[1.920s] -- Detecting CXX compile features
[1.923s] -- Detecting CXX compile features - done
[1.924s] -- Found ament_cmake: 1.3.11 (/opt/ros/humble/share/ament_cmake/cmake)
[2.197s] -- Found Python3: /usr/bin/python3 (found version "3.10.12") found components: Interpreter 
[2.341s] -- Override CMake install command with custom implementation using symlinks instead of copying resources
[2.389s] -- Found ament_lint_auto: 0.12.12 (/opt/ros/humble/share/ament_lint_auto/cmake)
[2.546s] -- Added test 'copyright' to check source files copyright and LICENSE
[2.548s] -- Added test 'flake8' to check Python code syntax and style conventions
[2.550s] -- Added test 'lint_cmake' to check CMake code style
[2.550s] -- Added test 'pep257' to check Python code against some of the docstring style conventions in PEP 257
[2.553s] -- Added test 'xmllint' to check XML markup files
[2.556s] -- Configuring done
[2.562s] -- Generating done
[2.566s] -- Build files have been written to: /home/shashank/ROS2_Projects/Tortoisebot_Warehouse_SLAM/build/tortoisebot_slam
[2.582s] Invoked command in '/home/shashank/ROS2_Projects/Tortoisebot_Warehouse_SLAM/build/tortoisebot_slam' returned '0': CMAKE_PREFIX_PATH=/opt/ros/humble /usr/bin/cmake /home/shashank/ROS2_Projects/Tortoisebot_Warehouse_SLAM/src/tortoisebot_swarmrobot/tortoisebot_slam -DAMENT_CMAKE_SYMLINK_INSTALL=1 -DCMAKE_INSTALL_PREFIX=/home/shashank/ROS2_Projects/Tortoisebot_Warehouse_SLAM/install/tortoisebot_slam
[2.584s] Invoking command in '/home/shashank/ROS2_Projects/Tortoisebot_Warehouse_SLAM/build/tortoisebot_slam': CMAKE_PREFIX_PATH=/opt/ros/humble /usr/bin/cmake --build /home/shashank/ROS2_Projects/Tortoisebot_Warehouse_SLAM/build/tortoisebot_slam -- -j16 -l16
[2.668s] Invoked command in '/home/shashank/ROS2_Projects/Tortoisebot_Warehouse_SLAM/build/tortoisebot_slam' returned '0': CMAKE_PREFIX_PATH=/opt/ros/humble /usr/bin/cmake --build /home/shashank/ROS2_Projects/Tortoisebot_Warehouse_SLAM/build/tortoisebot_slam -- -j16 -l16
[2.670s] Invoking command in '/home/shashank/ROS2_Projects/Tortoisebot_Warehouse_SLAM/build/tortoisebot_slam': CMAKE_PREFIX_PATH=/opt/ros/humble /usr/bin/cmake --install /home/shashank/ROS2_Projects/Tortoisebot_Warehouse_SLAM/build/tortoisebot_slam
[2.731s] -- Install configuration: ""
[2.731s] -- Execute custom install script
[2.731s] -- Symlinking: /home/shashank/ROS2_Projects/Tortoisebot_Warehouse_SLAM/install/tortoisebot_slam/share/tortoisebot_slam/launch/cartographer.launch.py
[2.731s] -- Symlinking: /home/shashank/ROS2_Projects/Tortoisebot_Warehouse_SLAM/install/tortoisebot_slam/share/tortoisebot_slam/config/ekf.yaml
[2.732s] -- Symlinking: /home/shashank/ROS2_Projects/Tortoisebot_Warehouse_SLAM/install/tortoisebot_slam/share/tortoisebot_slam/config/slam.lua
[2.732s] -- Symlinking: /home/shashank/ROS2_Projects/Tortoisebot_Warehouse_SLAM/install/tortoisebot_slam/share/ament_index/resource_index/package_run_dependencies/tortoisebot_slam
[2.743s] -- Symlinking: /home/shashank/ROS2_Projects/Tortoisebot_Warehouse_SLAM/install/tortoisebot_slam/share/ament_index/resource_index/parent_prefix_path/tortoisebot_slam
[2.764s] -- Symlinking: /home/shashank/ROS2_Projects/Tortoisebot_Warehouse_SLAM/install/tortoisebot_slam/share/tortoisebot_slam/environment/ament_prefix_path.sh
[2.784s] -- Symlinking: /home/shashank/ROS2_Projects/Tortoisebot_Warehouse_SLAM/install/tortoisebot_slam/share/tortoisebot_slam/environment/ament_prefix_path.dsv
[2.810s] -- Symlinking: /home/shashank/ROS2_Projects/Tortoisebot_Warehouse_SLAM/install/tortoisebot_slam/share/tortoisebot_slam/environment/path.sh
[2.836s] -- Symlinking: /home/shashank/ROS2_Projects/Tortoisebot_Warehouse_SLAM/install/tortoisebot_slam/share/tortoisebot_slam/environment/path.dsv
[2.882s] -- Symlinking: /home/shashank/ROS2_Projects/Tortoisebot_Warehouse_SLAM/install/tortoisebot_slam/share/tortoisebot_slam/local_setup.bash
[2.907s] -- Symlinking: /home/shashank/ROS2_Projects/Tortoisebot_Warehouse_SLAM/install/tortoisebot_slam/share/tortoisebot_slam/local_setup.sh
[2.943s] -- Symlinking: /home/shashank/ROS2_Projects/Tortoisebot_Warehouse_SLAM/install/tortoisebot_slam/share/tortoisebot_slam/local_setup.zsh
[2.983s] -- Symlinking: /home/shashank/ROS2_Projects/Tortoisebot_Warehouse_SLAM/install/tortoisebot_slam/share/tortoisebot_slam/local_setup.dsv
[3.017s] -- Symlinking: /home/shashank/ROS2_Projects/Tortoisebot_Warehouse_SLAM/install/tortoisebot_slam/share/tortoisebot_slam/package.dsv
[3.060s] -- Symlinking: /home/shashank/ROS2_Projects/Tortoisebot_Warehouse_SLAM/install/tortoisebot_slam/share/ament_index/resource_index/packages/tortoisebot_slam
[3.104s] -- Symlinking: /home/shashank/ROS2_Projects/Tortoisebot_Warehouse_SLAM/install/tortoisebot_slam/share/tortoisebot_slam/cmake/tortoisebot_slamConfig.cmake
[3.132s] -- Symlinking: /home/shashank/ROS2_Projects/Tortoisebot_Warehouse_SLAM/install/tortoisebot_slam/share/tortoisebot_slam/cmake/tortoisebot_slamConfig-version.cmake
[3.166s] -- Symlinking: /home/shashank/ROS2_Projects/Tortoisebot_Warehouse_SLAM/install/tortoisebot_slam/share/tortoisebot_slam/package.xml
[3.241s] Invoked command in '/home/shashank/ROS2_Projects/Tortoisebot_Warehouse_SLAM/build/tortoisebot_slam' returned '0': CMAKE_PREFIX_PATH=/opt/ros/humble /usr/bin/cmake --install /home/shashank/ROS2_Projects/Tortoisebot_Warehouse_SLAM/build/tortoisebot_slam
