[0.700s] Invoking command in '/home/shashank/ROS2_Projects/Rigbetellabs/build/tortoisebot_firmware': CMAKE_PREFIX_PATH=${CMAKE_PREFIX_PATH}:/home/shashank/ROS2_Projects/Rigbetellabs/install/tortoisebot_control:/home/shashank/ROS2_Projects/Rigbetellabs/install/scan_merger:/home/shashank/ROS2_Projects/Rigbetellabs/install/cartographer_multi_robot:/opt/ros/humble /usr/bin/cmake /home/shashank/ROS2_Projects/Rigbetellabs/src/tortoisebot/tortoisebot_firmware -DAMENT_CMAKE_SYMLINK_INSTALL=1 -DCMAKE_INSTALL_PREFIX=/home/shashank/ROS2_Projects/Rigbetellabs/install/tortoisebot_firmware
[0.776s] -- The C compiler identification is GNU 11.4.0
[0.868s] -- The CXX compiler identification is GNU 11.4.0
[0.878s] -- Detecting C compiler ABI info
[0.987s] -- Detecting C compiler ABI info - done
[0.996s] -- Check for working C compiler: /usr/bin/cc - skipped
[0.996s] -- Detecting C compile features
[0.996s] -- Detecting C compile features - done
[1.001s] -- Detecting CXX compiler ABI info
[1.137s] -- Detecting CXX compiler ABI info - done
[1.149s] -- Check for working CXX compiler: /usr/bin/c++ - skipped
[1.149s] -- Detecting CXX compile features
[1.150s] -- Detecting CXX compile features - done
[1.153s] -- Found ament_cmake: 1.3.11 (/opt/ros/humble/share/ament_cmake/cmake)
[1.412s] -- Found Python3: /usr/bin/python3 (found version "3.10.12") found components: Interpreter 
[1.531s] -- Override CMake install command with custom implementation using symlinks instead of copying resources
[1.590s] -- Found rclcpp: 16.0.12 (/opt/ros/humble/share/rclcpp/cmake)
[1.672s] -- Found rosidl_generator_c: 3.1.6 (/opt/ros/humble/share/rosidl_generator_c/cmake)
[1.682s] -- Found rosidl_adapter: 3.1.6 (/opt/ros/humble/share/rosidl_adapter/cmake)
[1.694s] -- Found rosidl_generator_cpp: 3.1.6 (/opt/ros/humble/share/rosidl_generator_cpp/cmake)
[1.717s] -- Using all available rosidl_typesupport_c: rosidl_typesupport_fastrtps_c;rosidl_typesupport_introspection_c
[1.751s] -- Using all available rosidl_typesupport_cpp: rosidl_typesupport_fastrtps_cpp;rosidl_typesupport_introspection_cpp
[1.871s] -- Found rmw_implementation_cmake: 6.1.2 (/opt/ros/humble/share/rmw_implementation_cmake/cmake)
[1.875s] -- Found rmw_fastrtps_cpp: 6.2.7 (/opt/ros/humble/share/rmw_fastrtps_cpp/cmake)
[2.187s] -- Found OpenSSL: /usr/lib/x86_64-linux-gnu/libcrypto.so (found version "3.0.2")  
[2.340s] -- Found FastRTPS: /opt/ros/humble/include  
[2.537s] -- Using RMW implementation 'rmw_fastrtps_cpp' as default
[2.561s] -- Looking for pthread.h
[2.822s] -- Looking for pthread.h - found
[2.823s] -- Performing Test CMAKE_HAVE_LIBC_PTHREAD
[2.960s] -- Performing Test CMAKE_HAVE_LIBC_PTHREAD - Success
[2.962s] -- Found Threads: TRUE  
[3.075s] -- Found rclpy: 3.3.16 (/opt/ros/humble/share/rclpy/cmake)
[3.079s] -- Found ament_lint_auto: 0.12.12 (/opt/ros/humble/share/ament_lint_auto/cmake)
[3.250s] -- Added test 'copyright' to check source files copyright and LICENSE
[3.252s] -- Added test 'flake8' to check Python code syntax and style conventions
[3.253s] -- Added test 'lint_cmake' to check CMake code style
[3.253s] -- Added test 'pep257' to check Python code against some of the docstring style conventions in PEP 257
[3.255s] -- Added test 'xmllint' to check XML markup files
[3.257s] -- Configuring done
[3.263s] -- Generating done
[3.266s] -- Build files have been written to: /home/shashank/ROS2_Projects/Rigbetellabs/build/tortoisebot_firmware
[3.277s] Invoked command in '/home/shashank/ROS2_Projects/Rigbetellabs/build/tortoisebot_firmware' returned '0': CMAKE_PREFIX_PATH=${CMAKE_PREFIX_PATH}:/home/shashank/ROS2_Projects/Rigbetellabs/install/tortoisebot_control:/home/shashank/ROS2_Projects/Rigbetellabs/install/scan_merger:/home/shashank/ROS2_Projects/Rigbetellabs/install/cartographer_multi_robot:/opt/ros/humble /usr/bin/cmake /home/shashank/ROS2_Projects/Rigbetellabs/src/tortoisebot/tortoisebot_firmware -DAMENT_CMAKE_SYMLINK_INSTALL=1 -DCMAKE_INSTALL_PREFIX=/home/shashank/ROS2_Projects/Rigbetellabs/install/tortoisebot_firmware
[3.279s] Invoking command in '/home/shashank/ROS2_Projects/Rigbetellabs/build/tortoisebot_firmware': CMAKE_PREFIX_PATH=${CMAKE_PREFIX_PATH}:/home/shashank/ROS2_Projects/Rigbetellabs/install/tortoisebot_control:/home/shashank/ROS2_Projects/Rigbetellabs/install/scan_merger:/home/shashank/ROS2_Projects/Rigbetellabs/install/cartographer_multi_robot:/opt/ros/humble /usr/bin/cmake --build /home/shashank/ROS2_Projects/Rigbetellabs/build/tortoisebot_firmware -- -j16 -l16
[3.342s] Built target ament_cmake_python_symlink_tortoisebot_firmware
[3.595s] running egg_info
[3.596s] creating tortoisebot_firmware.egg-info
[3.596s] writing tortoisebot_firmware.egg-info/PKG-INFO
[3.596s] writing dependency_links to tortoisebot_firmware.egg-info/dependency_links.txt
[3.596s] writing top-level names to tortoisebot_firmware.egg-info/top_level.txt
[3.596s] writing manifest file 'tortoisebot_firmware.egg-info/SOURCES.txt'
[3.598s] reading manifest file 'tortoisebot_firmware.egg-info/SOURCES.txt'
[3.599s] writing manifest file 'tortoisebot_firmware.egg-info/SOURCES.txt'
[3.632s] Built target ament_cmake_python_build_tortoisebot_firmware_egg
[3.645s] Invoked command in '/home/shashank/ROS2_Projects/Rigbetellabs/build/tortoisebot_firmware' returned '0': CMAKE_PREFIX_PATH=${CMAKE_PREFIX_PATH}:/home/shashank/ROS2_Projects/Rigbetellabs/install/tortoisebot_control:/home/shashank/ROS2_Projects/Rigbetellabs/install/scan_merger:/home/shashank/ROS2_Projects/Rigbetellabs/install/cartographer_multi_robot:/opt/ros/humble /usr/bin/cmake --build /home/shashank/ROS2_Projects/Rigbetellabs/build/tortoisebot_firmware -- -j16 -l16
[3.648s] Invoking command in '/home/shashank/ROS2_Projects/Rigbetellabs/build/tortoisebot_firmware': CMAKE_PREFIX_PATH=${CMAKE_PREFIX_PATH}:/home/shashank/ROS2_Projects/Rigbetellabs/install/tortoisebot_control:/home/shashank/ROS2_Projects/Rigbetellabs/install/scan_merger:/home/shashank/ROS2_Projects/Rigbetellabs/install/cartographer_multi_robot:/opt/ros/humble /usr/bin/cmake --install /home/shashank/ROS2_Projects/Rigbetellabs/build/tortoisebot_firmware
[3.658s] -- Install configuration: ""
[3.659s] -- Execute custom install script
[3.659s] -- Symlinking: /home/shashank/ROS2_Projects/Rigbetellabs/install/tortoisebot_firmware/share/tortoisebot_firmware/environment/pythonpath.sh
[3.669s] -- Symlinking: /home/shashank/ROS2_Projects/Rigbetellabs/install/tortoisebot_firmware/share/tortoisebot_firmware/environment/pythonpath.dsv
[3.679s] -- Symlinking: /home/shashank/ROS2_Projects/Rigbetellabs/install/tortoisebot_firmware/local/lib/python3.10/dist-packages/tortoisebot_firmware-0.0.0-py3.10.egg-info/PKG-INFO
[3.689s] -- Symlinking: /home/shashank/ROS2_Projects/Rigbetellabs/install/tortoisebot_firmware/local/lib/python3.10/dist-packages/tortoisebot_firmware-0.0.0-py3.10.egg-info/SOURCES.txt
[3.703s] -- Symlinking: /home/shashank/ROS2_Projects/Rigbetellabs/install/tortoisebot_firmware/local/lib/python3.10/dist-packages/tortoisebot_firmware-0.0.0-py3.10.egg-info/dependency_links.txt
[3.718s] -- Symlinking: /home/shashank/ROS2_Projects/Rigbetellabs/install/tortoisebot_firmware/local/lib/python3.10/dist-packages/tortoisebot_firmware-0.0.0-py3.10.egg-info/top_level.txt
[3.736s] -- Symlinking: /home/shashank/ROS2_Projects/Rigbetellabs/install/tortoisebot_firmware/local/lib/python3.10/dist-packages/tortoisebot_firmware/__init__.py
[3.760s] -- Symlinking: /home/shashank/ROS2_Projects/Rigbetellabs/install/tortoisebot_firmware/lib/tortoisebot_firmware/differential.py
[3.789s] -- Symlinking: /home/shashank/ROS2_Projects/Rigbetellabs/install/tortoisebot_firmware/share/ament_index/resource_index/package_run_dependencies/tortoisebot_firmware
[3.832s] -- Symlinking: /home/shashank/ROS2_Projects/Rigbetellabs/install/tortoisebot_firmware/share/ament_index/resource_index/parent_prefix_path/tortoisebot_firmware
[3.860s] -- Symlinking: /home/shashank/ROS2_Projects/Rigbetellabs/install/tortoisebot_firmware/share/tortoisebot_firmware/environment/ament_prefix_path.sh
[3.893s] -- Symlinking: /home/shashank/ROS2_Projects/Rigbetellabs/install/tortoisebot_firmware/share/tortoisebot_firmware/environment/ament_prefix_path.dsv
[3.932s] -- Symlinking: /home/shashank/ROS2_Projects/Rigbetellabs/install/tortoisebot_firmware/share/tortoisebot_firmware/environment/path.sh
[3.967s] -- Symlinking: /home/shashank/ROS2_Projects/Rigbetellabs/install/tortoisebot_firmware/share/tortoisebot_firmware/environment/path.dsv
[4.013s] -- Symlinking: /home/shashank/ROS2_Projects/Rigbetellabs/install/tortoisebot_firmware/share/tortoisebot_firmware/local_setup.bash
[4.065s] -- Symlinking: /home/shashank/ROS2_Projects/Rigbetellabs/install/tortoisebot_firmware/share/tortoisebot_firmware/local_setup.sh
[4.109s] -- Symlinking: /home/shashank/ROS2_Projects/Rigbetellabs/install/tortoisebot_firmware/share/tortoisebot_firmware/local_setup.zsh
[4.149s] -- Symlinking: /home/shashank/ROS2_Projects/Rigbetellabs/install/tortoisebot_firmware/share/tortoisebot_firmware/local_setup.dsv
[4.194s] -- Symlinking: /home/shashank/ROS2_Projects/Rigbetellabs/install/tortoisebot_firmware/share/tortoisebot_firmware/package.dsv
[4.233s] -- Symlinking: /home/shashank/ROS2_Projects/Rigbetellabs/install/tortoisebot_firmware/share/ament_index/resource_index/packages/tortoisebot_firmware
[4.263s] -- Symlinking: /home/shashank/ROS2_Projects/Rigbetellabs/install/tortoisebot_firmware/share/tortoisebot_firmware/cmake/tortoisebot_firmwareConfig.cmake
[4.278s] -- Symlinking: /home/shashank/ROS2_Projects/Rigbetellabs/install/tortoisebot_firmware/share/tortoisebot_firmware/cmake/tortoisebot_firmwareConfig-version.cmake
[4.310s] -- Symlinking: /home/shashank/ROS2_Projects/Rigbetellabs/install/tortoisebot_firmware/share/tortoisebot_firmware/package.xml
[4.379s] Listing '/home/shashank/ROS2_Projects/Rigbetellabs/install/tortoisebot_firmware/local/lib/python3.10/dist-packages/tortoisebot_firmware'...
[4.380s] Compiling '/home/shashank/ROS2_Projects/Rigbetellabs/install/tortoisebot_firmware/local/lib/python3.10/dist-packages/tortoisebot_firmware/__init__.py'...
[4.415s] Invoked command in '/home/shashank/ROS2_Projects/Rigbetellabs/build/tortoisebot_firmware' returned '0': CMAKE_PREFIX_PATH=${CMAKE_PREFIX_PATH}:/home/shashank/ROS2_Projects/Rigbetellabs/install/tortoisebot_control:/home/shashank/ROS2_Projects/Rigbetellabs/install/scan_merger:/home/shashank/ROS2_Projects/Rigbetellabs/install/cartographer_multi_robot:/opt/ros/humble /usr/bin/cmake --install /home/shashank/ROS2_Projects/Rigbetellabs/build/tortoisebot_firmware
