running develop
running egg_info
creating scan_merger.egg-info
writing scan_merger.egg-info/PKG-INFO
writing dependency_links to scan_merger.egg-info/dependency_links.txt
writing entry points to scan_merger.egg-info/entry_points.txt
writing requirements to scan_merger.egg-info/requires.txt
writing top-level names to scan_merger.egg-info/top_level.txt
writing manifest file 'scan_merger.egg-info/SOURCES.txt'
reading manifest file 'scan_merger.egg-info/SOURCES.txt'
writing manifest file 'scan_merger.egg-info/SOURCES.txt'
running build_ext
Creating /home/shashank/ROS2_Projects/Rigbetellabs/install/scan_merger/lib/python3.10/site-packages/scan-merger.egg-link (link to .)
Installing scan_merger script to /home/shashank/ROS2_Projects/Rigbetellabs/install/scan_merger/lib/scan_merger

Installed /home/shashank/ROS2_Projects/Rigbetellabs/build/scan_merger
running symlink_data
creating /home/shashank/ROS2_Projects/Rigbetellabs/install/scan_merger/share/ament_index
creating /home/shashank/ROS2_Projects/Rigbetellabs/install/scan_merger/share/ament_index/resource_index
creating /home/shashank/ROS2_Projects/Rigbetellabs/install/scan_merger/share/ament_index/resource_index/packages
symbolically linking /home/shashank/ROS2_Projects/Rigbetellabs/build/scan_merger/resource/scan_merger -> /home/shashank/ROS2_Projects/Rigbetellabs/install/scan_merger/share/ament_index/resource_index/packages
symbolically linking /home/shashank/ROS2_Projects/Rigbetellabs/build/scan_merger/package.xml -> /home/shashank/ROS2_Projects/Rigbetellabs/install/scan_merger/share/scan_merger
