[0.742s] Invoking command in '/home/shashank/ROS2_Projects/Tortoisebot_Warehouse_SLAM/build/v4l2_camera': CMAKE_PREFIX_PATH=/opt/ros/humble /usr/bin/cmake /home/shashank/ROS2_Projects/Tortoisebot_Warehouse_SLAM/src/tortoisebot_swarmrobot/v4l2_camera -DAMENT_CMAKE_SYMLINK_INSTALL=1 -DCMAKE_INSTALL_PREFIX=/home/shashank/ROS2_Projects/Tortoisebot_Warehouse_SLAM/install/v4l2_camera
[0.834s] -- The C compiler identification is GNU 11.4.0
[0.941s] -- The CXX compiler identification is GNU 11.4.0
[0.955s] -- Detecting C compiler ABI info
[1.073s] -- Detecting C compiler ABI info - done
[1.087s] -- Check for working C compiler: /usr/bin/cc - skipped
[1.087s] -- Detecting C compile features
[1.088s] -- Detecting C compile features - done
[1.098s] -- Detecting CXX compiler ABI info
[1.238s] -- Detecting CXX compiler ABI info - done
[1.251s] -- Check for working CXX compiler: /usr/bin/c++ - skipped
[1.252s] -- Detecting CXX compile features
[1.252s] -- Detecting CXX compile features - done
[1.255s] -- Found ament_cmake: 1.3.11 (/opt/ros/humble/share/ament_cmake/cmake)
[1.546s] -- Found Python3: /usr/bin/python3 (found version "3.10.12") found components: Interpreter 
[1.664s] -- Override CMake install command with custom implementation using symlinks instead of copying resources
[1.713s] -- Found ament_cmake_ros: 0.10.0 (/opt/ros/humble/share/ament_cmake_ros/cmake)
[1.740s] -- Found rclcpp: 16.0.12 (/opt/ros/humble/share/rclcpp/cmake)
[1.807s] -- Found rosidl_generator_c: 3.1.6 (/opt/ros/humble/share/rosidl_generator_c/cmake)
[1.813s] -- Found rosidl_adapter: 3.1.6 (/opt/ros/humble/share/rosidl_adapter/cmake)
[1.825s] -- Found rosidl_generator_cpp: 3.1.6 (/opt/ros/humble/share/rosidl_generator_cpp/cmake)
[1.847s] -- Using all available rosidl_typesupport_c: rosidl_typesupport_fastrtps_c;rosidl_typesupport_introspection_c
[1.877s] -- Using all available rosidl_typesupport_cpp: rosidl_typesupport_fastrtps_cpp;rosidl_typesupport_introspection_cpp
[2.029s] -- Found rmw_implementation_cmake: 6.1.2 (/opt/ros/humble/share/rmw_implementation_cmake/cmake)
[2.046s] -- Found rmw_fastrtps_cpp: 6.2.7 (/opt/ros/humble/share/rmw_fastrtps_cpp/cmake)
[2.580s] -- Found OpenSSL: /usr/lib/x86_64-linux-gnu/libcrypto.so (found version "3.0.2")  
[2.700s] -- Found FastRTPS: /opt/ros/humble/include  
[2.815s] -- Using RMW implementation 'rmw_fastrtps_cpp' as default
[2.834s] -- Looking for pthread.h
[3.088s] -- Looking for pthread.h - found
[3.088s] -- Performing Test CMAKE_HAVE_LIBC_PTHREAD
[3.312s] -- Performing Test CMAKE_HAVE_LIBC_PTHREAD - Success
[3.323s] -- Found Threads: TRUE  
[3.423s] -- Found rclcpp_components: 16.0.12 (/opt/ros/humble/share/rclcpp_components/cmake)
[3.484s] -- Found camera_info_manager: 3.1.11 (/opt/ros/humble/share/camera_info_manager/cmake)
[3.538s] -- Found cv_bridge: 3.2.1 (/opt/ros/humble/share/cv_bridge/cmake)
[3.555s] -- Found image_transport: 3.1.11 (/opt/ros/humble/share/image_transport/cmake)
[3.596s] -- Found ament_lint_auto: 0.12.12 (/opt/ros/humble/share/ament_lint_auto/cmake)
[3.692s] -- Added test 'cppcheck' to perform static code analysis on C / C++ code
[3.692s] -- Configured cppcheck include dirs: $<BUILD_INTERFACE:/home/shashank/ROS2_Projects/Tortoisebot_Warehouse_SLAM/src/tortoisebot_swarmrobot/v4l2_camera/include>
[3.693s] -- Configured cppcheck exclude dirs and/or files: 
[3.694s] -- Added test 'cpplint' to check C / C++ code against the Google style
[3.694s] -- Configured cpplint exclude dirs and/or files: 
[3.695s] -- Added test 'lint_cmake' to check CMake code style
[3.698s] -- Added test 'uncrustify' to check C / C++ code style
[3.698s] -- Configured uncrustify additional arguments: 
[3.700s] -- Added test 'xmllint' to check XML markup files
[3.704s] -- Configuring done
[3.730s] -- Generating done
[3.738s] -- Build files have been written to: /home/shashank/ROS2_Projects/Tortoisebot_Warehouse_SLAM/build/v4l2_camera
[3.755s] Invoked command in '/home/shashank/ROS2_Projects/Tortoisebot_Warehouse_SLAM/build/v4l2_camera' returned '0': CMAKE_PREFIX_PATH=/opt/ros/humble /usr/bin/cmake /home/shashank/ROS2_Projects/Tortoisebot_Warehouse_SLAM/src/tortoisebot_swarmrobot/v4l2_camera -DAMENT_CMAKE_SYMLINK_INSTALL=1 -DCMAKE_INSTALL_PREFIX=/home/shashank/ROS2_Projects/Tortoisebot_Warehouse_SLAM/install/v4l2_camera
[3.757s] Invoking command in '/home/shashank/ROS2_Projects/Tortoisebot_Warehouse_SLAM/build/v4l2_camera': CMAKE_PREFIX_PATH=/opt/ros/humble /usr/bin/cmake --build /home/shashank/ROS2_Projects/Tortoisebot_Warehouse_SLAM/build/v4l2_camera -- -j16 -l16
[3.818s] [ 37%] [32mBuilding CXX object CMakeFiles/v4l2_camera.dir/src/v4l2_camera_device.cpp.o[0m
[3.818s] [ 37%] [32mBuilding CXX object CMakeFiles/v4l2_camera.dir/src/v4l2_camera.cpp.o[0m
[3.818s] [ 37%] [32mBuilding CXX object CMakeFiles/v4l2_camera.dir/src/parameters.cpp.o[0m
[13.286s] [ 50%] [32m[1mLinking CXX shared library libv4l2_camera.so[0m
[13.777s] [ 50%] Built target v4l2_camera
[13.796s] [ 62%] [32mBuilding CXX object CMakeFiles/v4l2_camera_node.dir/src/v4l2_camera_node.cpp.o[0m
[13.796s] [ 75%] [32mBuilding CXX object CMakeFiles/v4l2_camera_compose_test.dir/src/v4l2_camera_compose_test.cpp.o[0m
[16.676s] [ 87%] [32m[1mLinking CXX executable v4l2_camera_node[0m
[17.163s] [ 87%] Built target v4l2_camera_node
[21.146s] [100%] [32m[1mLinking CXX executable v4l2_camera_compose_test[0m
[21.755s] [100%] Built target v4l2_camera_compose_test
[21.769s] Invoked command in '/home/shashank/ROS2_Projects/Tortoisebot_Warehouse_SLAM/build/v4l2_camera' returned '0': CMAKE_PREFIX_PATH=/opt/ros/humble /usr/bin/cmake --build /home/shashank/ROS2_Projects/Tortoisebot_Warehouse_SLAM/build/v4l2_camera -- -j16 -l16
[21.770s] Invoking command in '/home/shashank/ROS2_Projects/Tortoisebot_Warehouse_SLAM/build/v4l2_camera': CMAKE_PREFIX_PATH=/opt/ros/humble /usr/bin/cmake --install /home/shashank/ROS2_Projects/Tortoisebot_Warehouse_SLAM/build/v4l2_camera
[21.778s] -- Install configuration: ""
[21.778s] -- Execute custom install script
[21.778s] -- Symlinking: /home/shashank/ROS2_Projects/Tortoisebot_Warehouse_SLAM/install/v4l2_camera/include/v4l2_camera/control.hpp
[21.787s] -- Symlinking: /home/shashank/ROS2_Projects/Tortoisebot_Warehouse_SLAM/install/v4l2_camera/include/v4l2_camera/fourcc.hpp
[21.797s] -- Symlinking: /home/shashank/ROS2_Projects/Tortoisebot_Warehouse_SLAM/install/v4l2_camera/include/v4l2_camera/image_format.hpp
[21.806s] -- Symlinking: /home/shashank/ROS2_Projects/Tortoisebot_Warehouse_SLAM/install/v4l2_camera/include/v4l2_camera/parameters.hpp
[21.815s] -- Symlinking: /home/shashank/ROS2_Projects/Tortoisebot_Warehouse_SLAM/install/v4l2_camera/include/v4l2_camera/pixel_format.hpp
[21.823s] -- Symlinking: /home/shashank/ROS2_Projects/Tortoisebot_Warehouse_SLAM/install/v4l2_camera/include/v4l2_camera/v4l2_camera.hpp
[21.833s] -- Symlinking: /home/shashank/ROS2_Projects/Tortoisebot_Warehouse_SLAM/install/v4l2_camera/include/v4l2_camera/v4l2_camera_device.hpp
[21.842s] -- Symlinking: /home/shashank/ROS2_Projects/Tortoisebot_Warehouse_SLAM/install/v4l2_camera/include/v4l2_camera/visibility_control.h
[21.850s] -- Symlinking: /home/shashank/ROS2_Projects/Tortoisebot_Warehouse_SLAM/install/v4l2_camera/share/v4l2_camera/environment/library_path.sh
[21.859s] -- Symlinking: /home/shashank/ROS2_Projects/Tortoisebot_Warehouse_SLAM/install/v4l2_camera/share/v4l2_camera/environment/library_path.dsv
[21.868s] -- Symlinking: /home/shashank/ROS2_Projects/Tortoisebot_Warehouse_SLAM/install/v4l2_camera/share/ament_index/resource_index/package_run_dependencies/v4l2_camera
[21.877s] -- Symlinking: /home/shashank/ROS2_Projects/Tortoisebot_Warehouse_SLAM/install/v4l2_camera/share/ament_index/resource_index/parent_prefix_path/v4l2_camera
[21.885s] -- Symlinking: /home/shashank/ROS2_Projects/Tortoisebot_Warehouse_SLAM/install/v4l2_camera/share/v4l2_camera/environment/ament_prefix_path.sh
[21.895s] -- Symlinking: /home/shashank/ROS2_Projects/Tortoisebot_Warehouse_SLAM/install/v4l2_camera/share/v4l2_camera/environment/ament_prefix_path.dsv
[21.904s] -- Symlinking: /home/shashank/ROS2_Projects/Tortoisebot_Warehouse_SLAM/install/v4l2_camera/share/v4l2_camera/environment/path.sh
[21.913s] -- Symlinking: /home/shashank/ROS2_Projects/Tortoisebot_Warehouse_SLAM/install/v4l2_camera/share/v4l2_camera/environment/path.dsv
[21.922s] -- Symlinking: /home/shashank/ROS2_Projects/Tortoisebot_Warehouse_SLAM/install/v4l2_camera/share/v4l2_camera/local_setup.bash
[21.930s] -- Symlinking: /home/shashank/ROS2_Projects/Tortoisebot_Warehouse_SLAM/install/v4l2_camera/share/v4l2_camera/local_setup.sh
[21.940s] -- Symlinking: /home/shashank/ROS2_Projects/Tortoisebot_Warehouse_SLAM/install/v4l2_camera/share/v4l2_camera/local_setup.zsh
[21.948s] -- Symlinking: /home/shashank/ROS2_Projects/Tortoisebot_Warehouse_SLAM/install/v4l2_camera/share/v4l2_camera/local_setup.dsv
[21.958s] -- Symlinking: /home/shashank/ROS2_Projects/Tortoisebot_Warehouse_SLAM/install/v4l2_camera/share/v4l2_camera/package.dsv
[21.966s] -- Symlinking: /home/shashank/ROS2_Projects/Tortoisebot_Warehouse_SLAM/install/v4l2_camera/share/ament_index/resource_index/packages/v4l2_camera
[21.975s] -- Symlinking: /home/shashank/ROS2_Projects/Tortoisebot_Warehouse_SLAM/install/v4l2_camera/share/ament_index/resource_index/rclcpp_components/v4l2_camera
[21.984s] -- Symlinking: /home/shashank/ROS2_Projects/Tortoisebot_Warehouse_SLAM/install/v4l2_camera/share/v4l2_camera/cmake/ament_cmake_export_include_directories-extras.cmake
[21.993s] -- Symlinking: /home/shashank/ROS2_Projects/Tortoisebot_Warehouse_SLAM/install/v4l2_camera/share/v4l2_camera/cmake/ament_cmake_export_targets-extras.cmake
[22.002s] -- Symlinking: /home/shashank/ROS2_Projects/Tortoisebot_Warehouse_SLAM/install/v4l2_camera/share/v4l2_camera/cmake/ament_cmake_export_libraries-extras.cmake
[22.010s] -- Symlinking: /home/shashank/ROS2_Projects/Tortoisebot_Warehouse_SLAM/install/v4l2_camera/share/v4l2_camera/cmake/ament_cmake_export_dependencies-extras.cmake
[22.019s] -- Symlinking: /home/shashank/ROS2_Projects/Tortoisebot_Warehouse_SLAM/install/v4l2_camera/share/v4l2_camera/cmake/v4l2_cameraConfig.cmake
[22.028s] -- Symlinking: /home/shashank/ROS2_Projects/Tortoisebot_Warehouse_SLAM/install/v4l2_camera/share/v4l2_camera/cmake/v4l2_cameraConfig-version.cmake
[22.037s] -- Symlinking: /home/shashank/ROS2_Projects/Tortoisebot_Warehouse_SLAM/install/v4l2_camera/share/v4l2_camera/package.xml
[22.046s] -- Installing: /home/shashank/ROS2_Projects/Tortoisebot_Warehouse_SLAM/install/v4l2_camera/lib/libv4l2_camera.so
[22.054s] -- Set runtime path of "/home/shashank/ROS2_Projects/Tortoisebot_Warehouse_SLAM/install/v4l2_camera/lib/libv4l2_camera.so" to ""
[22.054s] -- Installing: /home/shashank/ROS2_Projects/Tortoisebot_Warehouse_SLAM/install/v4l2_camera/lib/v4l2_camera/v4l2_camera_node
[22.054s] -- Set runtime path of "/home/shashank/ROS2_Projects/Tortoisebot_Warehouse_SLAM/install/v4l2_camera/lib/v4l2_camera/v4l2_camera_node" to ""
[22.054s] -- Installing: /home/shashank/ROS2_Projects/Tortoisebot_Warehouse_SLAM/install/v4l2_camera/lib/v4l2_camera/v4l2_camera_compose_test
[22.059s] -- Set runtime path of "/home/shashank/ROS2_Projects/Tortoisebot_Warehouse_SLAM/install/v4l2_camera/lib/v4l2_camera/v4l2_camera_compose_test" to ""
[22.059s] -- Installing: /home/shashank/ROS2_Projects/Tortoisebot_Warehouse_SLAM/install/v4l2_camera/share/v4l2_camera/cmake/export_v4l2_cameraExport.cmake
[22.059s] -- Installing: /home/shashank/ROS2_Projects/Tortoisebot_Warehouse_SLAM/install/v4l2_camera/share/v4l2_camera/cmake/export_v4l2_cameraExport-noconfig.cmake
[22.061s] Invoked command in '/home/shashank/ROS2_Projects/Tortoisebot_Warehouse_SLAM/build/v4l2_camera' returned '0': CMAKE_PREFIX_PATH=/opt/ros/humble /usr/bin/cmake --install /home/shashank/ROS2_Projects/Tortoisebot_Warehouse_SLAM/build/v4l2_camera
