[0.694s] Invoking command in '/home/shashank/ROS2_Projects/Rigbetellabs/build/tortoisebot_slam': CMAKE_PREFIX_PATH=${CMAKE_PREFIX_PATH}:/home/shashank/ROS2_Projects/Rigbetellabs/install/tortoisebot_control:/home/shashank/ROS2_Projects/Rigbetellabs/install/scan_merger:/home/shashank/ROS2_Projects/Rigbetellabs/install/cartographer_multi_robot:/opt/ros/humble /usr/bin/cmake /home/shashank/ROS2_Projects/Rigbetellabs/src/tortoisebot/tortoisebot_slam -DAMENT_CMAKE_SYMLINK_INSTALL=1 -DCMAKE_INSTALL_PREFIX=/home/shashank/ROS2_Projects/Rigbetellabs/install/tortoisebot_slam
[0.771s] -- The C compiler identification is GNU 11.4.0
[0.871s] -- The CXX compiler identification is GNU 11.4.0
[0.881s] -- Detecting C compiler ABI info
[0.987s] -- Detecting C compiler ABI info - done
[1.003s] -- Check for working C compiler: /usr/bin/cc - skipped
[1.003s] -- Detecting C compile features
[1.003s] -- Detecting C compile features - done
[1.003s] -- Detecting CXX compiler ABI info
[1.127s] -- Detecting CXX compiler ABI info - done
[1.141s] -- Check for working CXX compiler: /usr/bin/c++ - skipped
[1.141s] -- Detecting CXX compile features
[1.142s] -- Detecting CXX compile features - done
[1.147s] -- Found ament_cmake: 1.3.11 (/opt/ros/humble/share/ament_cmake/cmake)
[1.399s] -- Found Python3: /usr/bin/python3 (found version "3.10.12") found components: Interpreter 
[1.512s] -- Override CMake install command with custom implementation using symlinks instead of copying resources
[1.557s] -- Found ament_lint_auto: 0.12.12 (/opt/ros/humble/share/ament_lint_auto/cmake)
[1.669s] -- Added test 'copyright' to check source files copyright and LICENSE
[1.676s] -- Added test 'flake8' to check Python code syntax and style conventions
[1.676s] -- Added test 'lint_cmake' to check CMake code style
[1.677s] -- Added test 'pep257' to check Python code against some of the docstring style conventions in PEP 257
[1.677s] -- Added test 'xmllint' to check XML markup files
[1.681s] -- Configuring done
[1.686s] -- Generating done
[1.687s] -- Build files have been written to: /home/shashank/ROS2_Projects/Rigbetellabs/build/tortoisebot_slam
[1.698s] Invoked command in '/home/shashank/ROS2_Projects/Rigbetellabs/build/tortoisebot_slam' returned '0': CMAKE_PREFIX_PATH=${CMAKE_PREFIX_PATH}:/home/shashank/ROS2_Projects/Rigbetellabs/install/tortoisebot_control:/home/shashank/ROS2_Projects/Rigbetellabs/install/scan_merger:/home/shashank/ROS2_Projects/Rigbetellabs/install/cartographer_multi_robot:/opt/ros/humble /usr/bin/cmake /home/shashank/ROS2_Projects/Rigbetellabs/src/tortoisebot/tortoisebot_slam -DAMENT_CMAKE_SYMLINK_INSTALL=1 -DCMAKE_INSTALL_PREFIX=/home/shashank/ROS2_Projects/Rigbetellabs/install/tortoisebot_slam
[1.701s] Invoking command in '/home/shashank/ROS2_Projects/Rigbetellabs/build/tortoisebot_slam': CMAKE_PREFIX_PATH=${CMAKE_PREFIX_PATH}:/home/shashank/ROS2_Projects/Rigbetellabs/install/tortoisebot_control:/home/shashank/ROS2_Projects/Rigbetellabs/install/scan_merger:/home/shashank/ROS2_Projects/Rigbetellabs/install/cartographer_multi_robot:/opt/ros/humble /usr/bin/cmake --build /home/shashank/ROS2_Projects/Rigbetellabs/build/tortoisebot_slam -- -j16 -l16
[1.792s] Invoked command in '/home/shashank/ROS2_Projects/Rigbetellabs/build/tortoisebot_slam' returned '0': CMAKE_PREFIX_PATH=${CMAKE_PREFIX_PATH}:/home/shashank/ROS2_Projects/Rigbetellabs/install/tortoisebot_control:/home/shashank/ROS2_Projects/Rigbetellabs/install/scan_merger:/home/shashank/ROS2_Projects/Rigbetellabs/install/cartographer_multi_robot:/opt/ros/humble /usr/bin/cmake --build /home/shashank/ROS2_Projects/Rigbetellabs/build/tortoisebot_slam -- -j16 -l16
[1.793s] Invoking command in '/home/shashank/ROS2_Projects/Rigbetellabs/build/tortoisebot_slam': CMAKE_PREFIX_PATH=${CMAKE_PREFIX_PATH}:/home/shashank/ROS2_Projects/Rigbetellabs/install/tortoisebot_control:/home/shashank/ROS2_Projects/Rigbetellabs/install/scan_merger:/home/shashank/ROS2_Projects/Rigbetellabs/install/cartographer_multi_robot:/opt/ros/humble /usr/bin/cmake --install /home/shashank/ROS2_Projects/Rigbetellabs/build/tortoisebot_slam
[1.901s] -- Install configuration: ""
[1.901s] -- Execute custom install script
[1.901s] -- Symlinking: /home/shashank/ROS2_Projects/Rigbetellabs/install/tortoisebot_slam/share/tortoisebot_slam/launch/cartographer.launch.py
[1.901s] -- Symlinking: /home/shashank/ROS2_Projects/Rigbetellabs/install/tortoisebot_slam/share/tortoisebot_slam/launch/cartographer_bot1.launch.py
[1.901s] -- Symlinking: /home/shashank/ROS2_Projects/Rigbetellabs/install/tortoisebot_slam/share/tortoisebot_slam/launch/cartographer_bot2.launch.py
[1.933s] -- Symlinking: /home/shashank/ROS2_Projects/Rigbetellabs/install/tortoisebot_slam/share/tortoisebot_slam/config/ekf.yaml
[1.965s] -- Symlinking: /home/shashank/ROS2_Projects/Rigbetellabs/install/tortoisebot_slam/share/tortoisebot_slam/config/slam.lua
[1.997s] -- Symlinking: /home/shashank/ROS2_Projects/Rigbetellabs/install/tortoisebot_slam/share/tortoisebot_slam/config/slam_bot1.lua
[2.048s] -- Symlinking: /home/shashank/ROS2_Projects/Rigbetellabs/install/tortoisebot_slam/share/tortoisebot_slam/config/slam_bot2.lua
[2.093s] -- Symlinking: /home/shashank/ROS2_Projects/Rigbetellabs/install/tortoisebot_slam/share/ament_index/resource_index/package_run_dependencies/tortoisebot_slam
[2.126s] -- Symlinking: /home/shashank/ROS2_Projects/Rigbetellabs/install/tortoisebot_slam/share/ament_index/resource_index/parent_prefix_path/tortoisebot_slam
[2.169s] -- Symlinking: /home/shashank/ROS2_Projects/Rigbetellabs/install/tortoisebot_slam/share/tortoisebot_slam/environment/ament_prefix_path.sh
[2.215s] -- Symlinking: /home/shashank/ROS2_Projects/Rigbetellabs/install/tortoisebot_slam/share/tortoisebot_slam/environment/ament_prefix_path.dsv
[2.241s] -- Symlinking: /home/shashank/ROS2_Projects/Rigbetellabs/install/tortoisebot_slam/share/tortoisebot_slam/environment/path.sh
[2.277s] -- Symlinking: /home/shashank/ROS2_Projects/Rigbetellabs/install/tortoisebot_slam/share/tortoisebot_slam/environment/path.dsv
[2.311s] -- Symlinking: /home/shashank/ROS2_Projects/Rigbetellabs/install/tortoisebot_slam/share/tortoisebot_slam/local_setup.bash
[2.348s] -- Symlinking: /home/shashank/ROS2_Projects/Rigbetellabs/install/tortoisebot_slam/share/tortoisebot_slam/local_setup.sh
[2.393s] -- Symlinking: /home/shashank/ROS2_Projects/Rigbetellabs/install/tortoisebot_slam/share/tortoisebot_slam/local_setup.zsh
[2.422s] -- Symlinking: /home/shashank/ROS2_Projects/Rigbetellabs/install/tortoisebot_slam/share/tortoisebot_slam/local_setup.dsv
[2.446s] -- Symlinking: /home/shashank/ROS2_Projects/Rigbetellabs/install/tortoisebot_slam/share/tortoisebot_slam/package.dsv
[2.489s] -- Symlinking: /home/shashank/ROS2_Projects/Rigbetellabs/install/tortoisebot_slam/share/ament_index/resource_index/packages/tortoisebot_slam
[2.538s] -- Symlinking: /home/shashank/ROS2_Projects/Rigbetellabs/install/tortoisebot_slam/share/tortoisebot_slam/cmake/tortoisebot_slamConfig.cmake
[2.572s] -- Symlinking: /home/shashank/ROS2_Projects/Rigbetellabs/install/tortoisebot_slam/share/tortoisebot_slam/cmake/tortoisebot_slamConfig-version.cmake
[2.621s] -- Symlinking: /home/shashank/ROS2_Projects/Rigbetellabs/install/tortoisebot_slam/share/tortoisebot_slam/package.xml
[2.695s] Invoked command in '/home/shashank/ROS2_Projects/Rigbetellabs/build/tortoisebot_slam' returned '0': CMAKE_PREFIX_PATH=${CMAKE_PREFIX_PATH}:/home/shashank/ROS2_Projects/Rigbetellabs/install/tortoisebot_control:/home/shashank/ROS2_Projects/Rigbetellabs/install/scan_merger:/home/shashank/ROS2_Projects/Rigbetellabs/install/cartographer_multi_robot:/opt/ros/humble /usr/bin/cmake --install /home/shashank/ROS2_Projects/Rigbetellabs/build/tortoisebot_slam
