[1.252s] Invoking command in '/home/shashank/ROS2_Projects/Tortoisebot_Warehouse_SLAM/build/tortoisebot_control': PYTHONPATH=/home/shashank/ROS2_Projects/Tortoisebot_Warehouse_SLAM/build/tortoisebot_control/prefix_override:/usr/lib/python3/dist-packages/colcon_core/task/python/colcon_distutils_commands:/home/shashank/ROS2_Projects/Tortoisebot_Warehouse_SLAM/install/tortoisebot_control/lib/python3.10/site-packages:${PYTHONPATH} /usr/bin/python3 -W ignore:setup.py install is deprecated -W ignore:easy_install command is deprecated setup.py develop --editable --build-directory /home/shashank/ROS2_Projects/Tortoisebot_Warehouse_SLAM/build/tortoisebot_control/build --no-deps symlink_data
[1.585s] running develop
[1.885s] running egg_info
[1.885s] creating tortoisebot_control.egg-info
[1.885s] writing tortoisebot_control.egg-info/PKG-INFO
[1.886s] writing dependency_links to tortoisebot_control.egg-info/dependency_links.txt
[1.887s] writing entry points to tortoisebot_control.egg-info/entry_points.txt
[1.887s] writing requirements to tortoisebot_control.egg-info/requires.txt
[1.887s] writing top-level names to tortoisebot_control.egg-info/top_level.txt
[1.889s] writing manifest file 'tortoisebot_control.egg-info/SOURCES.txt'
[1.893s] reading manifest file 'tortoisebot_control.egg-info/SOURCES.txt'
[1.894s] writing manifest file 'tortoisebot_control.egg-info/SOURCES.txt'
[1.896s] running build_ext
[1.897s] Creating /home/shashank/ROS2_Projects/Tortoisebot_Warehouse_SLAM/install/tortoisebot_control/lib/python3.10/site-packages/tortoisebot-control.egg-link (link to .)
[1.898s] Installing teleop_twist_keyboard script to /home/shashank/ROS2_Projects/Tortoisebot_Warehouse_SLAM/install/tortoisebot_control/lib/tortoisebot_control
[1.902s] 
[1.903s] Installed /home/shashank/ROS2_Projects/Tortoisebot_Warehouse_SLAM/build/tortoisebot_control
[1.903s] running symlink_data
[1.903s] creating /home/shashank/ROS2_Projects/Tortoisebot_Warehouse_SLAM/install/tortoisebot_control/share/ament_index
[1.903s] creating /home/shashank/ROS2_Projects/Tortoisebot_Warehouse_SLAM/install/tortoisebot_control/share/ament_index/resource_index
[1.903s] creating /home/shashank/ROS2_Projects/Tortoisebot_Warehouse_SLAM/install/tortoisebot_control/share/ament_index/resource_index/packages
[1.911s] symbolically linking /home/shashank/ROS2_Projects/Tortoisebot_Warehouse_SLAM/build/tortoisebot_control/resource/tortoisebot_control -> /home/shashank/ROS2_Projects/Tortoisebot_Warehouse_SLAM/install/tortoisebot_control/share/ament_index/resource_index/packages
[1.911s] symbolically linking /home/shashank/ROS2_Projects/Tortoisebot_Warehouse_SLAM/build/tortoisebot_control/package.xml -> /home/shashank/ROS2_Projects/Tortoisebot_Warehouse_SLAM/install/tortoisebot_control/share/tortoisebot_control
[2.055s] Invoked command in '/home/shashank/ROS2_Projects/Tortoisebot_Warehouse_SLAM/build/tortoisebot_control' returned '0': PYTHONPATH=/home/shashank/ROS2_Projects/Tortoisebot_Warehouse_SLAM/build/tortoisebot_control/prefix_override:/usr/lib/python3/dist-packages/colcon_core/task/python/colcon_distutils_commands:/home/shashank/ROS2_Projects/Tortoisebot_Warehouse_SLAM/install/tortoisebot_control/lib/python3.10/site-packages:${PYTHONPATH} /usr/bin/python3 -W ignore:setup.py install is deprecated -W ignore:easy_install command is deprecated setup.py develop --editable --build-directory /home/shashank/ROS2_Projects/Tortoisebot_Warehouse_SLAM/build/tortoisebot_control/build --no-deps symlink_data
