running develop
running egg_info
creating nav_goal_sender.egg-info
writing nav_goal_sender.egg-info/PKG-INFO
writing dependency_links to nav_goal_sender.egg-info/dependency_links.txt
writing entry points to nav_goal_sender.egg-info/entry_points.txt
writing requirements to nav_goal_sender.egg-info/requires.txt
writing top-level names to nav_goal_sender.egg-info/top_level.txt
writing manifest file 'nav_goal_sender.egg-info/SOURCES.txt'
reading manifest file 'nav_goal_sender.egg-info/SOURCES.txt'
writing manifest file 'nav_goal_sender.egg-info/SOURCES.txt'
running build_ext
Creating /home/shashank/ROS2_Projects/Tortoisebot_Warehouse_SLAM/install/nav_goal_sender/lib/python3.10/site-packages/nav-goal-sender.egg-link (link to .)
Installing send_goal script to /home/shashank/ROS2_Projects/Tortoisebot_Warehouse_SLAM/install/nav_goal_sender/lib/nav_goal_sender

Installed /home/shashank/ROS2_Projects/Tortoisebot_Warehouse_SLAM/build/nav_goal_sender
running symlink_data
creating /home/shashank/ROS2_Projects/Tortoisebot_Warehouse_SLAM/install/nav_goal_sender/share/ament_index
creating /home/shashank/ROS2_Projects/Tortoisebot_Warehouse_SLAM/install/nav_goal_sender/share/ament_index/resource_index
creating /home/shashank/ROS2_Projects/Tortoisebot_Warehouse_SLAM/install/nav_goal_sender/share/ament_index/resource_index/packages
symbolically linking /home/shashank/ROS2_Projects/Tortoisebot_Warehouse_SLAM/build/nav_goal_sender/resource/nav_goal_sender -> /home/shashank/ROS2_Projects/Tortoisebot_Warehouse_SLAM/install/nav_goal_sender/share/ament_index/resource_index/packages
symbolically linking /home/shashank/ROS2_Projects/Tortoisebot_Warehouse_SLAM/build/nav_goal_sender/package.xml -> /home/shashank/ROS2_Projects/Tortoisebot_Warehouse_SLAM/install/nav_goal_sender/share/nav_goal_sender
