[1.547s] Invoking command in '/home/shashank/ROS2_Projects/Tortoisebot_Warehouse_SLAM/build/cartographer_multi_robot': PYTHONPATH=/home/shashank/ROS2_Projects/Tortoisebot_Warehouse_SLAM/build/cartographer_multi_robot/prefix_override:/usr/lib/python3/dist-packages/colcon_core/task/python/colcon_distutils_commands:/home/shashank/ROS2_Projects/Tortoisebot_Warehouse_SLAM/install/cartographer_multi_robot/lib/python3.10/site-packages:${PYTHONPATH} /usr/bin/python3 -W ignore:setup.py install is deprecated -W ignore:easy_install command is deprecated setup.py develop --editable --build-directory /home/shashank/ROS2_Projects/Tortoisebot_Warehouse_SLAM/build/cartographer_multi_robot/build --no-deps symlink_data
[2.042s] running develop
[2.557s] running egg_info
[2.557s] creating cartographer_multi_robot.egg-info
[2.557s] writing cartographer_multi_robot.egg-info/PKG-INFO
[2.558s] writing dependency_links to cartographer_multi_robot.egg-info/dependency_links.txt
[2.558s] writing entry points to cartographer_multi_robot.egg-info/entry_points.txt
[2.558s] writing requirements to cartographer_multi_robot.egg-info/requires.txt
[2.558s] writing top-level names to cartographer_multi_robot.egg-info/top_level.txt
[2.558s] writing manifest file 'cartographer_multi_robot.egg-info/SOURCES.txt'
[2.565s] reading manifest file 'cartographer_multi_robot.egg-info/SOURCES.txt'
[2.565s] writing manifest file 'cartographer_multi_robot.egg-info/SOURCES.txt'
[2.570s] running build_ext
[2.571s] Creating /home/shashank/ROS2_Projects/Tortoisebot_Warehouse_SLAM/install/cartographer_multi_robot/lib/python3.10/site-packages/cartographer-multi-robot.egg-link (link to .)
[2.571s] Installing cartographer_multi_robot script to /home/shashank/ROS2_Projects/Tortoisebot_Warehouse_SLAM/install/cartographer_multi_robot/lib/cartographer_multi_robot
[2.571s] 
[2.571s] Installed /home/shashank/ROS2_Projects/Tortoisebot_Warehouse_SLAM/build/cartographer_multi_robot
[2.571s] running symlink_data
[2.571s] creating /home/shashank/ROS2_Projects/Tortoisebot_Warehouse_SLAM/install/cartographer_multi_robot/share/ament_index
[2.571s] creating /home/shashank/ROS2_Projects/Tortoisebot_Warehouse_SLAM/install/cartographer_multi_robot/share/ament_index/resource_index
[2.574s] creating /home/shashank/ROS2_Projects/Tortoisebot_Warehouse_SLAM/install/cartographer_multi_robot/share/ament_index/resource_index/packages
[2.574s] symbolically linking /home/shashank/ROS2_Projects/Tortoisebot_Warehouse_SLAM/build/cartographer_multi_robot/resource/cartographer_multi_robot -> /home/shashank/ROS2_Projects/Tortoisebot_Warehouse_SLAM/install/cartographer_multi_robot/share/ament_index/resource_index/packages
[2.574s] symbolically linking /home/shashank/ROS2_Projects/Tortoisebot_Warehouse_SLAM/build/cartographer_multi_robot/package.xml -> /home/shashank/ROS2_Projects/Tortoisebot_Warehouse_SLAM/install/cartographer_multi_robot/share/cartographer_multi_robot
[2.574s] creating /home/shashank/ROS2_Projects/Tortoisebot_Warehouse_SLAM/install/cartographer_multi_robot/share/cartographer_multi_robot/cartographer_multi_robot
[2.574s] symbolically linking /home/shashank/ROS2_Projects/Tortoisebot_Warehouse_SLAM/build/cartographer_multi_robot/cartographer_multi_robot/cartographer_multi.launch.py -> /home/shashank/ROS2_Projects/Tortoisebot_Warehouse_SLAM/install/cartographer_multi_robot/share/cartographer_multi_robot/cartographer_multi_robot
[2.574s] creating /home/shashank/ROS2_Projects/Tortoisebot_Warehouse_SLAM/install/cartographer_multi_robot/share/cartographer_multi_robot/config
[2.574s] symbolically linking /home/shashank/ROS2_Projects/Tortoisebot_Warehouse_SLAM/build/cartographer_multi_robot/config/bot.lua -> /home/shashank/ROS2_Projects/Tortoisebot_Warehouse_SLAM/install/cartographer_multi_robot/share/cartographer_multi_robot/config
[2.574s] symbolically linking /home/shashank/ROS2_Projects/Tortoisebot_Warehouse_SLAM/build/cartographer_multi_robot/config/X2.yaml -> /home/shashank/ROS2_Projects/Tortoisebot_Warehouse_SLAM/install/cartographer_multi_robot/share/cartographer_multi_robot/config
[2.720s] Invoked command in '/home/shashank/ROS2_Projects/Tortoisebot_Warehouse_SLAM/build/cartographer_multi_robot' returned '0': PYTHONPATH=/home/shashank/ROS2_Projects/Tortoisebot_Warehouse_SLAM/build/cartographer_multi_robot/prefix_override:/usr/lib/python3/dist-packages/colcon_core/task/python/colcon_distutils_commands:/home/shashank/ROS2_Projects/Tortoisebot_Warehouse_SLAM/install/cartographer_multi_robot/lib/python3.10/site-packages:${PYTHONPATH} /usr/bin/python3 -W ignore:setup.py install is deprecated -W ignore:easy_install command is deprecated setup.py develop --editable --build-directory /home/shashank/ROS2_Projects/Tortoisebot_Warehouse_SLAM/build/cartographer_multi_robot/build --no-deps symlink_data
