[0.449s] Invoking command in '/home/shashank/ROS2_Projects/Tortoisebot_Warehouse_SLAM/build/tortoisebot_bringup': CMAKE_PREFIX_PATH=${CMAKE_PREFIX_PATH}:/home/shashank/ROS2_Projects/Tortoisebot_Warehouse_SLAM/install/tortoisebot_control:/home/shashank/ROS2_Projects/Tortoisebot_Warehouse_SLAM/install/scan_merger:/home/shashank/ROS2_Projects/Tortoisebot_Warehouse_SLAM/install/cartographer_multi_robot:/opt/ros/humble /usr/bin/cmake /home/shashank/ROS2_Projects/Tortoisebot_Warehouse_SLAM/src/tortoisebot/tortoisebot_bringup -DAMENT_CMAKE_SYMLINK_INSTALL=1 -DCMAKE_INSTALL_PREFIX=/home/shashank/ROS2_Projects/Tortoisebot_Warehouse_SLAM/install/tortoisebot_bringup
[0.682s] -- The C compiler identification is GNU 11.4.0
[0.682s] -- The CXX compiler identification is GNU 11.4.0
[0.683s] -- Detecting C compiler ABI info
[0.683s] -- Detecting C compiler ABI info - done
[0.683s] -- Check for working C compiler: /usr/bin/cc - skipped
[0.683s] -- Detecting C compile features
[0.683s] -- Detecting C compile features - done
[0.683s] -- Detecting CXX compiler ABI info
[0.699s] -- Detecting CXX compiler ABI info - done
[0.707s] -- Check for working CXX compiler: /usr/bin/c++ - skipped
[0.707s] -- Detecting CXX compile features
[0.708s] -- Detecting CXX compile features - done
[0.712s] -- Found ament_cmake: 1.3.11 (/opt/ros/humble/share/ament_cmake/cmake)
[0.968s] -- Found Python3: /usr/bin/python3 (found version "3.10.12") found components: Interpreter 
[1.069s] -- Override CMake install command with custom implementation using symlinks instead of copying resources
[1.118s] -- Found ament_lint_auto: 0.12.12 (/opt/ros/humble/share/ament_lint_auto/cmake)
[1.252s] -- Added test 'copyright' to check source files copyright and LICENSE
[1.255s] -- Added test 'flake8' to check Python code syntax and style conventions
[1.256s] -- Added test 'lint_cmake' to check CMake code style
[1.259s] -- Added test 'pep257' to check Python code against some of the docstring style conventions in PEP 257
[1.260s] -- Added test 'xmllint' to check XML markup files
[1.262s] -- Configuring done
[1.267s] -- Generating done
[1.270s] -- Build files have been written to: /home/shashank/ROS2_Projects/Tortoisebot_Warehouse_SLAM/build/tortoisebot_bringup
[1.279s] Invoked command in '/home/shashank/ROS2_Projects/Tortoisebot_Warehouse_SLAM/build/tortoisebot_bringup' returned '0': CMAKE_PREFIX_PATH=${CMAKE_PREFIX_PATH}:/home/shashank/ROS2_Projects/Tortoisebot_Warehouse_SLAM/install/tortoisebot_control:/home/shashank/ROS2_Projects/Tortoisebot_Warehouse_SLAM/install/scan_merger:/home/shashank/ROS2_Projects/Tortoisebot_Warehouse_SLAM/install/cartographer_multi_robot:/opt/ros/humble /usr/bin/cmake /home/shashank/ROS2_Projects/Tortoisebot_Warehouse_SLAM/src/tortoisebot/tortoisebot_bringup -DAMENT_CMAKE_SYMLINK_INSTALL=1 -DCMAKE_INSTALL_PREFIX=/home/shashank/ROS2_Projects/Tortoisebot_Warehouse_SLAM/install/tortoisebot_bringup
[1.283s] Invoking command in '/home/shashank/ROS2_Projects/Tortoisebot_Warehouse_SLAM/build/tortoisebot_bringup': CMAKE_PREFIX_PATH=${CMAKE_PREFIX_PATH}:/home/shashank/ROS2_Projects/Tortoisebot_Warehouse_SLAM/install/tortoisebot_control:/home/shashank/ROS2_Projects/Tortoisebot_Warehouse_SLAM/install/scan_merger:/home/shashank/ROS2_Projects/Tortoisebot_Warehouse_SLAM/install/cartographer_multi_robot:/opt/ros/humble /usr/bin/cmake --build /home/shashank/ROS2_Projects/Tortoisebot_Warehouse_SLAM/build/tortoisebot_bringup -- -j16 -l16
[1.598s] Invoked command in '/home/shashank/ROS2_Projects/Tortoisebot_Warehouse_SLAM/build/tortoisebot_bringup' returned '0': CMAKE_PREFIX_PATH=${CMAKE_PREFIX_PATH}:/home/shashank/ROS2_Projects/Tortoisebot_Warehouse_SLAM/install/tortoisebot_control:/home/shashank/ROS2_Projects/Tortoisebot_Warehouse_SLAM/install/scan_merger:/home/shashank/ROS2_Projects/Tortoisebot_Warehouse_SLAM/install/cartographer_multi_robot:/opt/ros/humble /usr/bin/cmake --build /home/shashank/ROS2_Projects/Tortoisebot_Warehouse_SLAM/build/tortoisebot_bringup -- -j16 -l16
[1.613s] Invoking command in '/home/shashank/ROS2_Projects/Tortoisebot_Warehouse_SLAM/build/tortoisebot_bringup': CMAKE_PREFIX_PATH=${CMAKE_PREFIX_PATH}:/home/shashank/ROS2_Projects/Tortoisebot_Warehouse_SLAM/install/tortoisebot_control:/home/shashank/ROS2_Projects/Tortoisebot_Warehouse_SLAM/install/scan_merger:/home/shashank/ROS2_Projects/Tortoisebot_Warehouse_SLAM/install/cartographer_multi_robot:/opt/ros/humble /usr/bin/cmake --install /home/shashank/ROS2_Projects/Tortoisebot_Warehouse_SLAM/build/tortoisebot_bringup
[1.625s] -- Install configuration: ""
[1.625s] -- Execute custom install script
[1.625s] -- Symlinking: /home/shashank/ROS2_Projects/Tortoisebot_Warehouse_SLAM/install/tortoisebot_bringup/share/tortoisebot_bringup/launch/autobringup.launch.py
[1.642s] -- Symlinking: /home/shashank/ROS2_Projects/Tortoisebot_Warehouse_SLAM/install/tortoisebot_bringup/share/tortoisebot_bringup/launch/bringup.launch.py
[1.654s] -- Symlinking: /home/shashank/ROS2_Projects/Tortoisebot_Warehouse_SLAM/install/tortoisebot_bringup/share/tortoisebot_bringup/maps/room2.pgm
[1.666s] -- Symlinking: /home/shashank/ROS2_Projects/Tortoisebot_Warehouse_SLAM/install/tortoisebot_bringup/share/tortoisebot_bringup/maps/room2.yaml
[1.683s] -- Symlinking: /home/shashank/ROS2_Projects/Tortoisebot_Warehouse_SLAM/install/tortoisebot_bringup/share/ament_index/resource_index/package_run_dependencies/tortoisebot_bringup
[1.709s] -- Symlinking: /home/shashank/ROS2_Projects/Tortoisebot_Warehouse_SLAM/install/tortoisebot_bringup/share/ament_index/resource_index/parent_prefix_path/tortoisebot_bringup
[1.739s] -- Symlinking: /home/shashank/ROS2_Projects/Tortoisebot_Warehouse_SLAM/install/tortoisebot_bringup/share/tortoisebot_bringup/environment/ament_prefix_path.sh
[1.759s] -- Symlinking: /home/shashank/ROS2_Projects/Tortoisebot_Warehouse_SLAM/install/tortoisebot_bringup/share/tortoisebot_bringup/environment/ament_prefix_path.dsv
[1.790s] -- Symlinking: /home/shashank/ROS2_Projects/Tortoisebot_Warehouse_SLAM/install/tortoisebot_bringup/share/tortoisebot_bringup/environment/path.sh
[1.842s] -- Symlinking: /home/shashank/ROS2_Projects/Tortoisebot_Warehouse_SLAM/install/tortoisebot_bringup/share/tortoisebot_bringup/environment/path.dsv
[1.882s] -- Symlinking: /home/shashank/ROS2_Projects/Tortoisebot_Warehouse_SLAM/install/tortoisebot_bringup/share/tortoisebot_bringup/local_setup.bash
[1.914s] -- Symlinking: /home/shashank/ROS2_Projects/Tortoisebot_Warehouse_SLAM/install/tortoisebot_bringup/share/tortoisebot_bringup/local_setup.sh
[1.941s] -- Symlinking: /home/shashank/ROS2_Projects/Tortoisebot_Warehouse_SLAM/install/tortoisebot_bringup/share/tortoisebot_bringup/local_setup.zsh
[1.985s] -- Symlinking: /home/shashank/ROS2_Projects/Tortoisebot_Warehouse_SLAM/install/tortoisebot_bringup/share/tortoisebot_bringup/local_setup.dsv
[2.017s] -- Symlinking: /home/shashank/ROS2_Projects/Tortoisebot_Warehouse_SLAM/install/tortoisebot_bringup/share/tortoisebot_bringup/package.dsv
[2.045s] -- Symlinking: /home/shashank/ROS2_Projects/Tortoisebot_Warehouse_SLAM/install/tortoisebot_bringup/share/ament_index/resource_index/packages/tortoisebot_bringup
[2.074s] -- Symlinking: /home/shashank/ROS2_Projects/Tortoisebot_Warehouse_SLAM/install/tortoisebot_bringup/share/tortoisebot_bringup/cmake/tortoisebot_bringupConfig.cmake
[2.099s] -- Symlinking: /home/shashank/ROS2_Projects/Tortoisebot_Warehouse_SLAM/install/tortoisebot_bringup/share/tortoisebot_bringup/cmake/tortoisebot_bringupConfig-version.cmake
[2.124s] -- Symlinking: /home/shashank/ROS2_Projects/Tortoisebot_Warehouse_SLAM/install/tortoisebot_bringup/share/tortoisebot_bringup/package.xml
[2.163s] Invoked command in '/home/shashank/ROS2_Projects/Tortoisebot_Warehouse_SLAM/build/tortoisebot_bringup' returned '0': CMAKE_PREFIX_PATH=${CMAKE_PREFIX_PATH}:/home/shashank/ROS2_Projects/Tortoisebot_Warehouse_SLAM/install/tortoisebot_control:/home/shashank/ROS2_Projects/Tortoisebot_Warehouse_SLAM/install/scan_merger:/home/shashank/ROS2_Projects/Tortoisebot_Warehouse_SLAM/install/cartographer_multi_robot:/opt/ros/humble /usr/bin/cmake --install /home/shashank/ROS2_Projects/Tortoisebot_Warehouse_SLAM/build/tortoisebot_bringup
