[1.335s] Invoking command in '/home/shashank/ROS2_Projects/Tortoisebot_Warehouse_SLAM/build/v4l2_camera': CMAKE_PREFIX_PATH=/opt/ros/humble /usr/bin/cmake /home/shashank/ROS2_Projects/Tortoisebot_Warehouse_SLAM/src/tortoisebot_swarmrobot/v4l2_camera -DAMENT_CMAKE_SYMLINK_INSTALL=1 -DCMAKE_INSTALL_PREFIX=/home/shashank/ROS2_Projects/Tortoisebot_Warehouse_SLAM/install/v4l2_camera
[1.440s] -- The C compiler identification is GNU 11.4.0
[1.554s] -- The CXX compiler identification is GNU 11.4.0
[1.573s] -- Detecting C compiler ABI info
[1.722s] -- Detecting C compiler ABI info - done
[1.736s] -- Check for working C compiler: /usr/bin/cc - skipped
[1.738s] -- Detecting C compile features
[1.739s] -- Detecting C compile features - done
[1.747s] -- Detecting CXX compiler ABI info
[1.923s] -- Detecting CXX compiler ABI info - done
[1.937s] -- Check for working CXX compiler: /usr/bin/c++ - skipped
[1.937s] -- Detecting CXX compile features
[1.939s] -- Detecting CXX compile features - done
[1.943s] -- Found ament_cmake: 1.3.11 (/opt/ros/humble/share/ament_cmake/cmake)
[2.255s] -- Found Python3: /usr/bin/python3 (found version "3.10.12") found components: Interpreter 
[2.377s] -- Override CMake install command with custom implementation using symlinks instead of copying resources
[2.427s] -- Found ament_cmake_ros: 0.10.0 (/opt/ros/humble/share/ament_cmake_ros/cmake)
[2.449s] -- Found rclcpp: 16.0.12 (/opt/ros/humble/share/rclcpp/cmake)
[2.567s] -- Found rosidl_generator_c: 3.1.6 (/opt/ros/humble/share/rosidl_generator_c/cmake)
[2.582s] -- Found rosidl_adapter: 3.1.6 (/opt/ros/humble/share/rosidl_adapter/cmake)
[2.611s] -- Found rosidl_generator_cpp: 3.1.6 (/opt/ros/humble/share/rosidl_generator_cpp/cmake)
[2.636s] -- Using all available rosidl_typesupport_c: rosidl_typesupport_fastrtps_c;rosidl_typesupport_introspection_c
[2.674s] -- Using all available rosidl_typesupport_cpp: rosidl_typesupport_fastrtps_cpp;rosidl_typesupport_introspection_cpp
[2.783s] -- Found rmw_implementation_cmake: 6.1.2 (/opt/ros/humble/share/rmw_implementation_cmake/cmake)
[2.789s] -- Found rmw_fastrtps_cpp: 6.2.7 (/opt/ros/humble/share/rmw_fastrtps_cpp/cmake)
[3.206s] -- Found OpenSSL: /usr/lib/x86_64-linux-gnu/libcrypto.so (found version "3.0.2")  
[3.296s] -- Found FastRTPS: /opt/ros/humble/include  
[3.418s] -- Using RMW implementation 'rmw_fastrtps_cpp' as default
[3.468s] -- Looking for pthread.h
[3.683s] -- Looking for pthread.h - found
[3.683s] -- Performing Test CMAKE_HAVE_LIBC_PTHREAD
[3.874s] -- Performing Test CMAKE_HAVE_LIBC_PTHREAD - Success
[3.881s] -- Found Threads: TRUE  
[4.146s] -- Found rclcpp_components: 16.0.12 (/opt/ros/humble/share/rclcpp_components/cmake)
[4.231s] -- Found camera_info_manager: 3.1.11 (/opt/ros/humble/share/camera_info_manager/cmake)
[4.321s] -- Found cv_bridge: 3.2.1 (/opt/ros/humble/share/cv_bridge/cmake)
[4.347s] -- Found image_transport: 3.1.11 (/opt/ros/humble/share/image_transport/cmake)
[4.398s] -- Found ament_lint_auto: 0.12.12 (/opt/ros/humble/share/ament_lint_auto/cmake)
[4.535s] -- Added test 'cppcheck' to perform static code analysis on C / C++ code
[4.535s] -- Configured cppcheck include dirs: $<BUILD_INTERFACE:/home/shashank/ROS2_Projects/Tortoisebot_Warehouse_SLAM/src/tortoisebot_swarmrobot/v4l2_camera/include>
[4.536s] -- Configured cppcheck exclude dirs and/or files: 
[4.537s] -- Added test 'cpplint' to check C / C++ code against the Google style
[4.538s] -- Configured cpplint exclude dirs and/or files: 
[4.539s] -- Added test 'lint_cmake' to check CMake code style
[4.541s] -- Added test 'uncrustify' to check C / C++ code style
[4.541s] -- Configured uncrustify additional arguments: 
[4.541s] -- Added test 'xmllint' to check XML markup files
[4.549s] -- Configuring done
[4.574s] -- Generating done
[4.582s] -- Build files have been written to: /home/shashank/ROS2_Projects/Tortoisebot_Warehouse_SLAM/build/v4l2_camera
[4.600s] Invoked command in '/home/shashank/ROS2_Projects/Tortoisebot_Warehouse_SLAM/build/v4l2_camera' returned '0': CMAKE_PREFIX_PATH=/opt/ros/humble /usr/bin/cmake /home/shashank/ROS2_Projects/Tortoisebot_Warehouse_SLAM/src/tortoisebot_swarmrobot/v4l2_camera -DAMENT_CMAKE_SYMLINK_INSTALL=1 -DCMAKE_INSTALL_PREFIX=/home/shashank/ROS2_Projects/Tortoisebot_Warehouse_SLAM/install/v4l2_camera
[4.603s] Invoking command in '/home/shashank/ROS2_Projects/Tortoisebot_Warehouse_SLAM/build/v4l2_camera': CMAKE_PREFIX_PATH=/opt/ros/humble /usr/bin/cmake --build /home/shashank/ROS2_Projects/Tortoisebot_Warehouse_SLAM/build/v4l2_camera -- -j16 -l16
[4.676s] [ 12%] [32mBuilding CXX object CMakeFiles/v4l2_camera.dir/src/parameters.cpp.o[0m
[4.676s] [ 37%] [32mBuilding CXX object CMakeFiles/v4l2_camera.dir/src/v4l2_camera.cpp.o[0m
[4.676s] [ 37%] [32mBuilding CXX object CMakeFiles/v4l2_camera.dir/src/v4l2_camera_device.cpp.o[0m
[14.477s] [ 50%] [32m[1mLinking CXX shared library libv4l2_camera.so[0m
[15.041s] [ 50%] Built target v4l2_camera
[15.064s] [ 75%] [32mBuilding CXX object CMakeFiles/v4l2_camera_compose_test.dir/src/v4l2_camera_compose_test.cpp.o[0m
[15.064s] [ 75%] [32mBuilding CXX object CMakeFiles/v4l2_camera_node.dir/src/v4l2_camera_node.cpp.o[0m
[18.118s] [ 87%] [32m[1mLinking CXX executable v4l2_camera_node[0m
[18.644s] [ 87%] Built target v4l2_camera_node
[23.012s] [100%] [32m[1mLinking CXX executable v4l2_camera_compose_test[0m
[23.629s] [100%] Built target v4l2_camera_compose_test
[23.643s] Invoked command in '/home/shashank/ROS2_Projects/Tortoisebot_Warehouse_SLAM/build/v4l2_camera' returned '0': CMAKE_PREFIX_PATH=/opt/ros/humble /usr/bin/cmake --build /home/shashank/ROS2_Projects/Tortoisebot_Warehouse_SLAM/build/v4l2_camera -- -j16 -l16
[23.644s] Invoking command in '/home/shashank/ROS2_Projects/Tortoisebot_Warehouse_SLAM/build/v4l2_camera': CMAKE_PREFIX_PATH=/opt/ros/humble /usr/bin/cmake --install /home/shashank/ROS2_Projects/Tortoisebot_Warehouse_SLAM/build/v4l2_camera
[23.653s] -- Install configuration: ""
[23.653s] -- Execute custom install script
[23.654s] -- Symlinking: /home/shashank/ROS2_Projects/Tortoisebot_Warehouse_SLAM/install/v4l2_camera/include/v4l2_camera/control.hpp
[23.663s] -- Symlinking: /home/shashank/ROS2_Projects/Tortoisebot_Warehouse_SLAM/install/v4l2_camera/include/v4l2_camera/fourcc.hpp
[23.672s] -- Symlinking: /home/shashank/ROS2_Projects/Tortoisebot_Warehouse_SLAM/install/v4l2_camera/include/v4l2_camera/image_format.hpp
[23.682s] -- Symlinking: /home/shashank/ROS2_Projects/Tortoisebot_Warehouse_SLAM/install/v4l2_camera/include/v4l2_camera/parameters.hpp
[23.692s] -- Symlinking: /home/shashank/ROS2_Projects/Tortoisebot_Warehouse_SLAM/install/v4l2_camera/include/v4l2_camera/pixel_format.hpp
[23.701s] -- Symlinking: /home/shashank/ROS2_Projects/Tortoisebot_Warehouse_SLAM/install/v4l2_camera/include/v4l2_camera/v4l2_camera.hpp
[23.711s] -- Symlinking: /home/shashank/ROS2_Projects/Tortoisebot_Warehouse_SLAM/install/v4l2_camera/include/v4l2_camera/v4l2_camera_device.hpp
[23.720s] -- Symlinking: /home/shashank/ROS2_Projects/Tortoisebot_Warehouse_SLAM/install/v4l2_camera/include/v4l2_camera/visibility_control.h
[23.729s] -- Symlinking: /home/shashank/ROS2_Projects/Tortoisebot_Warehouse_SLAM/install/v4l2_camera/share/v4l2_camera/environment/library_path.sh
[23.737s] -- Symlinking: /home/shashank/ROS2_Projects/Tortoisebot_Warehouse_SLAM/install/v4l2_camera/share/v4l2_camera/environment/library_path.dsv
[23.748s] -- Symlinking: /home/shashank/ROS2_Projects/Tortoisebot_Warehouse_SLAM/install/v4l2_camera/share/ament_index/resource_index/package_run_dependencies/v4l2_camera
[23.757s] -- Symlinking: /home/shashank/ROS2_Projects/Tortoisebot_Warehouse_SLAM/install/v4l2_camera/share/ament_index/resource_index/parent_prefix_path/v4l2_camera
[23.766s] -- Symlinking: /home/shashank/ROS2_Projects/Tortoisebot_Warehouse_SLAM/install/v4l2_camera/share/v4l2_camera/environment/ament_prefix_path.sh
[23.776s] -- Symlinking: /home/shashank/ROS2_Projects/Tortoisebot_Warehouse_SLAM/install/v4l2_camera/share/v4l2_camera/environment/ament_prefix_path.dsv
[23.785s] -- Symlinking: /home/shashank/ROS2_Projects/Tortoisebot_Warehouse_SLAM/install/v4l2_camera/share/v4l2_camera/environment/path.sh
[23.795s] -- Symlinking: /home/shashank/ROS2_Projects/Tortoisebot_Warehouse_SLAM/install/v4l2_camera/share/v4l2_camera/environment/path.dsv
[23.804s] -- Symlinking: /home/shashank/ROS2_Projects/Tortoisebot_Warehouse_SLAM/install/v4l2_camera/share/v4l2_camera/local_setup.bash
[23.813s] -- Symlinking: /home/shashank/ROS2_Projects/Tortoisebot_Warehouse_SLAM/install/v4l2_camera/share/v4l2_camera/local_setup.sh
[23.822s] -- Symlinking: /home/shashank/ROS2_Projects/Tortoisebot_Warehouse_SLAM/install/v4l2_camera/share/v4l2_camera/local_setup.zsh
[23.831s] -- Symlinking: /home/shashank/ROS2_Projects/Tortoisebot_Warehouse_SLAM/install/v4l2_camera/share/v4l2_camera/local_setup.dsv
[23.840s] -- Symlinking: /home/shashank/ROS2_Projects/Tortoisebot_Warehouse_SLAM/install/v4l2_camera/share/v4l2_camera/package.dsv
[23.849s] -- Symlinking: /home/shashank/ROS2_Projects/Tortoisebot_Warehouse_SLAM/install/v4l2_camera/share/ament_index/resource_index/packages/v4l2_camera
[23.858s] -- Symlinking: /home/shashank/ROS2_Projects/Tortoisebot_Warehouse_SLAM/install/v4l2_camera/share/ament_index/resource_index/rclcpp_components/v4l2_camera
[23.867s] -- Symlinking: /home/shashank/ROS2_Projects/Tortoisebot_Warehouse_SLAM/install/v4l2_camera/share/v4l2_camera/cmake/ament_cmake_export_include_directories-extras.cmake
[23.877s] -- Symlinking: /home/shashank/ROS2_Projects/Tortoisebot_Warehouse_SLAM/install/v4l2_camera/share/v4l2_camera/cmake/ament_cmake_export_targets-extras.cmake
[23.887s] -- Symlinking: /home/shashank/ROS2_Projects/Tortoisebot_Warehouse_SLAM/install/v4l2_camera/share/v4l2_camera/cmake/ament_cmake_export_libraries-extras.cmake
[23.897s] -- Symlinking: /home/shashank/ROS2_Projects/Tortoisebot_Warehouse_SLAM/install/v4l2_camera/share/v4l2_camera/cmake/ament_cmake_export_dependencies-extras.cmake
[23.906s] -- Symlinking: /home/shashank/ROS2_Projects/Tortoisebot_Warehouse_SLAM/install/v4l2_camera/share/v4l2_camera/cmake/v4l2_cameraConfig.cmake
[23.916s] -- Symlinking: /home/shashank/ROS2_Projects/Tortoisebot_Warehouse_SLAM/install/v4l2_camera/share/v4l2_camera/cmake/v4l2_cameraConfig-version.cmake
[23.926s] -- Symlinking: /home/shashank/ROS2_Projects/Tortoisebot_Warehouse_SLAM/install/v4l2_camera/share/v4l2_camera/package.xml
[23.935s] -- Installing: /home/shashank/ROS2_Projects/Tortoisebot_Warehouse_SLAM/install/v4l2_camera/lib/libv4l2_camera.so
[23.944s] -- Set runtime path of "/home/shashank/ROS2_Projects/Tortoisebot_Warehouse_SLAM/install/v4l2_camera/lib/libv4l2_camera.so" to ""
[23.944s] -- Installing: /home/shashank/ROS2_Projects/Tortoisebot_Warehouse_SLAM/install/v4l2_camera/lib/v4l2_camera/v4l2_camera_node
[23.945s] -- Set runtime path of "/home/shashank/ROS2_Projects/Tortoisebot_Warehouse_SLAM/install/v4l2_camera/lib/v4l2_camera/v4l2_camera_node" to ""
[23.945s] -- Installing: /home/shashank/ROS2_Projects/Tortoisebot_Warehouse_SLAM/install/v4l2_camera/lib/v4l2_camera/v4l2_camera_compose_test
[23.949s] -- Set runtime path of "/home/shashank/ROS2_Projects/Tortoisebot_Warehouse_SLAM/install/v4l2_camera/lib/v4l2_camera/v4l2_camera_compose_test" to ""
[23.949s] -- Installing: /home/shashank/ROS2_Projects/Tortoisebot_Warehouse_SLAM/install/v4l2_camera/share/v4l2_camera/cmake/export_v4l2_cameraExport.cmake
[23.949s] -- Installing: /home/shashank/ROS2_Projects/Tortoisebot_Warehouse_SLAM/install/v4l2_camera/share/v4l2_camera/cmake/export_v4l2_cameraExport-noconfig.cmake
[23.952s] Invoked command in '/home/shashank/ROS2_Projects/Tortoisebot_Warehouse_SLAM/build/v4l2_camera' returned '0': CMAKE_PREFIX_PATH=/opt/ros/humble /usr/bin/cmake --install /home/shashank/ROS2_Projects/Tortoisebot_Warehouse_SLAM/build/v4l2_camera
