[0.481s] Invoking command in '/home/shashank/ROS2_Projects/Rigbetellabs/build/tortoisebot_bringup': CMAKE_PREFIX_PATH=${CMAKE_PREFIX_PATH}:/home/shashank/ROS2_Projects/Rigbetellabs/install/tortoisebot_control:/home/shashank/ROS2_Projects/Rigbetellabs/install/scan_merger:/home/shashank/ROS2_Projects/Rigbetellabs/install/cartographer_multi_robot:/opt/ros/humble /usr/bin/cmake /home/shashank/ROS2_Projects/Rigbetellabs/src/tortoisebot/tortoisebot_bringup -DAMENT_CMAKE_SYMLINK_INSTALL=1 -DCMAKE_INSTALL_PREFIX=/home/shashank/ROS2_Projects/Rigbetellabs/install/tortoisebot_bringup
[0.726s] -- The C compiler identification is GNU 11.4.0
[0.726s] -- The CXX compiler identification is GNU 11.4.0
[0.726s] -- Detecting C compiler ABI info
[0.726s] -- Detecting C compiler ABI info - done
[0.727s] -- Check for working C compiler: /usr/bin/cc - skipped
[0.727s] -- Detecting C compile features
[0.727s] -- Detecting C compile features - done
[0.727s] -- Detecting CXX compiler ABI info
[0.735s] -- Detecting CXX compiler ABI info - done
[0.739s] -- Check for working CXX compiler: /usr/bin/c++ - skipped
[0.739s] -- Detecting CXX compile features
[0.740s] -- Detecting CXX compile features - done
[0.743s] -- Found ament_cmake: 1.3.11 (/opt/ros/humble/share/ament_cmake/cmake)
[1.001s] -- Found Python3: /usr/bin/python3 (found version "3.10.12") found components: Interpreter 
[1.113s] -- Override CMake install command with custom implementation using symlinks instead of copying resources
[1.166s] -- Found ament_lint_auto: 0.12.12 (/opt/ros/humble/share/ament_lint_auto/cmake)
[1.331s] -- Added test 'copyright' to check source files copyright and LICENSE
[1.331s] -- Added test 'flake8' to check Python code syntax and style conventions
[1.332s] -- Added test 'lint_cmake' to check CMake code style
[1.333s] -- Added test 'pep257' to check Python code against some of the docstring style conventions in PEP 257
[1.335s] -- Added test 'xmllint' to check XML markup files
[1.337s] -- Configuring done
[1.341s] -- Generating done
[1.343s] -- Build files have been written to: /home/shashank/ROS2_Projects/Rigbetellabs/build/tortoisebot_bringup
[1.353s] Invoked command in '/home/shashank/ROS2_Projects/Rigbetellabs/build/tortoisebot_bringup' returned '0': CMAKE_PREFIX_PATH=${CMAKE_PREFIX_PATH}:/home/shashank/ROS2_Projects/Rigbetellabs/install/tortoisebot_control:/home/shashank/ROS2_Projects/Rigbetellabs/install/scan_merger:/home/shashank/ROS2_Projects/Rigbetellabs/install/cartographer_multi_robot:/opt/ros/humble /usr/bin/cmake /home/shashank/ROS2_Projects/Rigbetellabs/src/tortoisebot/tortoisebot_bringup -DAMENT_CMAKE_SYMLINK_INSTALL=1 -DCMAKE_INSTALL_PREFIX=/home/shashank/ROS2_Projects/Rigbetellabs/install/tortoisebot_bringup
[1.354s] Invoking command in '/home/shashank/ROS2_Projects/Rigbetellabs/build/tortoisebot_bringup': CMAKE_PREFIX_PATH=${CMAKE_PREFIX_PATH}:/home/shashank/ROS2_Projects/Rigbetellabs/install/tortoisebot_control:/home/shashank/ROS2_Projects/Rigbetellabs/install/scan_merger:/home/shashank/ROS2_Projects/Rigbetellabs/install/cartographer_multi_robot:/opt/ros/humble /usr/bin/cmake --build /home/shashank/ROS2_Projects/Rigbetellabs/build/tortoisebot_bringup -- -j16 -l16
[1.700s] Invoked command in '/home/shashank/ROS2_Projects/Rigbetellabs/build/tortoisebot_bringup' returned '0': CMAKE_PREFIX_PATH=${CMAKE_PREFIX_PATH}:/home/shashank/ROS2_Projects/Rigbetellabs/install/tortoisebot_control:/home/shashank/ROS2_Projects/Rigbetellabs/install/scan_merger:/home/shashank/ROS2_Projects/Rigbetellabs/install/cartographer_multi_robot:/opt/ros/humble /usr/bin/cmake --build /home/shashank/ROS2_Projects/Rigbetellabs/build/tortoisebot_bringup -- -j16 -l16
[1.714s] Invoking command in '/home/shashank/ROS2_Projects/Rigbetellabs/build/tortoisebot_bringup': CMAKE_PREFIX_PATH=${CMAKE_PREFIX_PATH}:/home/shashank/ROS2_Projects/Rigbetellabs/install/tortoisebot_control:/home/shashank/ROS2_Projects/Rigbetellabs/install/scan_merger:/home/shashank/ROS2_Projects/Rigbetellabs/install/cartographer_multi_robot:/opt/ros/humble /usr/bin/cmake --install /home/shashank/ROS2_Projects/Rigbetellabs/build/tortoisebot_bringup
[1.753s] -- Install configuration: ""
[1.753s] -- Execute custom install script
[1.753s] -- Symlinking: /home/shashank/ROS2_Projects/Rigbetellabs/install/tortoisebot_bringup/share/tortoisebot_bringup/launch/autobringup.launch.py
[1.753s] -- Symlinking: /home/shashank/ROS2_Projects/Rigbetellabs/install/tortoisebot_bringup/share/tortoisebot_bringup/launch/bringup.launch.py
[1.778s] -- Symlinking: /home/shashank/ROS2_Projects/Rigbetellabs/install/tortoisebot_bringup/share/tortoisebot_bringup/maps/room2.pgm
[1.799s] -- Symlinking: /home/shashank/ROS2_Projects/Rigbetellabs/install/tortoisebot_bringup/share/tortoisebot_bringup/maps/room2.yaml
[1.844s] -- Symlinking: /home/shashank/ROS2_Projects/Rigbetellabs/install/tortoisebot_bringup/share/ament_index/resource_index/package_run_dependencies/tortoisebot_bringup
[1.870s] -- Symlinking: /home/shashank/ROS2_Projects/Rigbetellabs/install/tortoisebot_bringup/share/ament_index/resource_index/parent_prefix_path/tortoisebot_bringup
[1.906s] -- Symlinking: /home/shashank/ROS2_Projects/Rigbetellabs/install/tortoisebot_bringup/share/tortoisebot_bringup/environment/ament_prefix_path.sh
[1.930s] -- Symlinking: /home/shashank/ROS2_Projects/Rigbetellabs/install/tortoisebot_bringup/share/tortoisebot_bringup/environment/ament_prefix_path.dsv
[1.964s] -- Symlinking: /home/shashank/ROS2_Projects/Rigbetellabs/install/tortoisebot_bringup/share/tortoisebot_bringup/environment/path.sh
[1.990s] -- Symlinking: /home/shashank/ROS2_Projects/Rigbetellabs/install/tortoisebot_bringup/share/tortoisebot_bringup/environment/path.dsv
[2.021s] -- Symlinking: /home/shashank/ROS2_Projects/Rigbetellabs/install/tortoisebot_bringup/share/tortoisebot_bringup/local_setup.bash
[2.066s] -- Symlinking: /home/shashank/ROS2_Projects/Rigbetellabs/install/tortoisebot_bringup/share/tortoisebot_bringup/local_setup.sh
[2.100s] -- Symlinking: /home/shashank/ROS2_Projects/Rigbetellabs/install/tortoisebot_bringup/share/tortoisebot_bringup/local_setup.zsh
[2.131s] -- Symlinking: /home/shashank/ROS2_Projects/Rigbetellabs/install/tortoisebot_bringup/share/tortoisebot_bringup/local_setup.dsv
[2.160s] -- Symlinking: /home/shashank/ROS2_Projects/Rigbetellabs/install/tortoisebot_bringup/share/tortoisebot_bringup/package.dsv
[2.186s] -- Symlinking: /home/shashank/ROS2_Projects/Rigbetellabs/install/tortoisebot_bringup/share/ament_index/resource_index/packages/tortoisebot_bringup
[2.218s] -- Symlinking: /home/shashank/ROS2_Projects/Rigbetellabs/install/tortoisebot_bringup/share/tortoisebot_bringup/cmake/tortoisebot_bringupConfig.cmake
[2.238s] -- Symlinking: /home/shashank/ROS2_Projects/Rigbetellabs/install/tortoisebot_bringup/share/tortoisebot_bringup/cmake/tortoisebot_bringupConfig-version.cmake
[2.274s] -- Symlinking: /home/shashank/ROS2_Projects/Rigbetellabs/install/tortoisebot_bringup/share/tortoisebot_bringup/package.xml
[2.334s] Invoked command in '/home/shashank/ROS2_Projects/Rigbetellabs/build/tortoisebot_bringup' returned '0': CMAKE_PREFIX_PATH=${CMAKE_PREFIX_PATH}:/home/shashank/ROS2_Projects/Rigbetellabs/install/tortoisebot_control:/home/shashank/ROS2_Projects/Rigbetellabs/install/scan_merger:/home/shashank/ROS2_Projects/Rigbetellabs/install/cartographer_multi_robot:/opt/ros/humble /usr/bin/cmake --install /home/shashank/ROS2_Projects/Rigbetellabs/build/tortoisebot_bringup
