[2.260s] Invoking command in '/home/shashank/ROS2_Projects/Tortoisebot_Warehouse_SLAM/build/cartographer_multi_robot': PYTHONPATH=/home/shashank/ROS2_Projects/Tortoisebot_Warehouse_SLAM/build/cartographer_multi_robot/prefix_override:/usr/lib/python3/dist-packages/colcon_core/task/python/colcon_distutils_commands:/home/shashank/ROS2_Projects/Tortoisebot_Warehouse_SLAM/install/cartographer_multi_robot/lib/python3.10/site-packages:${PYTHONPATH} /usr/bin/python3 -W ignore:setup.py install is deprecated -W ignore:easy_install command is deprecated setup.py develop --editable --build-directory /home/shashank/ROS2_Projects/Tortoisebot_Warehouse_SLAM/build/cartographer_multi_robot/build --no-deps symlink_data
[2.740s] running develop
[3.140s] running egg_info
[3.140s] creating cartographer_multi_robot.egg-info
[3.140s] writing cartographer_multi_robot.egg-info/PKG-INFO
[3.141s] writing dependency_links to cartographer_multi_robot.egg-info/dependency_links.txt
[3.141s] writing entry points to cartographer_multi_robot.egg-info/entry_points.txt
[3.141s] writing requirements to cartographer_multi_robot.egg-info/requires.txt
[3.141s] writing top-level names to cartographer_multi_robot.egg-info/top_level.txt
[3.141s] writing manifest file 'cartographer_multi_robot.egg-info/SOURCES.txt'
[3.142s] reading manifest file 'cartographer_multi_robot.egg-info/SOURCES.txt'
[3.142s] writing manifest file 'cartographer_multi_robot.egg-info/SOURCES.txt'
[3.142s] running build_ext
[3.142s] Creating /home/shashank/ROS2_Projects/Tortoisebot_Warehouse_SLAM/install/cartographer_multi_robot/lib/python3.10/site-packages/cartographer-multi-robot.egg-link (link to .)
[3.152s] Installing cartographer_multi_robot script to /home/shashank/ROS2_Projects/Tortoisebot_Warehouse_SLAM/install/cartographer_multi_robot/lib/cartographer_multi_robot
[3.152s] 
[3.152s] Installed /home/shashank/ROS2_Projects/Tortoisebot_Warehouse_SLAM/build/cartographer_multi_robot
[3.152s] running symlink_data
[3.152s] creating /home/shashank/ROS2_Projects/Tortoisebot_Warehouse_SLAM/install/cartographer_multi_robot/share/ament_index
[3.152s] creating /home/shashank/ROS2_Projects/Tortoisebot_Warehouse_SLAM/install/cartographer_multi_robot/share/ament_index/resource_index
[3.152s] creating /home/shashank/ROS2_Projects/Tortoisebot_Warehouse_SLAM/install/cartographer_multi_robot/share/ament_index/resource_index/packages
[3.153s] symbolically linking /home/shashank/ROS2_Projects/Tortoisebot_Warehouse_SLAM/build/cartographer_multi_robot/resource/cartographer_multi_robot -> /home/shashank/ROS2_Projects/Tortoisebot_Warehouse_SLAM/install/cartographer_multi_robot/share/ament_index/resource_index/packages
[3.153s] symbolically linking /home/shashank/ROS2_Projects/Tortoisebot_Warehouse_SLAM/build/cartographer_multi_robot/package.xml -> /home/shashank/ROS2_Projects/Tortoisebot_Warehouse_SLAM/install/cartographer_multi_robot/share/cartographer_multi_robot
[3.153s] creating /home/shashank/ROS2_Projects/Tortoisebot_Warehouse_SLAM/install/cartographer_multi_robot/share/cartographer_multi_robot/cartographer_multi_robot
[3.153s] symbolically linking /home/shashank/ROS2_Projects/Tortoisebot_Warehouse_SLAM/build/cartographer_multi_robot/cartographer_multi_robot/cartographer_multi.launch.py -> /home/shashank/ROS2_Projects/Tortoisebot_Warehouse_SLAM/install/cartographer_multi_robot/share/cartographer_multi_robot/cartographer_multi_robot
[3.153s] creating /home/shashank/ROS2_Projects/Tortoisebot_Warehouse_SLAM/install/cartographer_multi_robot/share/cartographer_multi_robot/config
[3.153s] symbolically linking /home/shashank/ROS2_Projects/Tortoisebot_Warehouse_SLAM/build/cartographer_multi_robot/config/bot.lua -> /home/shashank/ROS2_Projects/Tortoisebot_Warehouse_SLAM/install/cartographer_multi_robot/share/cartographer_multi_robot/config
[3.153s] symbolically linking /home/shashank/ROS2_Projects/Tortoisebot_Warehouse_SLAM/build/cartographer_multi_robot/config/X2.yaml -> /home/shashank/ROS2_Projects/Tortoisebot_Warehouse_SLAM/install/cartographer_multi_robot/share/cartographer_multi_robot/config
[3.487s] Invoked command in '/home/shashank/ROS2_Projects/Tortoisebot_Warehouse_SLAM/build/cartographer_multi_robot' returned '0': PYTHONPATH=/home/shashank/ROS2_Projects/Tortoisebot_Warehouse_SLAM/build/cartographer_multi_robot/prefix_override:/usr/lib/python3/dist-packages/colcon_core/task/python/colcon_distutils_commands:/home/shashank/ROS2_Projects/Tortoisebot_Warehouse_SLAM/install/cartographer_multi_robot/lib/python3.10/site-packages:${PYTHONPATH} /usr/bin/python3 -W ignore:setup.py install is deprecated -W ignore:easy_install command is deprecated setup.py develop --editable --build-directory /home/shashank/ROS2_Projects/Tortoisebot_Warehouse_SLAM/build/cartographer_multi_robot/build --no-deps symlink_data
