[1.511s] Invoking command in '/home/shashank/ROS2_Projects/Tortoisebot_Warehouse_SLAM/build/scan_merger': PYTHONPATH=/home/shashank/ROS2_Projects/Tortoisebot_Warehouse_SLAM/build/scan_merger/prefix_override:/usr/lib/python3/dist-packages/colcon_core/task/python/colcon_distutils_commands:/home/shashank/ROS2_Projects/Tortoisebot_Warehouse_SLAM/install/scan_merger/lib/python3.10/site-packages:${PYTHONPATH} /usr/bin/python3 -W ignore:setup.py install is deprecated -W ignore:easy_install command is deprecated setup.py develop --editable --build-directory /home/shashank/ROS2_Projects/Tortoisebot_Warehouse_SLAM/build/scan_merger/build --no-deps symlink_data
[1.957s] running develop
[2.475s] running egg_info
[2.475s] creating scan_merger.egg-info
[2.478s] writing scan_merger.egg-info/PKG-INFO
[2.479s] writing dependency_links to scan_merger.egg-info/dependency_links.txt
[2.479s] writing entry points to scan_merger.egg-info/entry_points.txt
[2.479s] writing requirements to scan_merger.egg-info/requires.txt
[2.479s] writing top-level names to scan_merger.egg-info/top_level.txt
[2.479s] writing manifest file 'scan_merger.egg-info/SOURCES.txt'
[2.487s] reading manifest file 'scan_merger.egg-info/SOURCES.txt'
[2.490s] writing manifest file 'scan_merger.egg-info/SOURCES.txt'
[2.491s] running build_ext
[2.491s] Creating /home/shashank/ROS2_Projects/Tortoisebot_Warehouse_SLAM/install/scan_merger/lib/python3.10/site-packages/scan-merger.egg-link (link to .)
[2.493s] Installing scan_merger script to /home/shashank/ROS2_Projects/Tortoisebot_Warehouse_SLAM/install/scan_merger/lib/scan_merger
[2.494s] 
[2.494s] Installed /home/shashank/ROS2_Projects/Tortoisebot_Warehouse_SLAM/build/scan_merger
[2.498s] running symlink_data
[2.498s] creating /home/shashank/ROS2_Projects/Tortoisebot_Warehouse_SLAM/install/scan_merger/share/ament_index
[2.498s] creating /home/shashank/ROS2_Projects/Tortoisebot_Warehouse_SLAM/install/scan_merger/share/ament_index/resource_index
[2.498s] creating /home/shashank/ROS2_Projects/Tortoisebot_Warehouse_SLAM/install/scan_merger/share/ament_index/resource_index/packages
[2.498s] symbolically linking /home/shashank/ROS2_Projects/Tortoisebot_Warehouse_SLAM/build/scan_merger/resource/scan_merger -> /home/shashank/ROS2_Projects/Tortoisebot_Warehouse_SLAM/install/scan_merger/share/ament_index/resource_index/packages
[2.499s] symbolically linking /home/shashank/ROS2_Projects/Tortoisebot_Warehouse_SLAM/build/scan_merger/package.xml -> /home/shashank/ROS2_Projects/Tortoisebot_Warehouse_SLAM/install/scan_merger/share/scan_merger
[2.774s] Invoked command in '/home/shashank/ROS2_Projects/Tortoisebot_Warehouse_SLAM/build/scan_merger' returned '0': PYTHONPATH=/home/shashank/ROS2_Projects/Tortoisebot_Warehouse_SLAM/build/scan_merger/prefix_override:/usr/lib/python3/dist-packages/colcon_core/task/python/colcon_distutils_commands:/home/shashank/ROS2_Projects/Tortoisebot_Warehouse_SLAM/install/scan_merger/lib/python3.10/site-packages:${PYTHONPATH} /usr/bin/python3 -W ignore:setup.py install is deprecated -W ignore:easy_install command is deprecated setup.py develop --editable --build-directory /home/shashank/ROS2_Projects/Tortoisebot_Warehouse_SLAM/build/scan_merger/build --no-deps symlink_data
