[1.511s] Invoking command in '/home/shashank/ROS2_Projects/Tortoisebot_Warehouse_SLAM/build/tortoisebot_control': PYTHONPATH=/home/shashank/ROS2_Projects/Tortoisebot_Warehouse_SLAM/build/tortoisebot_control/prefix_override:/usr/lib/python3/dist-packages/colcon_core/task/python/colcon_distutils_commands:/home/shashank/ROS2_Projects/Tortoisebot_Warehouse_SLAM/install/tortoisebot_control/lib/python3.10/site-packages:${PYTHONPATH} /usr/bin/python3 -W ignore:setup.py install is deprecated -W ignore:easy_install command is deprecated setup.py develop --editable --build-directory /home/shashank/ROS2_Projects/Tortoisebot_Warehouse_SLAM/build/tortoisebot_control/build --no-deps symlink_data
[1.949s] running develop
[2.572s] running egg_info
[2.572s] creating tortoisebot_control.egg-info
[2.572s] writing tortoisebot_control.egg-info/PKG-INFO
[2.572s] writing dependency_links to tortoisebot_control.egg-info/dependency_links.txt
[2.572s] writing entry points to tortoisebot_control.egg-info/entry_points.txt
[2.572s] writing requirements to tortoisebot_control.egg-info/requires.txt
[2.572s] writing top-level names to tortoisebot_control.egg-info/top_level.txt
[2.572s] writing manifest file 'tortoisebot_control.egg-info/SOURCES.txt'
[2.575s] reading manifest file 'tortoisebot_control.egg-info/SOURCES.txt'
[2.575s] writing manifest file 'tortoisebot_control.egg-info/SOURCES.txt'
[2.575s] running build_ext
[2.575s] Creating /home/shashank/ROS2_Projects/Tortoisebot_Warehouse_SLAM/install/tortoisebot_control/lib/python3.10/site-packages/tortoisebot-control.egg-link (link to .)
[2.578s] Installing teleop_twist_keyboard script to /home/shashank/ROS2_Projects/Tortoisebot_Warehouse_SLAM/install/tortoisebot_control/lib/tortoisebot_control
[2.578s] 
[2.578s] Installed /home/shashank/ROS2_Projects/Tortoisebot_Warehouse_SLAM/build/tortoisebot_control
[2.578s] running symlink_data
[2.578s] creating /home/shashank/ROS2_Projects/Tortoisebot_Warehouse_SLAM/install/tortoisebot_control/share/ament_index
[2.578s] creating /home/shashank/ROS2_Projects/Tortoisebot_Warehouse_SLAM/install/tortoisebot_control/share/ament_index/resource_index
[2.578s] creating /home/shashank/ROS2_Projects/Tortoisebot_Warehouse_SLAM/install/tortoisebot_control/share/ament_index/resource_index/packages
[2.578s] symbolically linking /home/shashank/ROS2_Projects/Tortoisebot_Warehouse_SLAM/build/tortoisebot_control/resource/tortoisebot_control -> /home/shashank/ROS2_Projects/Tortoisebot_Warehouse_SLAM/install/tortoisebot_control/share/ament_index/resource_index/packages
[2.578s] symbolically linking /home/shashank/ROS2_Projects/Tortoisebot_Warehouse_SLAM/build/tortoisebot_control/package.xml -> /home/shashank/ROS2_Projects/Tortoisebot_Warehouse_SLAM/install/tortoisebot_control/share/tortoisebot_control
[2.742s] Invoked command in '/home/shashank/ROS2_Projects/Tortoisebot_Warehouse_SLAM/build/tortoisebot_control' returned '0': PYTHONPATH=/home/shashank/ROS2_Projects/Tortoisebot_Warehouse_SLAM/build/tortoisebot_control/prefix_override:/usr/lib/python3/dist-packages/colcon_core/task/python/colcon_distutils_commands:/home/shashank/ROS2_Projects/Tortoisebot_Warehouse_SLAM/install/tortoisebot_control/lib/python3.10/site-packages:${PYTHONPATH} /usr/bin/python3 -W ignore:setup.py install is deprecated -W ignore:easy_install command is deprecated setup.py develop --editable --build-directory /home/shashank/ROS2_Projects/Tortoisebot_Warehouse_SLAM/build/tortoisebot_control/build --no-deps symlink_data
