[0.693s] Invoking command in '/home/shashank/ROS2_Projects/Rigbetellabs/build/v4l2_camera': CMAKE_PREFIX_PATH=${CMAKE_PREFIX_PATH}:/home/shashank/ROS2_Projects/Rigbetellabs/install/tortoisebot_control:/home/shashank/ROS2_Projects/Rigbetellabs/install/scan_merger:/home/shashank/ROS2_Projects/Rigbetellabs/install/cartographer_multi_robot:/opt/ros/humble /usr/bin/cmake /home/shashank/ROS2_Projects/Rigbetellabs/src/tortoisebot/v4l2_camera -DAMENT_CMAKE_SYMLINK_INSTALL=1 -DCMAKE_INSTALL_PREFIX=/home/shashank/ROS2_Projects/Rigbetellabs/install/v4l2_camera
[0.769s] -- The C compiler identification is GNU 11.4.0
[0.853s] -- The CXX compiler identification is GNU 11.4.0
[0.862s] -- Detecting C compiler ABI info
[0.962s] -- Detecting C compiler ABI info - done
[0.976s] -- Check for working C compiler: /usr/bin/cc - skipped
[0.976s] -- Detecting C compile features
[0.977s] -- Detecting C compile features - done
[0.981s] -- Detecting CXX compiler ABI info
[1.106s] -- Detecting CXX compiler ABI info - done
[1.116s] -- Check for working CXX compiler: /usr/bin/c++ - skipped
[1.117s] -- Detecting CXX compile features
[1.118s] -- Detecting CXX compile features - done
[1.122s] -- Found ament_cmake: 1.3.11 (/opt/ros/humble/share/ament_cmake/cmake)
[1.375s] -- Found Python3: /usr/bin/python3 (found version "3.10.12") found components: Interpreter 
[1.458s] -- Override CMake install command with custom implementation using symlinks instead of copying resources
[1.512s] -- Found ament_cmake_ros: 0.10.0 (/opt/ros/humble/share/ament_cmake_ros/cmake)
[1.527s] -- Found rclcpp: 16.0.12 (/opt/ros/humble/share/rclcpp/cmake)
[1.610s] -- Found rosidl_generator_c: 3.1.6 (/opt/ros/humble/share/rosidl_generator_c/cmake)
[1.621s] -- Found rosidl_adapter: 3.1.6 (/opt/ros/humble/share/rosidl_adapter/cmake)
[1.637s] -- Found rosidl_generator_cpp: 3.1.6 (/opt/ros/humble/share/rosidl_generator_cpp/cmake)
[1.660s] -- Using all available rosidl_typesupport_c: rosidl_typesupport_fastrtps_c;rosidl_typesupport_introspection_c
[1.691s] -- Using all available rosidl_typesupport_cpp: rosidl_typesupport_fastrtps_cpp;rosidl_typesupport_introspection_cpp
[1.835s] -- Found rmw_implementation_cmake: 6.1.2 (/opt/ros/humble/share/rmw_implementation_cmake/cmake)
[1.852s] -- Found rmw_fastrtps_cpp: 6.2.7 (/opt/ros/humble/share/rmw_fastrtps_cpp/cmake)
[2.325s] -- Found OpenSSL: /usr/lib/x86_64-linux-gnu/libcrypto.so (found version "3.0.2")  
[2.512s] -- Found FastRTPS: /opt/ros/humble/include  
[2.686s] -- Using RMW implementation 'rmw_fastrtps_cpp' as default
[2.708s] -- Looking for pthread.h
[2.875s] -- Looking for pthread.h - found
[2.875s] -- Performing Test CMAKE_HAVE_LIBC_PTHREAD
[3.014s] -- Performing Test CMAKE_HAVE_LIBC_PTHREAD - Success
[3.015s] -- Found Threads: TRUE  
[3.116s] -- Found rclcpp_components: 16.0.12 (/opt/ros/humble/share/rclcpp_components/cmake)
[3.171s] -- Found camera_info_manager: 3.1.11 (/opt/ros/humble/share/camera_info_manager/cmake)
[3.226s] -- Found cv_bridge: 3.2.1 (/opt/ros/humble/share/cv_bridge/cmake)
[3.241s] -- Found image_transport: 3.1.11 (/opt/ros/humble/share/image_transport/cmake)
[3.278s] -- Found ament_lint_auto: 0.12.12 (/opt/ros/humble/share/ament_lint_auto/cmake)
[3.377s] -- Added test 'cppcheck' to perform static code analysis on C / C++ code
[3.377s] -- Configured cppcheck include dirs: $<BUILD_INTERFACE:/home/shashank/ROS2_Projects/Rigbetellabs/src/tortoisebot/v4l2_camera/include>
[3.377s] -- Configured cppcheck exclude dirs and/or files: 
[3.379s] -- Added test 'cpplint' to check C / C++ code against the Google style
[3.379s] -- Configured cpplint exclude dirs and/or files: 
[3.380s] -- Added test 'lint_cmake' to check CMake code style
[3.382s] -- Added test 'uncrustify' to check C / C++ code style
[3.382s] -- Configured uncrustify additional arguments: 
[3.383s] -- Added test 'xmllint' to check XML markup files
[3.387s] -- Configuring done
[3.410s] -- Generating done
[3.417s] -- Build files have been written to: /home/shashank/ROS2_Projects/Rigbetellabs/build/v4l2_camera
[3.434s] Invoked command in '/home/shashank/ROS2_Projects/Rigbetellabs/build/v4l2_camera' returned '0': CMAKE_PREFIX_PATH=${CMAKE_PREFIX_PATH}:/home/shashank/ROS2_Projects/Rigbetellabs/install/tortoisebot_control:/home/shashank/ROS2_Projects/Rigbetellabs/install/scan_merger:/home/shashank/ROS2_Projects/Rigbetellabs/install/cartographer_multi_robot:/opt/ros/humble /usr/bin/cmake /home/shashank/ROS2_Projects/Rigbetellabs/src/tortoisebot/v4l2_camera -DAMENT_CMAKE_SYMLINK_INSTALL=1 -DCMAKE_INSTALL_PREFIX=/home/shashank/ROS2_Projects/Rigbetellabs/install/v4l2_camera
[3.436s] Invoking command in '/home/shashank/ROS2_Projects/Rigbetellabs/build/v4l2_camera': CMAKE_PREFIX_PATH=${CMAKE_PREFIX_PATH}:/home/shashank/ROS2_Projects/Rigbetellabs/install/tortoisebot_control:/home/shashank/ROS2_Projects/Rigbetellabs/install/scan_merger:/home/shashank/ROS2_Projects/Rigbetellabs/install/cartographer_multi_robot:/opt/ros/humble /usr/bin/cmake --build /home/shashank/ROS2_Projects/Rigbetellabs/build/v4l2_camera -- -j16 -l16
[3.491s] [ 37%] [32mBuilding CXX object CMakeFiles/v4l2_camera.dir/src/parameters.cpp.o[0m
[3.491s] [ 37%] [32mBuilding CXX object CMakeFiles/v4l2_camera.dir/src/v4l2_camera.cpp.o[0m
[3.491s] [ 37%] [32mBuilding CXX object CMakeFiles/v4l2_camera.dir/src/v4l2_camera_device.cpp.o[0m
[12.054s] [ 50%] [32m[1mLinking CXX shared library libv4l2_camera.so[0m
[12.468s] [ 50%] Built target v4l2_camera
[12.488s] [ 75%] [32mBuilding CXX object CMakeFiles/v4l2_camera_compose_test.dir/src/v4l2_camera_compose_test.cpp.o[0m
[12.488s] [ 75%] [32mBuilding CXX object CMakeFiles/v4l2_camera_node.dir/src/v4l2_camera_node.cpp.o[0m
[15.154s] [ 87%] [32m[1mLinking CXX executable v4l2_camera_node[0m
[15.543s] [ 87%] Built target v4l2_camera_node
[19.402s] [100%] [32m[1mLinking CXX executable v4l2_camera_compose_test[0m
[19.956s] [100%] Built target v4l2_camera_compose_test
[19.967s] Invoked command in '/home/shashank/ROS2_Projects/Rigbetellabs/build/v4l2_camera' returned '0': CMAKE_PREFIX_PATH=${CMAKE_PREFIX_PATH}:/home/shashank/ROS2_Projects/Rigbetellabs/install/tortoisebot_control:/home/shashank/ROS2_Projects/Rigbetellabs/install/scan_merger:/home/shashank/ROS2_Projects/Rigbetellabs/install/cartographer_multi_robot:/opt/ros/humble /usr/bin/cmake --build /home/shashank/ROS2_Projects/Rigbetellabs/build/v4l2_camera -- -j16 -l16
[19.969s] Invoking command in '/home/shashank/ROS2_Projects/Rigbetellabs/build/v4l2_camera': CMAKE_PREFIX_PATH=${CMAKE_PREFIX_PATH}:/home/shashank/ROS2_Projects/Rigbetellabs/install/tortoisebot_control:/home/shashank/ROS2_Projects/Rigbetellabs/install/scan_merger:/home/shashank/ROS2_Projects/Rigbetellabs/install/cartographer_multi_robot:/opt/ros/humble /usr/bin/cmake --install /home/shashank/ROS2_Projects/Rigbetellabs/build/v4l2_camera
[19.975s] -- Install configuration: ""
[19.975s] -- Execute custom install script
[19.976s] -- Symlinking: /home/shashank/ROS2_Projects/Rigbetellabs/install/v4l2_camera/include/v4l2_camera/control.hpp
[19.984s] -- Symlinking: /home/shashank/ROS2_Projects/Rigbetellabs/install/v4l2_camera/include/v4l2_camera/fourcc.hpp
[19.992s] -- Symlinking: /home/shashank/ROS2_Projects/Rigbetellabs/install/v4l2_camera/include/v4l2_camera/image_format.hpp
[20.000s] -- Symlinking: /home/shashank/ROS2_Projects/Rigbetellabs/install/v4l2_camera/include/v4l2_camera/parameters.hpp
[20.008s] -- Symlinking: /home/shashank/ROS2_Projects/Rigbetellabs/install/v4l2_camera/include/v4l2_camera/pixel_format.hpp
[20.016s] -- Symlinking: /home/shashank/ROS2_Projects/Rigbetellabs/install/v4l2_camera/include/v4l2_camera/v4l2_camera.hpp
[20.024s] -- Symlinking: /home/shashank/ROS2_Projects/Rigbetellabs/install/v4l2_camera/include/v4l2_camera/v4l2_camera_device.hpp
[20.032s] -- Symlinking: /home/shashank/ROS2_Projects/Rigbetellabs/install/v4l2_camera/include/v4l2_camera/visibility_control.h
[20.040s] -- Symlinking: /home/shashank/ROS2_Projects/Rigbetellabs/install/v4l2_camera/share/v4l2_camera/environment/library_path.sh
[20.049s] -- Symlinking: /home/shashank/ROS2_Projects/Rigbetellabs/install/v4l2_camera/share/v4l2_camera/environment/library_path.dsv
[20.056s] -- Symlinking: /home/shashank/ROS2_Projects/Rigbetellabs/install/v4l2_camera/share/ament_index/resource_index/package_run_dependencies/v4l2_camera
[20.064s] -- Symlinking: /home/shashank/ROS2_Projects/Rigbetellabs/install/v4l2_camera/share/ament_index/resource_index/parent_prefix_path/v4l2_camera
[20.073s] -- Symlinking: /home/shashank/ROS2_Projects/Rigbetellabs/install/v4l2_camera/share/v4l2_camera/environment/ament_prefix_path.sh
[20.081s] -- Symlinking: /home/shashank/ROS2_Projects/Rigbetellabs/install/v4l2_camera/share/v4l2_camera/environment/ament_prefix_path.dsv
[20.088s] -- Symlinking: /home/shashank/ROS2_Projects/Rigbetellabs/install/v4l2_camera/share/v4l2_camera/environment/path.sh
[20.096s] -- Symlinking: /home/shashank/ROS2_Projects/Rigbetellabs/install/v4l2_camera/share/v4l2_camera/environment/path.dsv
[20.104s] -- Symlinking: /home/shashank/ROS2_Projects/Rigbetellabs/install/v4l2_camera/share/v4l2_camera/local_setup.bash
[20.112s] -- Symlinking: /home/shashank/ROS2_Projects/Rigbetellabs/install/v4l2_camera/share/v4l2_camera/local_setup.sh
[20.120s] -- Symlinking: /home/shashank/ROS2_Projects/Rigbetellabs/install/v4l2_camera/share/v4l2_camera/local_setup.zsh
[20.128s] -- Symlinking: /home/shashank/ROS2_Projects/Rigbetellabs/install/v4l2_camera/share/v4l2_camera/local_setup.dsv
[20.137s] -- Symlinking: /home/shashank/ROS2_Projects/Rigbetellabs/install/v4l2_camera/share/v4l2_camera/package.dsv
[20.145s] -- Symlinking: /home/shashank/ROS2_Projects/Rigbetellabs/install/v4l2_camera/share/ament_index/resource_index/packages/v4l2_camera
[20.153s] -- Symlinking: /home/shashank/ROS2_Projects/Rigbetellabs/install/v4l2_camera/share/ament_index/resource_index/rclcpp_components/v4l2_camera
[20.161s] -- Symlinking: /home/shashank/ROS2_Projects/Rigbetellabs/install/v4l2_camera/share/v4l2_camera/cmake/ament_cmake_export_include_directories-extras.cmake
[20.170s] -- Symlinking: /home/shashank/ROS2_Projects/Rigbetellabs/install/v4l2_camera/share/v4l2_camera/cmake/ament_cmake_export_targets-extras.cmake
[20.178s] -- Symlinking: /home/shashank/ROS2_Projects/Rigbetellabs/install/v4l2_camera/share/v4l2_camera/cmake/ament_cmake_export_libraries-extras.cmake
[20.187s] -- Symlinking: /home/shashank/ROS2_Projects/Rigbetellabs/install/v4l2_camera/share/v4l2_camera/cmake/ament_cmake_export_dependencies-extras.cmake
[20.195s] -- Symlinking: /home/shashank/ROS2_Projects/Rigbetellabs/install/v4l2_camera/share/v4l2_camera/cmake/v4l2_cameraConfig.cmake
[20.204s] -- Symlinking: /home/shashank/ROS2_Projects/Rigbetellabs/install/v4l2_camera/share/v4l2_camera/cmake/v4l2_cameraConfig-version.cmake
[20.212s] -- Symlinking: /home/shashank/ROS2_Projects/Rigbetellabs/install/v4l2_camera/share/v4l2_camera/package.xml
[20.220s] -- Installing: /home/shashank/ROS2_Projects/Rigbetellabs/install/v4l2_camera/lib/libv4l2_camera.so
[20.228s] -- Set runtime path of "/home/shashank/ROS2_Projects/Rigbetellabs/install/v4l2_camera/lib/libv4l2_camera.so" to ""
[20.228s] -- Installing: /home/shashank/ROS2_Projects/Rigbetellabs/install/v4l2_camera/lib/v4l2_camera/v4l2_camera_node
[20.228s] -- Set runtime path of "/home/shashank/ROS2_Projects/Rigbetellabs/install/v4l2_camera/lib/v4l2_camera/v4l2_camera_node" to ""
[20.228s] -- Installing: /home/shashank/ROS2_Projects/Rigbetellabs/install/v4l2_camera/lib/v4l2_camera/v4l2_camera_compose_test
[20.233s] -- Set runtime path of "/home/shashank/ROS2_Projects/Rigbetellabs/install/v4l2_camera/lib/v4l2_camera/v4l2_camera_compose_test" to ""
[20.233s] -- Installing: /home/shashank/ROS2_Projects/Rigbetellabs/install/v4l2_camera/share/v4l2_camera/cmake/export_v4l2_cameraExport.cmake
[20.233s] -- Installing: /home/shashank/ROS2_Projects/Rigbetellabs/install/v4l2_camera/share/v4l2_camera/cmake/export_v4l2_cameraExport-noconfig.cmake
[20.236s] Invoked command in '/home/shashank/ROS2_Projects/Rigbetellabs/build/v4l2_camera' returned '0': CMAKE_PREFIX_PATH=${CMAKE_PREFIX_PATH}:/home/shashank/ROS2_Projects/Rigbetellabs/install/tortoisebot_control:/home/shashank/ROS2_Projects/Rigbetellabs/install/scan_merger:/home/shashank/ROS2_Projects/Rigbetellabs/install/cartographer_multi_robot:/opt/ros/humble /usr/bin/cmake --install /home/shashank/ROS2_Projects/Rigbetellabs/build/v4l2_camera
