running develop
running egg_info
creating get_current_coord.egg-info
writing get_current_coord.egg-info/PKG-INFO
writing dependency_links to get_current_coord.egg-info/dependency_links.txt
writing entry points to get_current_coord.egg-info/entry_points.txt
writing requirements to get_current_coord.egg-info/requires.txt
writing top-level names to get_current_coord.egg-info/top_level.txt
writing manifest file 'get_current_coord.egg-info/SOURCES.txt'
reading manifest file 'get_current_coord.egg-info/SOURCES.txt'
writing manifest file 'get_current_coord.egg-info/SOURCES.txt'
running build_ext
Creating /home/shashank/ROS2_Projects/Tortoisebot_Warehouse_SLAM/install/get_current_coord/lib/python3.10/site-packages/get-current-coord.egg-link (link to .)
Installing get_coord script to /home/shashank/ROS2_Projects/Tortoisebot_Warehouse_SLAM/install/get_current_coord/lib/get_current_coord

Installed /home/shashank/ROS2_Projects/Tortoisebot_Warehouse_SLAM/build/get_current_coord
running symlink_data
creating /home/shashank/ROS2_Projects/Tortoisebot_Warehouse_SLAM/install/get_current_coord/share/ament_index
creating /home/shashank/ROS2_Projects/Tortoisebot_Warehouse_SLAM/install/get_current_coord/share/ament_index/resource_index
creating /home/shashank/ROS2_Projects/Tortoisebot_Warehouse_SLAM/install/get_current_coord/share/ament_index/resource_index/packages
symbolically linking /home/shashank/ROS2_Projects/Tortoisebot_Warehouse_SLAM/build/get_current_coord/resource/get_current_coord -> /home/shashank/ROS2_Projects/Tortoisebot_Warehouse_SLAM/install/get_current_coord/share/ament_index/resource_index/packages
symbolically linking /home/shashank/ROS2_Projects/Tortoisebot_Warehouse_SLAM/build/get_current_coord/package.xml -> /home/shashank/ROS2_Projects/Tortoisebot_Warehouse_SLAM/install/get_current_coord/share/get_current_coord
