[0.654s] Invoking command in '/home/shashank/ROS2_Projects/Tortoisebot_Warehouse_SLAM/build/tortoisebot_imu': CMAKE_PREFIX_PATH=${CMAKE_PREFIX_PATH}:/home/shashank/ROS2_Projects/Tortoisebot_Warehouse_SLAM/install/tortoisebot_control:/home/shashank/ROS2_Projects/Tortoisebot_Warehouse_SLAM/install/scan_merger:/home/shashank/ROS2_Projects/Tortoisebot_Warehouse_SLAM/install/cartographer_multi_robot:/opt/ros/humble /usr/bin/cmake /home/shashank/ROS2_Projects/Tortoisebot_Warehouse_SLAM/src/tortoisebot/tortoisebot_imu -DAMENT_CMAKE_SYMLINK_INSTALL=1 -DCMAKE_INSTALL_PREFIX=/home/shashank/ROS2_Projects/Tortoisebot_Warehouse_SLAM/install/tortoisebot_imu
[0.722s] -- The C compiler identification is GNU 11.4.0
[0.804s] -- The CXX compiler identification is GNU 11.4.0
[0.817s] -- Detecting C compiler ABI info
[0.911s] -- Detecting C compiler ABI info - done
[0.924s] -- Check for working C compiler: /usr/bin/cc - skipped
[0.924s] -- Detecting C compile features
[0.925s] -- Detecting C compile features - done
[0.929s] -- Detecting CXX compiler ABI info
[1.048s] -- Detecting CXX compiler ABI info - done
[1.060s] -- Check for working CXX compiler: /usr/bin/c++ - skipped
[1.060s] -- Detecting CXX compile features
[1.061s] -- Detecting CXX compile features - done
[1.065s] -- Found ament_cmake: 1.3.11 (/opt/ros/humble/share/ament_cmake/cmake)
[1.303s] -- Found Python3: /usr/bin/python3 (found version "3.10.12") found components: Interpreter 
[1.404s] -- Override CMake install command with custom implementation using symlinks instead of copying resources
[1.450s] -- Found ament_lint_auto: 0.12.12 (/opt/ros/humble/share/ament_lint_auto/cmake)
[1.550s] -- Added test 'flake8' to check Python code syntax and style conventions
[1.551s] -- Added test 'lint_cmake' to check CMake code style
[1.552s] -- Added test 'pep257' to check Python code against some of the docstring style conventions in PEP 257
[1.553s] -- Added test 'xmllint' to check XML markup files
[1.556s] -- Configuring done
[1.560s] -- Generating done
[1.562s] -- Build files have been written to: /home/shashank/ROS2_Projects/Tortoisebot_Warehouse_SLAM/build/tortoisebot_imu
[1.571s] Invoked command in '/home/shashank/ROS2_Projects/Tortoisebot_Warehouse_SLAM/build/tortoisebot_imu' returned '0': CMAKE_PREFIX_PATH=${CMAKE_PREFIX_PATH}:/home/shashank/ROS2_Projects/Tortoisebot_Warehouse_SLAM/install/tortoisebot_control:/home/shashank/ROS2_Projects/Tortoisebot_Warehouse_SLAM/install/scan_merger:/home/shashank/ROS2_Projects/Tortoisebot_Warehouse_SLAM/install/cartographer_multi_robot:/opt/ros/humble /usr/bin/cmake /home/shashank/ROS2_Projects/Tortoisebot_Warehouse_SLAM/src/tortoisebot/tortoisebot_imu -DAMENT_CMAKE_SYMLINK_INSTALL=1 -DCMAKE_INSTALL_PREFIX=/home/shashank/ROS2_Projects/Tortoisebot_Warehouse_SLAM/install/tortoisebot_imu
[1.572s] Invoking command in '/home/shashank/ROS2_Projects/Tortoisebot_Warehouse_SLAM/build/tortoisebot_imu': CMAKE_PREFIX_PATH=${CMAKE_PREFIX_PATH}:/home/shashank/ROS2_Projects/Tortoisebot_Warehouse_SLAM/install/tortoisebot_control:/home/shashank/ROS2_Projects/Tortoisebot_Warehouse_SLAM/install/scan_merger:/home/shashank/ROS2_Projects/Tortoisebot_Warehouse_SLAM/install/cartographer_multi_robot:/opt/ros/humble /usr/bin/cmake --build /home/shashank/ROS2_Projects/Tortoisebot_Warehouse_SLAM/build/tortoisebot_imu -- -j16 -l16
[1.626s] Invoked command in '/home/shashank/ROS2_Projects/Tortoisebot_Warehouse_SLAM/build/tortoisebot_imu' returned '0': CMAKE_PREFIX_PATH=${CMAKE_PREFIX_PATH}:/home/shashank/ROS2_Projects/Tortoisebot_Warehouse_SLAM/install/tortoisebot_control:/home/shashank/ROS2_Projects/Tortoisebot_Warehouse_SLAM/install/scan_merger:/home/shashank/ROS2_Projects/Tortoisebot_Warehouse_SLAM/install/cartographer_multi_robot:/opt/ros/humble /usr/bin/cmake --build /home/shashank/ROS2_Projects/Tortoisebot_Warehouse_SLAM/build/tortoisebot_imu -- -j16 -l16
[1.629s] Invoking command in '/home/shashank/ROS2_Projects/Tortoisebot_Warehouse_SLAM/build/tortoisebot_imu': CMAKE_PREFIX_PATH=${CMAKE_PREFIX_PATH}:/home/shashank/ROS2_Projects/Tortoisebot_Warehouse_SLAM/install/tortoisebot_control:/home/shashank/ROS2_Projects/Tortoisebot_Warehouse_SLAM/install/scan_merger:/home/shashank/ROS2_Projects/Tortoisebot_Warehouse_SLAM/install/cartographer_multi_robot:/opt/ros/humble /usr/bin/cmake --install /home/shashank/ROS2_Projects/Tortoisebot_Warehouse_SLAM/build/tortoisebot_imu
[1.659s] -- Install configuration: ""
[1.659s] -- Execute custom install script
[1.659s] -- Symlinking: /home/shashank/ROS2_Projects/Tortoisebot_Warehouse_SLAM/install/tortoisebot_imu/lib/tortoisebot_imu/imu_node.py
[1.659s] -- Symlinking: /home/shashank/ROS2_Projects/Tortoisebot_Warehouse_SLAM/install/tortoisebot_imu/share/ament_index/resource_index/package_run_dependencies/tortoisebot_imu
[1.678s] -- Symlinking: /home/shashank/ROS2_Projects/Tortoisebot_Warehouse_SLAM/install/tortoisebot_imu/share/ament_index/resource_index/parent_prefix_path/tortoisebot_imu
[1.683s] -- Symlinking: /home/shashank/ROS2_Projects/Tortoisebot_Warehouse_SLAM/install/tortoisebot_imu/share/tortoisebot_imu/environment/ament_prefix_path.sh
[1.709s] -- Symlinking: /home/shashank/ROS2_Projects/Tortoisebot_Warehouse_SLAM/install/tortoisebot_imu/share/tortoisebot_imu/environment/ament_prefix_path.dsv
[1.738s] -- Symlinking: /home/shashank/ROS2_Projects/Tortoisebot_Warehouse_SLAM/install/tortoisebot_imu/share/tortoisebot_imu/environment/path.sh
[1.764s] -- Symlinking: /home/shashank/ROS2_Projects/Tortoisebot_Warehouse_SLAM/install/tortoisebot_imu/share/tortoisebot_imu/environment/path.dsv
[1.799s] -- Symlinking: /home/shashank/ROS2_Projects/Tortoisebot_Warehouse_SLAM/install/tortoisebot_imu/share/tortoisebot_imu/local_setup.bash
[1.839s] -- Symlinking: /home/shashank/ROS2_Projects/Tortoisebot_Warehouse_SLAM/install/tortoisebot_imu/share/tortoisebot_imu/local_setup.sh
[1.875s] -- Symlinking: /home/shashank/ROS2_Projects/Tortoisebot_Warehouse_SLAM/install/tortoisebot_imu/share/tortoisebot_imu/local_setup.zsh
[1.908s] -- Symlinking: /home/shashank/ROS2_Projects/Tortoisebot_Warehouse_SLAM/install/tortoisebot_imu/share/tortoisebot_imu/local_setup.dsv
[1.941s] -- Symlinking: /home/shashank/ROS2_Projects/Tortoisebot_Warehouse_SLAM/install/tortoisebot_imu/share/tortoisebot_imu/package.dsv
[1.972s] -- Symlinking: /home/shashank/ROS2_Projects/Tortoisebot_Warehouse_SLAM/install/tortoisebot_imu/share/ament_index/resource_index/packages/tortoisebot_imu
[2.004s] -- Symlinking: /home/shashank/ROS2_Projects/Tortoisebot_Warehouse_SLAM/install/tortoisebot_imu/share/tortoisebot_imu/cmake/tortoisebot_imuConfig.cmake
[2.035s] -- Symlinking: /home/shashank/ROS2_Projects/Tortoisebot_Warehouse_SLAM/install/tortoisebot_imu/share/tortoisebot_imu/cmake/tortoisebot_imuConfig-version.cmake
[2.071s] -- Symlinking: /home/shashank/ROS2_Projects/Tortoisebot_Warehouse_SLAM/install/tortoisebot_imu/share/tortoisebot_imu/package.xml
[2.114s] Invoked command in '/home/shashank/ROS2_Projects/Tortoisebot_Warehouse_SLAM/build/tortoisebot_imu' returned '0': CMAKE_PREFIX_PATH=${CMAKE_PREFIX_PATH}:/home/shashank/ROS2_Projects/Tortoisebot_Warehouse_SLAM/install/tortoisebot_control:/home/shashank/ROS2_Projects/Tortoisebot_Warehouse_SLAM/install/scan_merger:/home/shashank/ROS2_Projects/Tortoisebot_Warehouse_SLAM/install/cartographer_multi_robot:/opt/ros/humble /usr/bin/cmake --install /home/shashank/ROS2_Projects/Tortoisebot_Warehouse_SLAM/build/tortoisebot_imu
