[0.742s] Invoking command in '/home/shashank/ROS2_Projects/Tortoisebot_Warehouse_SLAM/build/tortoisebot_slam': CMAKE_PREFIX_PATH=/opt/ros/humble /usr/bin/cmake /home/shashank/ROS2_Projects/Tortoisebot_Warehouse_SLAM/src/tortoisebot_swarmrobot/tortoisebot_slam -DAMENT_CMAKE_SYMLINK_INSTALL=1 -DCMAKE_INSTALL_PREFIX=/home/shashank/ROS2_Projects/Tortoisebot_Warehouse_SLAM/install/tortoisebot_slam
[0.834s] -- The C compiler identification is GNU 11.4.0
[0.943s] -- The CXX compiler identification is GNU 11.4.0
[0.951s] -- Detecting C compiler ABI info
[1.082s] -- Detecting C compiler ABI info - done
[1.093s] -- Check for working C compiler: /usr/bin/cc - skipped
[1.093s] -- Detecting C compile features
[1.094s] -- Detecting C compile features - done
[1.103s] -- Detecting CXX compiler ABI info
[1.248s] -- Detecting CXX compiler ABI info - done
[1.262s] -- Check for working CXX compiler: /usr/bin/c++ - skipped
[1.262s] -- Detecting CXX compile features
[1.262s] -- Detecting CXX compile features - done
[1.267s] -- Found ament_cmake: 1.3.11 (/opt/ros/humble/share/ament_cmake/cmake)
[1.566s] -- Found Python3: /usr/bin/python3 (found version "3.10.12") found components: Interpreter 
[1.667s] -- Override CMake install command with custom implementation using symlinks instead of copying resources
[1.714s] -- Found ament_lint_auto: 0.12.12 (/opt/ros/humble/share/ament_lint_auto/cmake)
[1.845s] -- Added test 'copyright' to check source files copyright and LICENSE
[1.849s] -- Added test 'flake8' to check Python code syntax and style conventions
[1.849s] -- Added test 'lint_cmake' to check CMake code style
[1.849s] -- Added test 'pep257' to check Python code against some of the docstring style conventions in PEP 257
[1.854s] -- Added test 'xmllint' to check XML markup files
[1.855s] -- Configuring done
[1.860s] -- Generating done
[1.864s] -- Build files have been written to: /home/shashank/ROS2_Projects/Tortoisebot_Warehouse_SLAM/build/tortoisebot_slam
[1.874s] Invoked command in '/home/shashank/ROS2_Projects/Tortoisebot_Warehouse_SLAM/build/tortoisebot_slam' returned '0': CMAKE_PREFIX_PATH=/opt/ros/humble /usr/bin/cmake /home/shashank/ROS2_Projects/Tortoisebot_Warehouse_SLAM/src/tortoisebot_swarmrobot/tortoisebot_slam -DAMENT_CMAKE_SYMLINK_INSTALL=1 -DCMAKE_INSTALL_PREFIX=/home/shashank/ROS2_Projects/Tortoisebot_Warehouse_SLAM/install/tortoisebot_slam
[1.877s] Invoking command in '/home/shashank/ROS2_Projects/Tortoisebot_Warehouse_SLAM/build/tortoisebot_slam': CMAKE_PREFIX_PATH=/opt/ros/humble /usr/bin/cmake --build /home/shashank/ROS2_Projects/Tortoisebot_Warehouse_SLAM/build/tortoisebot_slam -- -j16 -l16
[2.031s] Invoked command in '/home/shashank/ROS2_Projects/Tortoisebot_Warehouse_SLAM/build/tortoisebot_slam' returned '0': CMAKE_PREFIX_PATH=/opt/ros/humble /usr/bin/cmake --build /home/shashank/ROS2_Projects/Tortoisebot_Warehouse_SLAM/build/tortoisebot_slam -- -j16 -l16
[2.045s] Invoking command in '/home/shashank/ROS2_Projects/Tortoisebot_Warehouse_SLAM/build/tortoisebot_slam': CMAKE_PREFIX_PATH=/opt/ros/humble /usr/bin/cmake --install /home/shashank/ROS2_Projects/Tortoisebot_Warehouse_SLAM/build/tortoisebot_slam
[2.718s] -- Install configuration: ""
[2.718s] -- Execute custom install script
[2.718s] -- Symlinking: /home/shashank/ROS2_Projects/Tortoisebot_Warehouse_SLAM/install/tortoisebot_slam/share/tortoisebot_slam/launch/cartographer.launch.py
[2.719s] -- Symlinking: /home/shashank/ROS2_Projects/Tortoisebot_Warehouse_SLAM/install/tortoisebot_slam/share/tortoisebot_slam/config/ekf.yaml
[2.719s] -- Symlinking: /home/shashank/ROS2_Projects/Tortoisebot_Warehouse_SLAM/install/tortoisebot_slam/share/tortoisebot_slam/config/slam.lua
[2.719s] -- Symlinking: /home/shashank/ROS2_Projects/Tortoisebot_Warehouse_SLAM/install/tortoisebot_slam/share/ament_index/resource_index/package_run_dependencies/tortoisebot_slam
[2.719s] -- Symlinking: /home/shashank/ROS2_Projects/Tortoisebot_Warehouse_SLAM/install/tortoisebot_slam/share/ament_index/resource_index/parent_prefix_path/tortoisebot_slam
[2.719s] -- Symlinking: /home/shashank/ROS2_Projects/Tortoisebot_Warehouse_SLAM/install/tortoisebot_slam/share/tortoisebot_slam/environment/ament_prefix_path.sh
[2.719s] -- Symlinking: /home/shashank/ROS2_Projects/Tortoisebot_Warehouse_SLAM/install/tortoisebot_slam/share/tortoisebot_slam/environment/ament_prefix_path.dsv
[2.719s] -- Symlinking: /home/shashank/ROS2_Projects/Tortoisebot_Warehouse_SLAM/install/tortoisebot_slam/share/tortoisebot_slam/environment/path.sh
[2.719s] -- Symlinking: /home/shashank/ROS2_Projects/Tortoisebot_Warehouse_SLAM/install/tortoisebot_slam/share/tortoisebot_slam/environment/path.dsv
[2.720s] -- Symlinking: /home/shashank/ROS2_Projects/Tortoisebot_Warehouse_SLAM/install/tortoisebot_slam/share/tortoisebot_slam/local_setup.bash
[2.720s] -- Symlinking: /home/shashank/ROS2_Projects/Tortoisebot_Warehouse_SLAM/install/tortoisebot_slam/share/tortoisebot_slam/local_setup.sh
[2.720s] -- Symlinking: /home/shashank/ROS2_Projects/Tortoisebot_Warehouse_SLAM/install/tortoisebot_slam/share/tortoisebot_slam/local_setup.zsh
[2.720s] -- Symlinking: /home/shashank/ROS2_Projects/Tortoisebot_Warehouse_SLAM/install/tortoisebot_slam/share/tortoisebot_slam/local_setup.dsv
[2.720s] -- Symlinking: /home/shashank/ROS2_Projects/Tortoisebot_Warehouse_SLAM/install/tortoisebot_slam/share/tortoisebot_slam/package.dsv
[2.720s] -- Symlinking: /home/shashank/ROS2_Projects/Tortoisebot_Warehouse_SLAM/install/tortoisebot_slam/share/ament_index/resource_index/packages/tortoisebot_slam
[2.748s] -- Symlinking: /home/shashank/ROS2_Projects/Tortoisebot_Warehouse_SLAM/install/tortoisebot_slam/share/tortoisebot_slam/cmake/tortoisebot_slamConfig.cmake
[2.803s] -- Symlinking: /home/shashank/ROS2_Projects/Tortoisebot_Warehouse_SLAM/install/tortoisebot_slam/share/tortoisebot_slam/cmake/tortoisebot_slamConfig-version.cmake
[2.818s] -- Symlinking: /home/shashank/ROS2_Projects/Tortoisebot_Warehouse_SLAM/install/tortoisebot_slam/share/tortoisebot_slam/package.xml
[2.912s] Invoked command in '/home/shashank/ROS2_Projects/Tortoisebot_Warehouse_SLAM/build/tortoisebot_slam' returned '0': CMAKE_PREFIX_PATH=/opt/ros/humble /usr/bin/cmake --install /home/shashank/ROS2_Projects/Tortoisebot_Warehouse_SLAM/build/tortoisebot_slam
